Log file open, 01/20/19 13:52:15
LogWindows: Failed to load 'aqProf.dll' (GetLastError=126)
LogWindows: File 'aqProf.dll' does not exist
LogWindows: Failed to load 'VtuneApi.dll' (GetLastError=126)
LogWindows: File 'VtuneApi.dll' does not exist
LogWindows: Failed to load 'VtuneApi32e.dll' (GetLastError=126)
LogWindows: File 'VtuneApi32e.dll' does not exist
LogConsoleResponse: Display: Failed to find resolution value strings in scalability ini. Falling back to default.
LogInit: Display: Running engine for game: twod_side_scroller
LogPakFile: Registered encryption key '00000000000000000000000000000000': 0 pak files mounted, 0 remain pending
LogPlatformFile: Not using cached read wrapper
LogTaskGraph: Started task graph with 5 named threads and 14 total threads with 3 sets of task threads.
LogStats: Stats thread started at 0.284120
LogD3D11RHI: Loaded GFSDK_Aftermath_Lib.x64.dll
LogICUInternationalization: ICU TimeZone Detection - Raw Offset: +1:00, Platform Override: ''
LogPluginManager: Mounting plugin Paper2D
LogPluginManager: Mounting plugin AISupport
LogPluginManager: Mounting plugin LightPropagationVolume
LogPluginManager: Mounting plugin ActorLayerUtilities
LogPluginManager: Mounting plugin CLionSourceCodeAccess
LogPluginManager: Mounting plugin CodeLiteSourceCodeAccess
LogPluginManager: Mounting plugin GitSourceControl
LogPluginManager: Mounting plugin KDevelopSourceCodeAccess
LogPluginManager: Mounting plugin NullSourceCodeAccess
LogPluginManager: Mounting plugin PerforceSourceControl
LogPluginManager: Mounting plugin SubversionSourceControl
LogPluginManager: Mounting plugin UObjectPlugin
LogPluginManager: Mounting plugin VisualStudioCodeSourceCodeAccess
LogPluginManager: Mounting plugin VisualStudioSourceCodeAccess
LogPluginManager: Mounting plugin XCodeSourceCodeAccess
LogPluginManager: Mounting plugin AssetManagerEditor
LogPluginManager: Mounting plugin CryptoKeys
LogPluginManager: Mounting plugin DataValidation
LogPluginManager: Mounting plugin FacialAnimation
LogPluginManager: Mounting plugin GameplayTagsEditor
LogPluginManager: Mounting plugin MacGraphicsSwitching
LogPluginManager: Mounting plugin MeshEditor
LogPluginManager: Mounting plugin MobileLauncherProfileWizard
LogPluginManager: Mounting plugin PluginBrowser
LogPluginManager: Mounting plugin SpeedTreeImporter
LogPluginManager: Mounting plugin DatasmithContent
LogPluginManager: Mounting plugin VariantManagerContent
LogPluginManager: Mounting plugin AlembicImporter
LogPluginManager: Mounting plugin AppleImageUtils
LogPluginManager: Mounting plugin AppleVision
LogPluginManager: Mounting plugin BackChannel
LogPluginManager: Mounting plugin CharacterAI
LogPluginManager: Mounting plugin GeometryCache
LogPluginManager: Mounting plugin HTML5Networking
LogPluginManager: Mounting plugin ProxyLODPlugin
LogPluginManager: Mounting plugin MagicLeap
LogPluginManager: Mounting plugin MagicLeapMedia
LogPluginManager: Mounting plugin AndroidMedia
LogPluginManager: Mounting plugin AvfMedia
LogPluginManager: Mounting plugin ImgMedia
LogPluginManager: Mounting plugin LinearTimecode
LogPluginManager: Mounting plugin MediaCompositing
LogPluginManager: Mounting plugin MediaPlayerEditor
LogPluginManager: Mounting plugin WebMMedia
LogPluginManager: Mounting plugin WmfMedia
LogPluginManager: Mounting plugin TcpMessaging
LogPluginManager: Mounting plugin UdpMessaging
LogPluginManager: Mounting plugin ActorSequence
LogPluginManager: Mounting plugin LevelSequenceEditor
LogPluginManager: Mounting plugin MatineeToLevelSequence
LogPluginManager: Mounting plugin NetcodeUnitTest
LogPluginManager: Mounting plugin NUTUnrealEngine4
LogPluginManager: Mounting plugin OnlineSubsystemGooglePlay
LogPluginManager: Mounting plugin OnlineSubsystemIOS
LogPluginManager: Mounting plugin OnlineSubsystem
LogPluginManager: Mounting plugin OnlineSubsystemNull
LogPluginManager: Mounting plugin OnlineSubsystemUtils
LogPluginManager: Mounting plugin LauncherChunkInstaller
LogPluginManager: Mounting plugin AndroidDeviceProfileSelector
LogPluginManager: Mounting plugin AndroidMoviePlayer
LogPluginManager: Mounting plugin AndroidPermission
LogPluginManager: Mounting plugin AppleMoviePlayer
LogPluginManager: Mounting plugin ArchVisCharacter
LogPluginManager: Mounting plugin AudioCapture
LogPluginManager: Mounting plugin CableComponent
LogPluginManager: Mounting plugin CustomMeshComponent
LogPluginManager: Mounting plugin EditableMesh
LogPluginManager: Mounting plugin ExampleDeviceProfileSelector
LogPluginManager: Mounting plugin Firebase
LogPluginManager: Mounting plugin GoogleCloudMessaging
LogPluginManager: Mounting plugin IOSDeviceProfileSelector
LogPluginManager: Mounting plugin LinuxDeviceProfileSelector
LogPluginManager: Mounting plugin LocationServicesBPLibrary
LogPluginManager: Mounting plugin MobilePatchingUtils
LogPluginManager: Mounting plugin OculusVR
LogPluginManager: Mounting plugin PhysXVehicles
LogPluginManager: Mounting plugin ProceduralMeshComponent
LogPluginManager: Mounting plugin RuntimePhysXCooking
LogPluginManager: Mounting plugin SteamVR
LogPluginManager: Mounting plugin WebMMoviePlayer
LogPluginManager: Mounting plugin WindowsMoviePlayer
LogStreaming: Display: Took  1.179s to configure plugins.
LogInit: Using libcurl 7.55.1-DEV
LogInit:  - built for x86_64-pc-win32
LogInit:  - supports SSL with OpenSSL/1.0.2h
LogInit:  - supports HTTP deflate (compression) using libz 1.2.8
LogInit:  - other features:
LogInit:      CURL_VERSION_SSL
LogInit:      CURL_VERSION_LIBZ
LogInit:      CURL_VERSION_IPV6
LogInit:      CURL_VERSION_ASYNCHDNS
LogInit:      CURL_VERSION_LARGEFILE
LogInit:      CURL_VERSION_IDN
LogInit:  CurlRequestOptions (configurable via config and command line):
LogInit:  - bVerifyPeer = true  - Libcurl will verify peer certificate
LogInit:  - bUseHttpProxy = false  - Libcurl will NOT use HTTP proxy
LogInit:  - bDontReuseConnections = false  - Libcurl will reuse connections
LogInit:  - MaxHostConnections = 16  - Libcurl will limit the number of connections to a host
LogInit:  - LocalHostAddr = Default
LogInit:  - BufferSize = 65536
LogInit: WinSock: version 1.1 (2.2), MaxSocks=32767, MaxUdp=65467
LogInit: Build: ++UE4+Release-4.21-CL-4613538
LogInit: Engine Version: 4.21.1-4613538+++UE4+Release-4.21
LogInit: Compatible Engine Version: 4.21.0-4541578+++UE4+Release-4.21
LogInit: Net CL: 4541578
LogInit: OS: Windows 10 (), CPU: Intel(R) Core(TM) i5-7600 CPU @ 3.50GHz, GPU: NVIDIA GeForce GTX 960
LogInit: Compiled (64-bit): Nov 30 2018 04:13:25
LogInit: Compiled with Visual C++: 19.13.26129.00
LogInit: Build Configuration: Development
LogInit: Branch Name: ++UE4+Release-4.21
LogInit: Command Line:  -EpicPortal -epicusername=MAX-GAME -epicuserid=9dc66da4e050489a8bccca371cda8540 -epiclocale=en
LogInit: Base Directory: D:/Epic Game/UE_4.21/Engine/Binaries/Win64/
LogInit: Installed Engine Build: 1
LogDevObjectVersion: Number of dev versions registered: 22
LogDevObjectVersion:   Dev-Blueprints (B0D832E4-1F89-4F0D-ACCF-7EB736FD4AA2): 10
LogDevObjectVersion:   Dev-Build (E1C64328-A22C-4D53-A36C-8E866417BD8C): 0
LogDevObjectVersion:   Dev-Core (375EC13C-06E4-48FB-B500-84F0262A717E): 2
LogDevObjectVersion:   Dev-Editor (E4B068ED-F494-42E9-A231-DA0B2E46BB41): 26
LogDevObjectVersion:   Dev-Framework (CFFC743F-43B0-4480-9391-14DF171D2073): 34
LogDevObjectVersion:   Dev-Mobile (B02B49B5-BB20-44E9-A304-32B752E40360): 2
LogDevObjectVersion:   Dev-Networking (A4E4105C-59A1-49B5-A7C5-40C4547EDFEE): 0
LogDevObjectVersion:   Dev-Online (39C831C9-5AE6-47DC-9A44-9C173E1C8E7C): 0
LogDevObjectVersion:   Dev-Physics (78F01B33-EBEA-4F98-B9B4-84EACCB95AA2): 0
LogDevObjectVersion:   Dev-Platform (6631380F-2D4D-43E0-8009-CF276956A95A): 0
LogDevObjectVersion:   Dev-Rendering (12F88B9F-8875-4AFC-A67C-D90C383ABD29): 27
LogDevObjectVersion:   Dev-Sequencer (7B5AE74C-D270-4C10-A958-57980B212A5A): 9
LogDevObjectVersion:   Dev-VR (D7296918-1DD6-4BDD-9DE2-64A83CC13884): 2
LogDevObjectVersion:   Dev-LoadTimes (C2A15278-BFE7-4AFE-6C17-90FF531DF755): 1
LogDevObjectVersion:   Private-Geometry (6EACA3D4-40EC-4CC1-B786-8BED09428FC5): 3
LogDevObjectVersion:   Dev-AnimPhys (29E575DD-E0A3-4627-9D10-D276232CDCEA): 17
LogDevObjectVersion:   Dev-Anim (AF43A65D-7FD3-4947-9873-3E8ED9C1BB05): 2
LogDevObjectVersion:   Dev-ReflectionCapture (6B266CEC-1EC7-4B8F-A30B-E4D90942FC07): 1
LogDevObjectVersion:   Dev-Automation (0DF73D61-A23F-47EA-B727-89E90C41499A): 1
LogDevObjectVersion:   FortniteMain (601D1886-AC64-4F84-AA16-D3DE0DEAC7D6): 17
LogDevObjectVersion:   Dev-Enterprise (9DFFBCD6-494F-0158-E221-12823C92A888): 4
LogDevObjectVersion:   Dev-Niagara (F2AED0AC-9AFE-416F-8664-AA7FFA26D6FC): 1
LogStreaming: Display: Took  0.014s to delete old logs.
LogInit: Presizing for max 8388607 objects, including 0 objects not considered by GC, pre-allocating 0 bytes for permanent pool.
LogInit: Object subsystem initialized
LogConfig: Setting CVar [[con.DebugEarlyDefault:1]]
LogConfig: Setting CVar [[r.setres:1280x720]]
[2019.01.20-12.52.17:614][  0]LogConfig: Setting CVar [[r.VSync:0]]
[2019.01.20-12.52.17:614][  0]LogConfig: Setting CVar [[r.RHICmdBypass:0]]
[2019.01.20-12.52.17:614][  0]LogConfig: Applying CVar settings from Section [/Script/Engine.RendererSettings] File [D:/Playclaw5/Unreal/Github/ParallelNoteV1/Saved/Config/Windows/Engine.ini]
[2019.01.20-12.52.17:614][  0]LogConfig: Setting CVar [[r.GPUCrashDebugging:0]]
[2019.01.20-12.52.17:614][  0]LogConfig: Setting CVar [[r.MobileHDR:0]]
[2019.01.20-12.52.17:614][  0]LogConfig: Setting CVar [[r.Mobile.DisableVertexFog:1]]
[2019.01.20-12.52.17:614][  0]LogConfig: Setting CVar [[r.Shadow.CSM.MaxMobileCascades:2]]
[2019.01.20-12.52.17:614][  0]LogConfig: Setting CVar [[r.MobileMSAA:1]]
[2019.01.20-12.52.17:614][  0]LogConfig: Setting CVar [[r.Mobile.UseLegacyShadingModel:0]]
[2019.01.20-12.52.17:614][  0]LogConfig: Setting CVar [[r.Mobile.AllowDitheredLODTransition:0]]
[2019.01.20-12.52.17:614][  0]LogConfig: Setting CVar [[r.Mobile.AllowSoftwareOcclusion:0]]
[2019.01.20-12.52.17:614][  0]LogConfig: Setting CVar [[r.DiscardUnusedQuality:0]]
[2019.01.20-12.52.17:614][  0]LogConfig: Setting CVar [[r.AllowOcclusionQueries:1]]
[2019.01.20-12.52.17:614][  0]LogConfig: Setting CVar [[r.MinScreenRadiusForLights:0.030000]]
[2019.01.20-12.52.17:614][  0]LogConfig: Setting CVar [[r.MinScreenRadiusForDepthPrepass:0.030000]]
[2019.01.20-12.52.17:614][  0]LogConfig: Setting CVar [[r.MinScreenRadiusForCSMDepth:0.010000]]
[2019.01.20-12.52.17:614][  0]LogConfig: Setting CVar [[r.PrecomputedVisibilityWarning:0]]
[2019.01.20-12.52.17:614][  0]LogConfig: Setting CVar [[r.TextureStreaming:1]]
[2019.01.20-12.52.17:614][  0]LogConfig: Setting CVar [[Compat.UseDXT5NormalMaps:0]]
[2019.01.20-12.52.17:614][  0]LogConfig: Setting CVar [[r.ClearCoatNormal:0]]
[2019.01.20-12.52.17:614][  0]LogConfig: Setting CVar [[r.ReflectionCaptureResolution:128]]
[2019.01.20-12.52.17:614][  0]LogConfig: Setting CVar [[r.ReflectionEnvironmentLightmapMixBasedOnRoughness:1]]
[2019.01.20-12.52.17:614][  0]LogConfig: Setting CVar [[r.ForwardShading:0]]
[2019.01.20-12.52.17:614][  0]LogConfig: Setting CVar [[r.VertexFoggingForOpaque:1]]
[2019.01.20-12.52.17:614][  0]LogConfig: Setting CVar [[r.AllowStaticLighting:1]]
[2019.01.20-12.52.17:614][  0]LogConfig: Setting CVar [[r.NormalMapsForStaticLighting:0]]
[2019.01.20-12.52.17:614][  0]LogConfig: Setting CVar [[r.GenerateMeshDistanceFields:0]]
[2019.01.20-12.52.17:614][  0]LogConfig: Setting CVar [[r.DistanceFieldBuild.EightBit:0]]
[2019.01.20-12.52.17:615][  0]LogConfig: Setting CVar [[r.GenerateLandscapeGIData:0]]
[2019.01.20-12.52.17:615][  0]LogConfig: Setting CVar [[r.DistanceFieldBuild.Compress:0]]
[2019.01.20-12.52.17:615][  0]LogConfig: Setting CVar [[r.TessellationAdaptivePixelsPerTriangle:48.000000]]
[2019.01.20-12.52.17:615][  0]LogConfig: Setting CVar [[r.SeparateTranslucency:0]]
[2019.01.20-12.52.17:615][  0]LogConfig: Setting CVar [[r.TranslucentSortPolicy:0]]
[2019.01.20-12.52.17:615][  0]LogConfig: Setting CVar [[r.CustomDepth:1]]
[2019.01.20-12.52.17:615][  0]LogConfig: Setting CVar [[r.CustomDepthTemporalAAJitter:1]]
[2019.01.20-12.52.17:615][  0]LogConfig: Setting CVar [[r.PostProcessing.PropagateAlpha:0]]
[2019.01.20-12.52.17:615][  0]LogConfig: Setting CVar [[r.DOF.Algorithm:1]]
[2019.01.20-12.52.17:615][  0]LogConfig: Setting CVar [[r.DefaultFeature.Bloom:0]]
[2019.01.20-12.52.17:615][  0]LogConfig: Setting CVar [[r.DefaultFeature.AmbientOcclusion:0]]
[2019.01.20-12.52.17:615][  0]LogConfig: Setting CVar [[r.DefaultFeature.AmbientOcclusionStaticFraction:1]]
[2019.01.20-12.52.17:615][  0]LogConfig: Setting CVar [[r.DefaultFeature.AutoExposure:0]]
[2019.01.20-12.52.17:615][  0]LogConfig: Setting CVar [[r.DefaultFeature.AutoExposure.Method:0]]
[2019.01.20-12.52.17:615][  0]LogConfig: Setting CVar [[r.DefaultFeature.AutoExposure.ExtendDefaultLuminanceRange:0]]
[2019.01.20-12.52.17:615][  0]LogConfig: Setting CVar [[r.UsePreExposure:0]]
[2019.01.20-12.52.17:615][  0]LogConfig: Setting CVar [[r.DefaultFeature.MotionBlur:0]]
[2019.01.20-12.52.17:615][  0]LogConfig: Setting CVar [[r.DefaultFeature.LensFlare:0]]
[2019.01.20-12.52.17:615][  0]LogConfig: Setting CVar [[r.TemporalAA.Upsampling:0]]
[2019.01.20-12.52.17:615][  0]LogConfig: Setting CVar [[r.DefaultFeature.AntiAliasing:0]]
[2019.01.20-12.52.17:615][  0]LogConfig: Setting CVar [[r.DefaultFeature.LightUnits:1]]
[2019.01.20-12.52.17:615][  0]LogConfig: Setting CVar [[r.DefaultBackBufferPixelFormat:4]]
[2019.01.20-12.52.17:615][  0]LogConfig: Setting CVar [[r.Shadow.UnbuiltPreviewInGame:1]]
[2019.01.20-12.52.17:615][  0]LogConfig: Setting CVar [[r.StencilForLODDither:0]]
[2019.01.20-12.52.17:615][  0]LogConfig: Setting CVar [[r.EarlyZPass:3]]
[2019.01.20-12.52.17:615][  0]LogConfig: Setting CVar [[r.EarlyZPassMovable:1]]
[2019.01.20-12.52.17:615][  0]LogConfig: Setting CVar [[r.EarlyZPassOnlyMaterialMasking:0]]
[2019.01.20-12.52.17:615][  0]LogConfig: Setting CVar [[r.DBuffer:1]]
[2019.01.20-12.52.17:615][  0]LogConfig: Setting CVar [[r.ClearSceneMethod:1]]
[2019.01.20-12.52.17:615][  0]LogConfig: Setting CVar [[r.BasePassOutputsVelocity:0]]
[2019.01.20-12.52.17:615][  0]LogConfig: Setting CVar [[r.SelectiveBasePassOutputs:0]]
[2019.01.20-12.52.17:615][  0]LogConfig: Setting CVar [[fx.GPUSimulationTextureSizeX:1024]]
[2019.01.20-12.52.17:615][  0]LogConfig: Setting CVar [[fx.GPUSimulationTextureSizeY:1024]]
[2019.01.20-12.52.17:615][  0]LogConfig: Setting CVar [[r.AllowGlobalClipPlane:0]]
[2019.01.20-12.52.17:615][  0]LogConfig: Setting CVar [[r.GBufferFormat:1]]
[2019.01.20-12.52.17:615][  0]LogConfig: Setting CVar [[r.MorphTarget.Mode:1]]
[2019.01.20-12.52.17:615][  0]LogConfig: Setting CVar [[vr.InstancedStereo:0]]
[2019.01.20-12.52.17:615][  0]LogConfig: Setting CVar [[vr.MultiView:0]]
[2019.01.20-12.52.17:615][  0]LogConfig: Setting CVar [[vr.MobileMultiView:0]]
[2019.01.20-12.52.17:615][  0]LogConfig: Setting CVar [[vr.MobileMultiView.Direct:0]]
[2019.01.20-12.52.17:615][  0]LogConfig: Setting CVar [[vr.MonoscopicFarField:0]]
[2019.01.20-12.52.17:615][  0]LogConfig: Setting CVar [[vr.RoundRobinOcclusion:0]]
[2019.01.20-12.52.17:615][  0]LogConfig: Setting CVar [[vr.ODSCapture:0]]
[2019.01.20-12.52.17:615][  0]LogConfig: Setting CVar [[r.WireframeCullThreshold:5.000000]]
[2019.01.20-12.52.17:615][  0]LogConfig: Setting CVar [[r.SupportStationarySkylight:1]]
[2019.01.20-12.52.17:615][  0]LogConfig: Setting CVar [[r.SupportLowQualityLightmaps:1]]
[2019.01.20-12.52.17:615][  0]LogConfig: Setting CVar [[r.SupportPointLightWholeSceneShadows:1]]
[2019.01.20-12.52.17:615][  0]LogConfig: Setting CVar [[r.SupportAtmosphericFog:1]]
[2019.01.20-12.52.17:615][  0]LogConfig: Setting CVar [[r.SkinCache.CompileShaders:0]]
[2019.01.20-12.52.17:615][  0]LogConfig: Setting CVar [[r.Mobile.EnableStaticAndCSMShadowReceivers:1]]
[2019.01.20-12.52.17:615][  0]LogConfig: Setting CVar [[r.Mobile.EnableMovableLightCSMShaderCulling:1]]
[2019.01.20-12.52.17:615][  0]LogConfig: Setting CVar [[r.Mobile.AllowDistanceFieldShadows:1]]
[2019.01.20-12.52.17:615][  0]LogConfig: Setting CVar [[r.Mobile.AllowMovableDirectionalLights:1]]
[2019.01.20-12.52.17:615][  0]LogConfig: Setting CVar [[r.MobileNumDynamicPointLights:4]]
[2019.01.20-12.52.17:615][  0]LogConfig: Setting CVar [[r.MobileDynamicPointLightsUseStaticBranch:1]]
[2019.01.20-12.52.17:615][  0]LogConfig: Setting CVar [[r.SkinCache.SceneMemoryLimitInMB:128.000000]]
[2019.01.20-12.52.17:615][  0]LogConfig: Setting CVar [[r.GPUSkin.Limit2BoneInfluences:0]]
[2019.01.20-12.52.17:615][  0]LogConfig: Setting CVar [[r.SupportDepthOnlyIndexBuffers:1]]
[2019.01.20-12.52.17:615][  0]LogConfig: Setting CVar [[r.SupportReversedIndexBuffers:1]]
[2019.01.20-12.52.17:615][  0]LogConfig: Setting CVar [[r.SupportMaterialLayers:0]]
[2019.01.20-12.52.17:615][  0]LogConfig: Applying CVar settings from Section [/Script/Engine.RendererOverrideSettings] File [D:/Playclaw5/Unreal/Github/ParallelNoteV1/Saved/Config/Windows/Engine.ini]
[2019.01.20-12.52.17:615][  0]LogConfig: Applying CVar settings from Section [/Script/Engine.StreamingSettings] File [D:/Playclaw5/Unreal/Github/ParallelNoteV1/Saved/Config/Windows/Engine.ini]
[2019.01.20-12.52.17:615][  0]LogConfig: Setting CVar [[s.MinBulkDataSizeForAsyncLoading:131072]]
[2019.01.20-12.52.17:615][  0]LogConfig: Setting CVar [[s.AsyncLoadingThreadEnabled:0]]
[2019.01.20-12.52.17:615][  0]LogConfig: Setting CVar [[s.EventDrivenLoaderEnabled:1]]
[2019.01.20-12.52.17:615][  0]LogConfig: Setting CVar [[s.WarnIfTimeLimitExceeded:0]]
[2019.01.20-12.52.17:615][  0]LogConfig: Setting CVar [[s.TimeLimitExceededMultiplier:1.5]]
[2019.01.20-12.52.17:615][  0]LogConfig: Setting CVar [[s.TimeLimitExceededMinTime:0.005]]
[2019.01.20-12.52.17:615][  0]LogConfig: Setting CVar [[s.UseBackgroundLevelStreaming:1]]
[2019.01.20-12.52.17:615][  0]LogConfig: Setting CVar [[s.PriorityAsyncLoadingExtraTime:15.0]]
[2019.01.20-12.52.17:615][  0]LogConfig: Setting CVar [[s.LevelStreamingActorsUpdateTimeLimit:5.0]]
[2019.01.20-12.52.17:615][  0]LogConfig: Setting CVar [[s.PriorityLevelStreamingActorsUpdateExtraTime:5.0]]
[2019.01.20-12.52.17:615][  0]LogConfig: Setting CVar [[s.LevelStreamingComponentsRegistrationGranularity:10]]
[2019.01.20-12.52.17:615][  0]LogConfig: Setting CVar [[s.UnregisterComponentsTimeLimit:1.0]]
[2019.01.20-12.52.17:615][  0]LogConfig: Setting CVar [[s.LevelStreamingComponentsUnregistrationGranularity:5]]
[2019.01.20-12.52.17:615][  0]LogConfig: Applying CVar settings from Section [/Script/Engine.GarbageCollectionSettings] File [D:/Playclaw5/Unreal/Github/ParallelNoteV1/Saved/Config/Windows/Engine.ini]
[2019.01.20-12.52.17:615][  0]LogConfig: Setting CVar [[gc.MaxObjectsNotConsideredByGC:1]]
[2019.01.20-12.52.17:615][  0]LogConfig: Setting CVar [[gc.SizeOfPermanentObjectPool:0]]
[2019.01.20-12.52.17:616][  0]LogConfig: Setting CVar [[gc.FlushStreamingOnGC:0]]
[2019.01.20-12.52.17:616][  0]LogConfig: Setting CVar [[gc.NumRetriesBeforeForcingGC:10]]
[2019.01.20-12.52.17:616][  0]LogConfig: Setting CVar [[gc.AllowParallelGC:1]]
[2019.01.20-12.52.17:616][  0]LogConfig: Setting CVar [[gc.TimeBetweenPurgingPendingKillObjects:61.1]]
[2019.01.20-12.52.17:616][  0]LogConfig: Setting CVar [[gc.MaxObjectsInEditor:8388607]]
[2019.01.20-12.52.17:616][  0]LogConfig: Setting CVar [[gc.IncrementalBeginDestroyEnabled:1]]
[2019.01.20-12.52.17:616][  0]LogConfig: Setting CVar [[gc.CreateGCClusters:1]]
[2019.01.20-12.52.17:616][  0]LogConfig: Setting CVar [[gc.MergeGCClusters:0]]
[2019.01.20-12.52.17:616][  0]LogConfig: Setting CVar [[gc.MinGCClusterSize:5]]
[2019.01.20-12.52.17:616][  0]LogConfig: Setting CVar [[gc.ActorClusteringEnabled:0]]
[2019.01.20-12.52.17:616][  0]LogConfig: Setting CVar [[gc.BlueprintClusteringEnabled:0]]
[2019.01.20-12.52.17:616][  0]LogConfig: Setting CVar [[gc.UseDisregardForGCOnDedicatedServers:0]]
[2019.01.20-12.52.17:616][  0]LogConfig: Applying CVar settings from Section [/Script/Engine.NetworkSettings] File [D:/Playclaw5/Unreal/Github/ParallelNoteV1/Saved/Config/Windows/Engine.ini]
[2019.01.20-12.52.17:616][  0]LogConfig: Applying CVar settings from Section [/Script/UnrealEd.CookerSettings] File [D:/Playclaw5/Unreal/Github/ParallelNoteV1/Saved/Config/Windows/Engine.ini]
[2019.01.20-12.52.17:620][  0]LogConfig: Applying CVar settings from Section [ViewDistanceQuality@3] File [D:/Playclaw5/Unreal/Github/ParallelNoteV1/Saved/Config/Windows/Scalability.ini]
[2019.01.20-12.52.17:620][  0]LogConfig: Setting CVar [[r.SkeletalMeshLODBias:0]]
[2019.01.20-12.52.17:620][  0]LogConfig: Setting CVar [[r.ViewDistanceScale:1.0]]
[2019.01.20-12.52.17:620][  0]LogConfig: Applying CVar settings from Section [AntiAliasingQuality@3] File [D:/Playclaw5/Unreal/Github/ParallelNoteV1/Saved/Config/Windows/Scalability.ini]
[2019.01.20-12.52.17:620][  0]LogConfig: Setting CVar [[r.PostProcessAAQuality:4]]
[2019.01.20-12.52.17:620][  0]LogConfig: Applying CVar settings from Section [ShadowQuality@3] File [D:/Playclaw5/Unreal/Github/ParallelNoteV1/Saved/Config/Windows/Scalability.ini]
[2019.01.20-12.52.17:620][  0]LogConfig: Setting CVar [[r.LightFunctionQuality:1]]
[2019.01.20-12.52.17:620][  0]LogConfig: Setting CVar [[r.ShadowQuality:5]]
[2019.01.20-12.52.17:620][  0]LogConfig: Setting CVar [[r.Shadow.CSM.MaxCascades:10]]
[2019.01.20-12.52.17:620][  0]LogConfig: Setting CVar [[r.Shadow.MaxResolution:2048]]
[2019.01.20-12.52.17:620][  0]LogConfig: Setting CVar [[r.Shadow.MaxCSMResolution:2048]]
[2019.01.20-12.52.17:620][  0]LogConfig: Setting CVar [[r.Shadow.RadiusThreshold:0.01]]
[2019.01.20-12.52.17:620][  0]LogConfig: Setting CVar [[r.Shadow.DistanceScale:1.0]]
[2019.01.20-12.52.17:620][  0]LogConfig: Setting CVar [[r.Shadow.CSM.TransitionScale:1.0]]
[2019.01.20-12.52.17:621][  0]LogConfig: Setting CVar [[r.Shadow.PreShadowResolutionFactor:1.0]]
[2019.01.20-12.52.17:621][  0]LogConfig: Setting CVar [[r.DistanceFieldShadowing:1]]
[2019.01.20-12.52.17:621][  0]LogConfig: Setting CVar [[r.DistanceFieldAO:1]]
[2019.01.20-12.52.17:621][  0]LogConfig: Setting CVar [[r.AOQuality:2]]
[2019.01.20-12.52.17:621][  0]LogConfig: Setting CVar [[r.VolumetricFog:1]]
[2019.01.20-12.52.17:621][  0]LogConfig: Setting CVar [[r.VolumetricFog.GridPixelSize:8]]
[2019.01.20-12.52.17:621][  0]LogConfig: Setting CVar [[r.VolumetricFog.GridSizeZ:128]]
[2019.01.20-12.52.17:621][  0]LogConfig: Setting CVar [[r.VolumetricFog.HistoryMissSupersampleCount:4]]
[2019.01.20-12.52.17:621][  0]LogConfig: Setting CVar [[r.LightMaxDrawDistanceScale:1]]
[2019.01.20-12.52.17:621][  0]LogConfig: Setting CVar [[r.CapsuleShadows:1]]
[2019.01.20-12.52.17:621][  0]LogConfig: Applying CVar settings from Section [PostProcessQuality@3] File [D:/Playclaw5/Unreal/Github/ParallelNoteV1/Saved/Config/Windows/Scalability.ini]
[2019.01.20-12.52.17:621][  0]LogConfig: Setting CVar [[r.MotionBlurQuality:4]]
[2019.01.20-12.52.17:621][  0]LogConfig: Setting CVar [[r.AmbientOcclusionMipLevelFactor:0.4]]
[2019.01.20-12.52.17:621][  0]LogConfig: Setting CVar [[r.AmbientOcclusionMaxQuality:100]]
[2019.01.20-12.52.17:621][  0]LogConfig: Setting CVar [[r.AmbientOcclusionLevels:-1]]
[2019.01.20-12.52.17:621][  0]LogConfig: Setting CVar [[r.AmbientOcclusionRadiusScale:1.0]]
[2019.01.20-12.52.17:621][  0]LogConfig: Setting CVar [[r.DepthOfFieldQuality:2]]
[2019.01.20-12.52.17:621][  0]LogConfig: Setting CVar [[r.RenderTargetPoolMin:400]]
[2019.01.20-12.52.17:621][  0]LogConfig: Setting CVar [[r.LensFlareQuality:2]]
[2019.01.20-12.52.17:621][  0]LogConfig: Setting CVar [[r.SceneColorFringeQuality:1]]
[2019.01.20-12.52.17:621][  0]LogConfig: Setting CVar [[r.EyeAdaptationQuality:2]]
[2019.01.20-12.52.17:621][  0]LogConfig: Setting CVar [[r.BloomQuality:5]]
[2019.01.20-12.52.17:621][  0]LogConfig: Setting CVar [[r.FastBlurThreshold:100]]
[2019.01.20-12.52.17:621][  0]LogConfig: Setting CVar [[r.Upscale.Quality:3]]
[2019.01.20-12.52.17:621][  0]LogConfig: Setting CVar [[r.Tonemapper.GrainQuantization:1]]
[2019.01.20-12.52.17:621][  0]LogConfig: Setting CVar [[r.LightShaftQuality:1]]
[2019.01.20-12.52.17:621][  0]LogConfig: Setting CVar [[r.Filter.SizeScale:1]]
[2019.01.20-12.52.17:621][  0]LogConfig: Setting CVar [[r.Tonemapper.Quality:5]]
[2019.01.20-12.52.17:621][  0]LogConfig: Setting CVar [[r.DOF.Gather.AccumulatorQuality:1        ; higher gathering accumulator quality]]
[2019.01.20-12.52.17:621][  0]LogConfig: Setting CVar [[r.DOF.Gather.PostfilterMethod:1          ; Median3x3 postfilering method]]
[2019.01.20-12.52.17:621][  0]LogConfig: Setting CVar [[r.DOF.Gather.EnableBokehSettings:0       ; no bokeh simulation when gathering]]
[2019.01.20-12.52.17:621][  0]LogConfig: Setting CVar [[r.DOF.Gather.RingCount:4                 ; medium number of samples when gathering]]
[2019.01.20-12.52.17:621][  0]LogConfig: Setting CVar [[r.DOF.Scatter.ForegroundCompositing:1    ; additive foreground scattering]]
[2019.01.20-12.52.17:621][  0]LogConfig: Setting CVar [[r.DOF.Scatter.BackgroundCompositing:2    ; additive background scattering]]
[2019.01.20-12.52.17:621][  0]LogConfig: Setting CVar [[r.DOF.Scatter.EnableBokehSettings:1      ; bokeh simulation when scattering]]
[2019.01.20-12.52.17:621][  0]LogConfig: Setting CVar [[r.DOF.Scatter.MaxSpriteRatio:0.1         ; only a maximum of 10% of scattered bokeh]]
[2019.01.20-12.52.17:621][  0]LogConfig: Setting CVar [[r.DOF.Recombine.Quality:1                ; cheap slight out of focus]]
[2019.01.20-12.52.17:621][  0]LogConfig: Setting CVar [[r.DOF.Recombine.EnableBokehSettings:0    ; no bokeh simulation on slight out of focus]]
[2019.01.20-12.52.17:621][  0]LogConfig: Setting CVar [[r.DOF.TemporalAAQuality:1                ; more stable temporal accumulation]]
[2019.01.20-12.52.17:621][  0]LogConfig: Setting CVar [[r.DOF.Kernel.MaxForegroundRadius:0.025]]
[2019.01.20-12.52.17:621][  0]LogConfig: Setting CVar [[r.DOF.Kernel.MaxBackgroundRadius:0.025]]
[2019.01.20-12.52.17:621][  0]LogConfig: Applying CVar settings from Section [TextureQuality@3] File [D:/Playclaw5/Unreal/Github/ParallelNoteV1/Saved/Config/Windows/Scalability.ini]
[2019.01.20-12.52.17:621][  0]LogConfig: Setting CVar [[r.Streaming.MipBias:0]]
[2019.01.20-12.52.17:621][  0]LogConfig: Setting CVar [[r.Streaming.AmortizeCPUToGPUCopy:0]]
[2019.01.20-12.52.17:621][  0]LogConfig: Setting CVar [[r.Streaming.MaxNumTexturesToStreamPerFrame:0]]
[2019.01.20-12.52.17:621][  0]LogConfig: Setting CVar [[r.Streaming.Boost:1]]
[2019.01.20-12.52.17:621][  0]LogConfig: Setting CVar [[r.MaxAnisotropy:8]]
[2019.01.20-12.52.17:621][  0]LogConfig: Setting CVar [[r.Streaming.LimitPoolSizeToVRAM:0]]
[2019.01.20-12.52.17:621][  0]LogConfig: Setting CVar [[r.Streaming.PoolSize:1000]]
[2019.01.20-12.52.17:621][  0]LogConfig: Setting CVar [[r.Streaming.MaxEffectiveScreenSize:0]]
[2019.01.20-12.52.17:621][  0]LogConfig: Applying CVar settings from Section [EffectsQuality@3] File [D:/Playclaw5/Unreal/Github/ParallelNoteV1/Saved/Config/Windows/Scalability.ini]
[2019.01.20-12.52.17:621][  0]LogConfig: Setting CVar [[r.TranslucencyLightingVolumeDim:64]]
[2019.01.20-12.52.17:621][  0]LogConfig: Setting CVar [[r.RefractionQuality:2]]
[2019.01.20-12.52.17:621][  0]LogConfig: Setting CVar [[r.SSR.Quality:3]]
[2019.01.20-12.52.17:621][  0]LogConfig: Setting CVar [[r.SceneColorFormat:4]]
[2019.01.20-12.52.17:621][  0]LogConfig: Setting CVar [[r.DetailMode:2]]
[2019.01.20-12.52.17:621][  0]LogConfig: Setting CVar [[r.TranslucencyVolumeBlur:1]]
[2019.01.20-12.52.17:621][  0]LogConfig: Setting CVar [[r.MaterialQualityLevel:1 ; High quality]]
[2019.01.20-12.52.17:621][  0]LogConfig: Setting CVar [[r.SSS.Scale:1]]
[2019.01.20-12.52.17:621][  0]LogConfig: Setting CVar [[r.SSS.SampleSet:2]]
[2019.01.20-12.52.17:621][  0]LogConfig: Setting CVar [[r.SSS.Quality:1]]
[2019.01.20-12.52.17:621][  0]LogConfig: Setting CVar [[r.SSS.HalfRes:1]]
[2019.01.20-12.52.17:621][  0]LogConfig: Setting CVar [[r.EmitterSpawnRateScale:1.0]]
[2019.01.20-12.52.17:621][  0]LogConfig: Setting CVar [[r.ParticleLightQuality:2]]
[2019.01.20-12.52.17:621][  0]LogConfig: Applying CVar settings from Section [FoliageQuality@3] File [D:/Playclaw5/Unreal/Github/ParallelNoteV1/Saved/Config/Windows/Scalability.ini]
[2019.01.20-12.52.17:621][  0]LogConfig: Setting CVar [[foliage.DensityScale:1.0]]
[2019.01.20-12.52.17:621][  0]LogConfig: Setting CVar [[grass.DensityScale:1.0]]
[2019.01.20-12.52.17:621][  0]LogInit: Selected Device Profile: [Windows]
[2019.01.20-12.52.17:621][  0]LogInit: Applying CVar settings loaded from the selected device profile: [Windows]
[2019.01.20-12.52.17:660][  0]LogHAL: Display: Platform has ~ 8 GB [8519970816 / 8589934592 / 8], which maps to Default [LargestMinGB=32, LargerMinGB=12, DefaultMinGB=8, SmallerMinGB=6, SmallestMinGB=0)
[2019.01.20-12.52.17:660][  0]LogConfig: Setting CVar [[r.Vulkan.UseRealUBs:1]]
[2019.01.20-12.52.17:660][  0]LogInit: Going up to parent DeviceProfile []
[2019.01.20-12.52.17:661][  0]LogConfig: Applying CVar settings from Section [ViewDistanceQuality@3] File [D:/Playclaw5/Unreal/Github/ParallelNoteV1/Saved/Config/Windows/Scalability.ini]
[2019.01.20-12.52.17:661][  0]LogConfig: Setting CVar [[r.SkeletalMeshLODBias:0]]
[2019.01.20-12.52.17:661][  0]LogConfig: Setting CVar [[r.ViewDistanceScale:1.0]]
[2019.01.20-12.52.17:661][  0]LogConfig: Applying CVar settings from Section [AntiAliasingQuality@3] File [D:/Playclaw5/Unreal/Github/ParallelNoteV1/Saved/Config/Windows/Scalability.ini]
[2019.01.20-12.52.17:661][  0]LogConfig: Setting CVar [[r.PostProcessAAQuality:4]]
[2019.01.20-12.52.17:661][  0]LogConfig: Applying CVar settings from Section [ShadowQuality@3] File [D:/Playclaw5/Unreal/Github/ParallelNoteV1/Saved/Config/Windows/Scalability.ini]
[2019.01.20-12.52.17:661][  0]LogConfig: Setting CVar [[r.LightFunctionQuality:1]]
[2019.01.20-12.52.17:661][  0]LogConfig: Setting CVar [[r.ShadowQuality:5]]
[2019.01.20-12.52.17:661][  0]LogConfig: Setting CVar [[r.Shadow.CSM.MaxCascades:10]]
[2019.01.20-12.52.17:661][  0]LogConfig: Setting CVar [[r.Shadow.MaxResolution:2048]]
[2019.01.20-12.52.17:661][  0]LogConfig: Setting CVar [[r.Shadow.MaxCSMResolution:2048]]
[2019.01.20-12.52.17:661][  0]LogConfig: Setting CVar [[r.Shadow.RadiusThreshold:0.01]]
[2019.01.20-12.52.17:661][  0]LogConfig: Setting CVar [[r.Shadow.DistanceScale:1.0]]
[2019.01.20-12.52.17:661][  0]LogConfig: Setting CVar [[r.Shadow.CSM.TransitionScale:1.0]]
[2019.01.20-12.52.17:661][  0]LogConfig: Setting CVar [[r.Shadow.PreShadowResolutionFactor:1.0]]
[2019.01.20-12.52.17:661][  0]LogConfig: Setting CVar [[r.DistanceFieldShadowing:1]]
[2019.01.20-12.52.17:661][  0]LogConfig: Setting CVar [[r.DistanceFieldAO:1]]
[2019.01.20-12.52.17:661][  0]LogConfig: Setting CVar [[r.AOQuality:2]]
[2019.01.20-12.52.17:661][  0]LogConfig: Setting CVar [[r.VolumetricFog:1]]
[2019.01.20-12.52.17:661][  0]LogConfig: Setting CVar [[r.VolumetricFog.GridPixelSize:8]]
[2019.01.20-12.52.17:661][  0]LogConfig: Setting CVar [[r.VolumetricFog.GridSizeZ:128]]
[2019.01.20-12.52.17:661][  0]LogConfig: Setting CVar [[r.VolumetricFog.HistoryMissSupersampleCount:4]]
[2019.01.20-12.52.17:661][  0]LogConfig: Setting CVar [[r.LightMaxDrawDistanceScale:1]]
[2019.01.20-12.52.17:661][  0]LogConfig: Setting CVar [[r.CapsuleShadows:1]]
[2019.01.20-12.52.17:661][  0]LogConfig: Applying CVar settings from Section [PostProcessQuality@3] File [D:/Playclaw5/Unreal/Github/ParallelNoteV1/Saved/Config/Windows/Scalability.ini]
[2019.01.20-12.52.17:661][  0]LogConfig: Setting CVar [[r.MotionBlurQuality:4]]
[2019.01.20-12.52.17:661][  0]LogConfig: Setting CVar [[r.AmbientOcclusionMipLevelFactor:0.4]]
[2019.01.20-12.52.17:661][  0]LogConfig: Setting CVar [[r.AmbientOcclusionMaxQuality:100]]
[2019.01.20-12.52.17:661][  0]LogConfig: Setting CVar [[r.AmbientOcclusionLevels:-1]]
[2019.01.20-12.52.17:661][  0]LogConfig: Setting CVar [[r.AmbientOcclusionRadiusScale:1.0]]
[2019.01.20-12.52.17:661][  0]LogConfig: Setting CVar [[r.DepthOfFieldQuality:2]]
[2019.01.20-12.52.17:661][  0]LogConfig: Setting CVar [[r.RenderTargetPoolMin:400]]
[2019.01.20-12.52.17:661][  0]LogConfig: Setting CVar [[r.LensFlareQuality:2]]
[2019.01.20-12.52.17:661][  0]LogConfig: Setting CVar [[r.SceneColorFringeQuality:1]]
[2019.01.20-12.52.17:661][  0]LogConfig: Setting CVar [[r.EyeAdaptationQuality:2]]
[2019.01.20-12.52.17:661][  0]LogConfig: Setting CVar [[r.BloomQuality:5]]
[2019.01.20-12.52.17:661][  0]LogConfig: Setting CVar [[r.FastBlurThreshold:100]]
[2019.01.20-12.52.17:661][  0]LogConfig: Setting CVar [[r.Upscale.Quality:3]]
[2019.01.20-12.52.17:661][  0]LogConfig: Setting CVar [[r.Tonemapper.GrainQuantization:1]]
[2019.01.20-12.52.17:661][  0]LogConfig: Setting CVar [[r.LightShaftQuality:1]]
[2019.01.20-12.52.17:661][  0]LogConfig: Setting CVar [[r.Filter.SizeScale:1]]
[2019.01.20-12.52.17:661][  0]LogConfig: Setting CVar [[r.Tonemapper.Quality:5]]
[2019.01.20-12.52.17:661][  0]LogConfig: Setting CVar [[r.DOF.Gather.AccumulatorQuality:1        ; higher gathering accumulator quality]]
[2019.01.20-12.52.17:661][  0]LogConfig: Setting CVar [[r.DOF.Gather.PostfilterMethod:1          ; Median3x3 postfilering method]]
[2019.01.20-12.52.17:661][  0]LogConfig: Setting CVar [[r.DOF.Gather.EnableBokehSettings:0       ; no bokeh simulation when gathering]]
[2019.01.20-12.52.17:661][  0]LogConfig: Setting CVar [[r.DOF.Gather.RingCount:4                 ; medium number of samples when gathering]]
[2019.01.20-12.52.17:661][  0]LogConfig: Setting CVar [[r.DOF.Scatter.ForegroundCompositing:1    ; additive foreground scattering]]
[2019.01.20-12.52.17:661][  0]LogConfig: Setting CVar [[r.DOF.Scatter.BackgroundCompositing:2    ; additive background scattering]]
[2019.01.20-12.52.17:661][  0]LogConfig: Setting CVar [[r.DOF.Scatter.EnableBokehSettings:1      ; bokeh simulation when scattering]]
[2019.01.20-12.52.17:661][  0]LogConfig: Setting CVar [[r.DOF.Scatter.MaxSpriteRatio:0.1         ; only a maximum of 10% of scattered bokeh]]
[2019.01.20-12.52.17:661][  0]LogConfig: Setting CVar [[r.DOF.Recombine.Quality:1                ; cheap slight out of focus]]
[2019.01.20-12.52.17:661][  0]LogConfig: Setting CVar [[r.DOF.Recombine.EnableBokehSettings:0    ; no bokeh simulation on slight out of focus]]
[2019.01.20-12.52.17:661][  0]LogConfig: Setting CVar [[r.DOF.TemporalAAQuality:1                ; more stable temporal accumulation]]
[2019.01.20-12.52.17:661][  0]LogConfig: Setting CVar [[r.DOF.Kernel.MaxForegroundRadius:0.025]]
[2019.01.20-12.52.17:661][  0]LogConfig: Setting CVar [[r.DOF.Kernel.MaxBackgroundRadius:0.025]]
[2019.01.20-12.52.17:661][  0]LogConfig: Applying CVar settings from Section [TextureQuality@3] File [D:/Playclaw5/Unreal/Github/ParallelNoteV1/Saved/Config/Windows/Scalability.ini]
[2019.01.20-12.52.17:661][  0]LogConfig: Setting CVar [[r.Streaming.MipBias:0]]
[2019.01.20-12.52.17:661][  0]LogConfig: Setting CVar [[r.Streaming.AmortizeCPUToGPUCopy:0]]
[2019.01.20-12.52.17:661][  0]LogConfig: Setting CVar [[r.Streaming.MaxNumTexturesToStreamPerFrame:0]]
[2019.01.20-12.52.17:661][  0]LogConfig: Setting CVar [[r.Streaming.Boost:1]]
[2019.01.20-12.52.17:661][  0]LogConfig: Setting CVar [[r.MaxAnisotropy:8]]
[2019.01.20-12.52.17:661][  0]LogConfig: Setting CVar [[r.Streaming.LimitPoolSizeToVRAM:0]]
[2019.01.20-12.52.17:661][  0]LogConfig: Setting CVar [[r.Streaming.PoolSize:1000]]
[2019.01.20-12.52.17:661][  0]LogConfig: Setting CVar [[r.Streaming.MaxEffectiveScreenSize:0]]
[2019.01.20-12.52.17:661][  0]LogConfig: Applying CVar settings from Section [EffectsQuality@3] File [D:/Playclaw5/Unreal/Github/ParallelNoteV1/Saved/Config/Windows/Scalability.ini]
[2019.01.20-12.52.17:661][  0]LogConfig: Setting CVar [[r.TranslucencyLightingVolumeDim:64]]
[2019.01.20-12.52.17:661][  0]LogConfig: Setting CVar [[r.RefractionQuality:2]]
[2019.01.20-12.52.17:661][  0]LogConfig: Setting CVar [[r.SSR.Quality:3]]
[2019.01.20-12.52.17:661][  0]LogConfig: Setting CVar [[r.SceneColorFormat:4]]
[2019.01.20-12.52.17:661][  0]LogConfig: Setting CVar [[r.DetailMode:2]]
[2019.01.20-12.52.17:661][  0]LogConfig: Setting CVar [[r.TranslucencyVolumeBlur:1]]
[2019.01.20-12.52.17:661][  0]LogConfig: Setting CVar [[r.MaterialQualityLevel:1 ; High quality]]
[2019.01.20-12.52.17:661][  0]LogConfig: Setting CVar [[r.SSS.Scale:1]]
[2019.01.20-12.52.17:661][  0]LogConfig: Setting CVar [[r.SSS.SampleSet:2]]
[2019.01.20-12.52.17:661][  0]LogConfig: Setting CVar [[r.SSS.Quality:1]]
[2019.01.20-12.52.17:661][  0]LogConfig: Setting CVar [[r.SSS.HalfRes:1]]
[2019.01.20-12.52.17:661][  0]LogConfig: Setting CVar [[r.EmitterSpawnRateScale:1.0]]
[2019.01.20-12.52.17:661][  0]LogConfig: Setting CVar [[r.ParticleLightQuality:2]]
[2019.01.20-12.52.17:661][  0]LogConfig: Applying CVar settings from Section [FoliageQuality@3] File [D:/Playclaw5/Unreal/Github/ParallelNoteV1/Saved/Config/Windows/Scalability.ini]
[2019.01.20-12.52.17:661][  0]LogConfig: Setting CVar [[foliage.DensityScale:1.0]]
[2019.01.20-12.52.17:661][  0]LogConfig: Setting CVar [[grass.DensityScale:1.0]]
[2019.01.20-12.52.17:661][  0]LogConfig: Applying CVar settings from Section [Startup] File [../../../Engine/Config/ConsoleVariables.ini]
[2019.01.20-12.52.17:662][  0]LogConfig: Setting CVar [[net.UseAdaptiveNetUpdateFrequency:0]]
[2019.01.20-12.52.17:662][  0]LogConfig: Applying CVar settings from Section [ConsoleVariables] File [D:/Playclaw5/Unreal/Github/ParallelNoteV1/Saved/Config/Windows/Engine.ini]
[2019.01.20-12.52.17:662][  0]LogInit: Computer: MAXGAME
[2019.01.20-12.52.17:662][  0]LogInit: User: MAXGAME
[2019.01.20-12.52.17:662][  0]LogInit: CPU Page size=4096, Cores=4
[2019.01.20-12.52.17:662][  0]LogInit: High frequency timer resolution =3.421875 MHz
[2019.01.20-12.52.17:662][  0]LogMemory: Memory total: Physical=7.9GB (8GB approx)
[2019.01.20-12.52.17:662][  0]LogMemory: Platform Memory Stats for Windows
[2019.01.20-12.52.17:662][  0]LogMemory: Process Physical Memory: 102.43 MB used, 102.43 MB peak
[2019.01.20-12.52.17:662][  0]LogMemory: Process Virtual Memory: 84.81 MB used, 84.81 MB peak
[2019.01.20-12.52.17:662][  0]LogMemory: Physical Memory: 4133.68 MB used,  3991.59 MB free, 8125.28 MB total
[2019.01.20-12.52.17:662][  0]LogMemory: Virtual Memory: 4633.84 MB used,  134213096.00 MB free, 134217728.00 MB total
[2019.01.20-12.52.17:907][  0]LogInit: Using OS detected language (da-DK).
[2019.01.20-12.52.17:907][  0]LogInit: Using OS detected locale (da-DK).
[2019.01.20-12.52.17:908][  0]LogTextLocalizationManager: No localization for 'da-DK' exists, so 'en' will be used for the language.
[2019.01.20-12.52.18:616][  0]LogStreaming: Display: Took  0.709s to InitEngineTextLocalization.
[2019.01.20-12.52.18:616][  0]LogInit: Setting process to per monitor DPI aware
[2019.01.20-12.52.18:988][  0]LogSlate: New Slate User Created.  User Index 0, Is Virtual User: 0
[2019.01.20-12.52.18:988][  0]LogSlate: Slate User Registered.  User Index 0, Is Virtual User: 0
[2019.01.20-12.52.21:382][  0]LogHMD: Failed to initialize OpenVR with code 110
[2019.01.20-12.52.21:382][  0]LogD3D11RHI: D3D11 adapters:
[2019.01.20-12.52.21:439][  0]LogD3D11RHI:    0. 'NVIDIA GeForce GTX 960' (Feature Level 11_0)
[2019.01.20-12.52.21:439][  0]LogD3D11RHI:       2007/0/4062 MB DedicatedVideo/DedicatedSystem/SharedSystem, Outputs:2, VendorId:0x10de
[2019.01.20-12.52.21:441][  0]LogD3D11RHI:    1. 'Microsoft Basic Render Driver' (Feature Level 11_0)
[2019.01.20-12.52.21:441][  0]LogD3D11RHI:       0/0/4062 MB DedicatedVideo/DedicatedSystem/SharedSystem, Outputs:0, VendorId:0x1414
[2019.01.20-12.52.21:441][  0]LogD3D11RHI: Chosen D3D11 Adapter: 0
[2019.01.20-12.52.21:447][  0]LogD3D11RHI: Creating new Direct3DDevice
[2019.01.20-12.52.21:447][  0]LogD3D11RHI:     GPU DeviceId: 0x1401 (for the marketing name, search the web for "GPU Device Id")
[2019.01.20-12.52.21:447][  0]LogWindows: EnumDisplayDevices:
[2019.01.20-12.52.21:447][  0]LogWindows:    0. 'NVIDIA GeForce GTX 960' (P:1 D:1)
[2019.01.20-12.52.21:447][  0]LogWindows:    1. 'NVIDIA GeForce GTX 960' (P:0 D:1)
[2019.01.20-12.52.21:448][  0]LogWindows:    2. 'NVIDIA GeForce GTX 960' (P:0 D:0)
[2019.01.20-12.52.21:448][  0]LogWindows:    3. 'NVIDIA GeForce GTX 960' (P:0 D:0)
[2019.01.20-12.52.21:448][  0]LogWindows: DebugString: FoundDriverCount:4 
[2019.01.20-12.52.21:448][  0]LogD3D11RHI:     Adapter Name: NVIDIA GeForce GTX 960
[2019.01.20-12.52.21:448][  0]LogD3D11RHI:   Driver Version: 416.16 (internal:25.21.14.1616, unified:416.16)
[2019.01.20-12.52.21:448][  0]LogD3D11RHI:      Driver Date: 10-2-2018
[2019.01.20-12.52.21:448][  0]LogRHI: Texture pool is 1405 MB (70% of 2007 MB)
[2019.01.20-12.52.21:484][  0]LogD3D11RHI: Async texture creation enabled
[2019.01.20-12.52.21:500][  0]LogD3D11RHI: GPU Timing Frequency: 1000.000000 (Debug: 2 2)
[2019.01.20-12.52.22:157][  0]LogTemp: Display: Loaded TP AllDesktopTargetPlatform
[2019.01.20-12.52.22:178][  0]LogTemp: Display: Loaded TP MacClientTargetPlatform
[2019.01.20-12.52.22:190][  0]LogTemp: Display: Loaded TP MacNoEditorTargetPlatform
[2019.01.20-12.52.22:202][  0]LogTemp: Display: Loaded TP MacServerTargetPlatform
[2019.01.20-12.52.22:225][  0]LogTemp: Display: Loaded TP MacTargetPlatform
[2019.01.20-12.52.22:253][  0]LogTemp: Display: Loaded TP WindowsClientTargetPlatform
[2019.01.20-12.52.22:276][  0]LogTemp: Display: Loaded TP WindowsNoEditorTargetPlatform
[2019.01.20-12.52.22:288][  0]LogTemp: Display: Loaded TP WindowsServerTargetPlatform
[2019.01.20-12.52.22:306][  0]LogTemp: Display: Loaded TP WindowsTargetPlatform
[2019.01.20-12.52.22:442][  0]LogTemp: Display: Loaded TP AndroidTargetPlatform
[2019.01.20-12.52.22:442][  0]LogTemp: Display: Loaded TP AndroidTargetPlatform
[2019.01.20-12.52.22:442][  0]LogTemp: Display: Loaded TP AndroidTargetPlatform
[2019.01.20-12.52.22:442][  0]LogTemp: Display: Loaded TP AndroidTargetPlatform
[2019.01.20-12.52.22:442][  0]LogTemp: Display: Loaded TP AndroidTargetPlatform
[2019.01.20-12.52.22:442][  0]LogTemp: Display: Loaded TP AndroidTargetPlatform
[2019.01.20-12.52.22:442][  0]LogTemp: Display: Loaded TP AndroidTargetPlatform
[2019.01.20-12.52.22:442][  0]LogTemp: Display: Loaded TP AndroidTargetPlatform
[2019.01.20-12.52.22:442][  0]LogTemp: Display: Loaded TP AndroidTargetPlatform
[2019.01.20-12.52.22:443][  0]LogTemp: Display: Loaded TP AndroidTargetPlatform
[2019.01.20-12.52.22:443][  0]LogTemp: Display: Loaded TP AndroidTargetPlatform
[2019.01.20-12.52.22:443][  0]LogTemp: Display: Loaded TP AndroidTargetPlatform
[2019.01.20-12.52.22:443][  0]LogTemp: Display: Loaded TP AndroidTargetPlatform
[2019.01.20-12.52.22:443][  0]LogTemp: Display: Loaded TP AndroidTargetPlatform
[2019.01.20-12.52.22:443][  0]LogTemp: Display: Loaded TP AndroidTargetPlatform
[2019.01.20-12.52.22:443][  0]LogTemp: Display: Loaded TP AndroidTargetPlatform
[2019.01.20-12.52.22:443][  0]LogTemp: Display: Loaded TP AndroidTargetPlatform
[2019.01.20-12.52.22:443][  0]LogTemp: Display: Loaded TP AndroidTargetPlatform
[2019.01.20-12.52.22:471][  0]LogTemp: Display: Loaded TP HTML5TargetPlatform
[2019.01.20-12.52.22:631][  0]LogTemp: Display: Loaded TP IOSTargetPlatform
[2019.01.20-12.52.22:631][  0]LogTemp: Display: Loaded TP IOSTargetPlatform
[2019.01.20-12.52.22:663][  0]LogTemp: Display: Loaded TP TVOSTargetPlatform
[2019.01.20-12.52.22:663][  0]LogTemp: Display: Loaded TP TVOSTargetPlatform
[2019.01.20-12.52.22:684][  0]LogTemp: Display: Loaded TP LinuxClientTargetPlatform
[2019.01.20-12.52.22:695][  0]LogTemp: Display: Loaded TP LinuxNoEditorTargetPlatform
[2019.01.20-12.52.22:706][  0]LogTemp: Display: Loaded TP LinuxServerTargetPlatform
[2019.01.20-12.52.22:728][  0]LogTemp: Display: Loaded TP LinuxTargetPlatform
[2019.01.20-12.52.22:800][  0]LogTemp: Display: Loaded TP LuminTargetPlatform
[2019.01.20-12.52.22:800][  0]LogTemp: Display: Loaded TP LuminTargetPlatform
[2019.01.20-12.52.22:800][  0]LogTargetPlatformManager: Display: Building Assets For Windows
[2019.01.20-12.52.23:341][  0]LogShaderCompilers: Guid format shader working directory is -4 characters bigger than the processId version (../../../../../Playclaw5/Unreal/Github/ParallelNoteV1/Intermediate/Shaders/WorkingDirectory/8300/).
[2019.01.20-12.52.23:341][  0]LogShaderCompilers: Cleaned the shader compiler working directory 'C:/Users/MAX-GAME/AppData/Local/Temp/UnrealShaderWorkingDir/C14613064AB578532F50F39D9A4E9C5C/'.
[2019.01.20-12.52.23:352][  0]LogXGEController: Cannot use XGE Controller as Incredibuild is not installed on this machine.
[2019.01.20-12.52.23:352][  0]LogShaderCompilers: Cannot use XGE Shader Compiler as Incredibuild is not installed on this machine.
[2019.01.20-12.52.23:352][  0]LogShaderCompilers: Display: Using Local Shader Compiler.
[2019.01.20-12.52.25:031][  0]LogDerivedDataCache: Display: Max Cache Size: 512 MB
[2019.01.20-12.52.25:304][  0]LogDerivedDataCache: Loaded boot cache 0.27s 86MB C:/Users/MAX-GAME/AppData/Local/UnrealEngine/4.21/DerivedDataCache/Boot.ddc.
[2019.01.20-12.52.25:304][  0]LogDerivedDataCache: Display: Loaded Boot cache: C:/Users/MAX-GAME/AppData/Local/UnrealEngine/4.21/DerivedDataCache/Boot.ddc
[2019.01.20-12.52.25:304][  0]LogDerivedDataCache: FDerivedDataBackendGraph:  Pak pak cache file ../../../../../Playclaw5/Unreal/Github/ParallelNoteV1/DerivedDataCache/DDC.ddp not found, will not use a pak cache.
[2019.01.20-12.52.25:304][  0]LogDerivedDataCache: Unable to find inner node Pak for hierarchical cache Hierarchy.
[2019.01.20-12.52.25:304][  0]LogDerivedDataCache: FDerivedDataBackendGraph:  CompressedPak pak cache file ../../../../../Playclaw5/Unreal/Github/ParallelNoteV1/DerivedDataCache/Compressed.ddp not found, will not use a pak cache.
[2019.01.20-12.52.25:304][  0]LogDerivedDataCache: Unable to find inner node CompressedPak for hierarchical cache Hierarchy.
[2019.01.20-12.52.25:335][  0]LogDerivedDataCache: Display: Pak cache opened for reading ../../../Engine/DerivedDataCache/Compressed.ddp.
[2019.01.20-12.52.25:335][  0]LogDerivedDataCache: FDerivedDataBackendGraph:  EnterprisePak pak cache file ../../../Enterprise/DerivedDataCache/Compressed.ddp not found, will not use a pak cache.
[2019.01.20-12.52.25:335][  0]LogDerivedDataCache: Unable to find inner node EnterprisePak for hierarchical cache Hierarchy.
[2019.01.20-12.52.25:347][  0]LogDerivedDataCache: Using Local data cache path C:/Users/MAX-GAME/AppData/Local/UnrealEngine/Common/DerivedDataCache: Writable
[2019.01.20-12.52.25:347][  0]LogDerivedDataCache: Shared data cache path not found in *engine.ini, will not use an Shared cache.
[2019.01.20-12.52.25:347][  0]LogDerivedDataCache: Unable to find inner node Shared for hierarchical cache Hierarchy.
[2019.01.20-12.52.25:368][  0]LogMaterial: Verifying Global Shaders for PCD3D_SM5
[2019.01.20-12.52.25:370][  0]LogSlate: Using FreeType 2.6.0
[2019.01.20-12.52.25:397][  0]LogSlate: SlateFontServices - WITH_FREETYPE: 1, WITH_HARFBUZZ: 1
[2019.01.20-12.52.26:992][  0]LogAssetRegistry: FAssetRegistry took 0.0328 seconds to start up
[2019.01.20-12.52.27:561][  0]LogInit: Selected Device Profile: [Windows]
[2019.01.20-12.52.29:128][  0]LogSimplygon: Simplygon DLL not present - disabling.
[2019.01.20-12.52.29:389][  0]LogMeshReduction: Using SimplygonSwarm for distributed automatic mesh merging
[2019.01.20-12.52.29:389][  0]LogMeshReduction: Using ProxyLODMeshReduction for automatic mesh merging
[2019.01.20-12.52.29:389][  0]LogMeshReduction: Using QuadricMeshReduction for automatic static mesh reduction
[2019.01.20-12.52.29:389][  0]LogMeshReduction: No automatic skeletal mesh reduction module available
[2019.01.20-12.52.29:404][  0]LogNetVersion: twod_side_scroller 1.0.0, NetCL: 4541578, EngineNetVer: 5, GameNetVer: 0 (Checksum: 1352874393)
[2019.01.20-12.52.30:270][  0]LogPackageLocalizationCache: Processed 11 localized package path(s) for 1 prioritized culture(s) in 0.091611 seconds
[2019.01.20-12.52.30:275][  0]LogUObjectArray: 39775 objects as part of root set at end of initial load.
[2019.01.20-12.52.30:275][  0]LogUObjectAllocator: 6914656 out of 0 bytes used by permanent object pool.
[2019.01.20-12.52.30:275][  0]LogUObjectArray: CloseDisregardForGC: 0/0 objects in disregard for GC pool
[2019.01.20-12.52.42:338][  0]LogTcpMessaging: Initializing TcpMessaging bridge
[2019.01.20-12.52.42:369][  0]LogUdpMessaging: Initializing bridge on interface 0.0.0.0:0 to multicast group 230.0.0.1:6666.
[2019.01.20-12.52.43:719][  0]SourceControl: Source control is disabled
[2019.01.20-12.52.43:719][  0]SourceControl: Source control is disabled
[2019.01.20-12.52.43:759][  0]SourceControl: Source control is disabled
[2019.01.20-12.52.43:774][  0]SourceControl: Source control is disabled
[2019.01.20-12.52.44:688][  0]LogAndroidPermission: UAndroidPermissionCallbackProxy::GetInstance
[2019.01.20-12.52.44:857][  0]LogOcInput: OculusInput pre-init called
[2019.01.20-12.52.45:125][  0]LogEngine: Initializing Engine...
[2019.01.20-12.52.45:126][  0]LogHMD: Failed to initialize OpenVR with code 110
[2019.01.20-12.52.45:127][  0]LogStats: UGameplayTagsManager::ConstructGameplayTagTree: ImportINI prefixes -  0.000 s
[2019.01.20-12.52.45:127][  0]LogStats: UGameplayTagsManager::ConstructGameplayTagTree: Construct from data asset -  0.000 s
[2019.01.20-12.52.45:127][  0]LogStats: UGameplayTagsManager::ConstructGameplayTagTree: ImportINI -  0.000 s
[2019.01.20-12.52.45:127][  0]LogStats: UGameplayTagsManager::ConstructGameplayTagTree: GameplayTagTreeChangedEvent.Broadcast -  0.000 s
[2019.01.20-12.52.45:346][  0]LogInit: Initializing FReadOnlyCVARCache
[2019.01.20-12.52.45:482][  0]LogAIModule: Creating AISystem for world Untitled
[2019.01.20-12.52.45:536][  0]LogInit: XAudio2 using 'Højttalere (G909 Pro)' : 2 channels at 48 kHz using 16 bits per sample (channel mask 0x3)
[2019.01.20-12.52.45:549][  0]LogInit: FAudioDevice initialized.
[2019.01.20-12.52.45:549][  0]LogNetVersion: Set ProjectVersion to 1.0.0.0. Version Checksum will be recalculated on next use.
[2019.01.20-12.52.45:726][  0]LogDerivedDataCache: Saved boot cache 0.18s 86MB C:/Users/MAX-GAME/AppData/Local/UnrealEngine/4.21/DerivedDataCache/Boot.ddc.
[2019.01.20-12.52.45:736][  0]LogInit: Texture streaming: Enabled
[2019.01.20-12.52.45:802][  0]LogEngineSessionManager: EngineSessionManager initialized
[2019.01.20-12.52.45:858][  0]LogInit: Transaction tracking system initialized
[2019.01.20-12.52.46:277][  0]BlueprintLog: New page: Editor Load
[2019.01.20-12.52.47:013][  0]LocalizationService: Localization service is disabled
[2019.01.20-12.52.48:667][  0]LogFileCache: Scanning file cache for directory 'D:/Playclaw5/Unreal/Github/ParallelNoteV1/Content/' took 0.02s
[2019.01.20-12.52.48:667][  0]LogCook: Display: Max memory allowance for cook 16384mb min free memory 0mb
[2019.01.20-12.52.48:667][  0]LogCook: Display: Mobile HDR setting 0
[2019.01.20-12.52.48:667][  0]LogGameplayTags: Display: UGameplayTagsManager::DoneAddingNativeTags. DelegateIsBound: 0
[2019.01.20-12.52.48:667][  0]LogStats: UGameplayTagsManager::ConstructGameplayTagTree: ImportINI prefixes -  0.000 s
[2019.01.20-12.52.48:667][  0]LogStats: UGameplayTagsManager::ConstructGameplayTagTree: Construct from data asset -  0.000 s
[2019.01.20-12.52.48:667][  0]LogStats: UGameplayTagsManager::ConstructGameplayTagTree: ImportINI -  0.000 s
[2019.01.20-12.52.48:667][  0]LogStats: UGameplayTagsManager::ConstructGameplayTagTree: GameplayTagTreeChangedEvent.Broadcast -  0.000 s
[2019.01.20-12.52.51:287][  0]SourceControl: Source control is disabled
[2019.01.20-12.52.51:287][  0]Cmd: MAP LOAD FILE="../../../../../Playclaw5/Unreal/Github/ParallelNoteV1/Content/2DSideScrollerBP/Maps/2DSideScrollerExampleMap.umap" TEMPLATE=0 SHOWPROGRESS=1 FEATURELEVEL=3
[2019.01.20-12.52.51:288][  0]LightingResults: New page: Lighting Build
[2019.01.20-12.52.51:396][  0]MapCheck: New page: Map Check
[2019.01.20-12.52.51:396][  0]LightingResults: New page: Lighting Build
[2019.01.20-12.52.51:774][  0]LogAIModule: Creating AISystem for world 2DSideScrollerExampleMap
[2019.01.20-12.52.51:777][  0]LogEditorServer: Finished looking for orphan Actors (0.000 secs)
[2019.01.20-12.52.51:800][  0]Cmd: MAP CHECKDEP NOCLEARLOG
[2019.01.20-12.52.51:800][  0]MapCheck: Map check complete: 0 Error(s), 0 Warning(s), took 0,089ms to complete.
[2019.01.20-12.52.51:800][  0]LogFileHelpers: Loading map '2DSideScrollerExampleMap' took 0.512
[2019.01.20-12.52.51:962][  0]LogSlate: Updating window title bar state: overlay mode, drag disabled, window buttons hidden, title bar hidden
[2019.01.20-12.52.51:968][  0]LogSlate: Updating window title bar state: overlay mode, drag disabled, window buttons hidden, title bar hidden
[2019.01.20-12.52.51:975][  0]LogSlate: Updating window title bar state: overlay mode, drag disabled, window buttons hidden, title bar hidden
[2019.01.20-12.52.51:981][  0]LogSlate: Updating window title bar state: overlay mode, drag disabled, window buttons hidden, title bar hidden
[2019.01.20-12.52.52:005][  0]LogCollectionManager: Loaded 0 collections in 0.001036 seconds
[2019.01.20-12.52.52:067][  0]LogFileCache: Scanning file cache for directory 'D:/Playclaw5/Unreal/Github/ParallelNoteV1/Saved/Collections/' took 0.01s
[2019.01.20-12.52.52:067][  0]LogFileCache: Scanning file cache for directory 'D:/Playclaw5/Unreal/Github/ParallelNoteV1/Content/Developers/MAXGAME/Collections/' took 0.01s
[2019.01.20-12.52.52:068][  0]LogFileCache: Scanning file cache for directory 'D:/Playclaw5/Unreal/Github/ParallelNoteV1/Content/Collections/' took 0.01s
[2019.01.20-12.52.52:068][  0]LogCollectionManager: Rebuilt the GUID cache for 0 collections in 0.000001 seconds
[2019.01.20-12.52.52:075][  0]LogContentBrowser: Native class hierarchy populated in 0.0076 seconds. Added 2651 classes and 620 folders.
[2019.01.20-12.52.52:104][  0]LogContentBrowser: Native class hierarchy updated for 'WidgetCarousel' in 0.0003 seconds. Added 0 classes and 0 folders.
[2019.01.20-12.52.52:175][  0]LogPakFile: Registered encryption key '00000000000000000000000000000000': 0 pak files mounted, 0 remain pending
[2019.01.20-12.52.52:195][  0]LogPakFile: Registered encryption key '00000000000000000000000000000000': 0 pak files mounted, 0 remain pending
[2019.01.20-12.52.52:216][  0]LogPakFile: Registered encryption key '00000000000000000000000000000000': 0 pak files mounted, 0 remain pending
[2019.01.20-12.52.52:222][  0]LogPakFile: Registered encryption key '00000000000000000000000000000000': 0 pak files mounted, 0 remain pending
[2019.01.20-12.52.52:228][  0]LogPakFile: Registered encryption key '00000000000000000000000000000000': 0 pak files mounted, 0 remain pending
[2019.01.20-12.52.52:241][  0]LogPakFile: Registered encryption key '00000000000000000000000000000000': 0 pak files mounted, 0 remain pending
[2019.01.20-12.52.52:246][  0]LogPakFile: Registered encryption key '00000000000000000000000000000000': 0 pak files mounted, 0 remain pending
[2019.01.20-12.52.52:252][  0]LogPakFile: Registered encryption key '00000000000000000000000000000000': 0 pak files mounted, 0 remain pending
[2019.01.20-12.52.52:258][  0]LogPakFile: Registered encryption key '00000000000000000000000000000000': 0 pak files mounted, 0 remain pending
[2019.01.20-12.52.52:265][  0]LogPakFile: Registered encryption key '00000000000000000000000000000000': 0 pak files mounted, 0 remain pending
[2019.01.20-12.52.52:271][  0]LogPakFile: Registered encryption key '00000000000000000000000000000000': 0 pak files mounted, 0 remain pending
[2019.01.20-12.52.52:277][  0]LogPakFile: Registered encryption key '00000000000000000000000000000000': 0 pak files mounted, 0 remain pending
[2019.01.20-12.52.52:283][  0]LogPakFile: Registered encryption key '00000000000000000000000000000000': 0 pak files mounted, 0 remain pending
[2019.01.20-12.52.52:289][  0]LogPakFile: Registered encryption key '00000000000000000000000000000000': 0 pak files mounted, 0 remain pending
[2019.01.20-12.52.52:295][  0]LogPakFile: Registered encryption key '00000000000000000000000000000000': 0 pak files mounted, 0 remain pending
[2019.01.20-12.52.52:300][  0]LogPakFile: Registered encryption key '00000000000000000000000000000000': 0 pak files mounted, 0 remain pending
[2019.01.20-12.52.52:333][  0]LogPakFile: Registered encryption key '00000000000000000000000000000000': 0 pak files mounted, 0 remain pending
[2019.01.20-12.52.52:338][  0]LogPakFile: Registered encryption key '00000000000000000000000000000000': 0 pak files mounted, 0 remain pending
[2019.01.20-12.52.52:344][  0]LogPakFile: Registered encryption key '00000000000000000000000000000000': 0 pak files mounted, 0 remain pending
[2019.01.20-12.52.52:350][  0]LogPakFile: Registered encryption key '00000000000000000000000000000000': 0 pak files mounted, 0 remain pending
[2019.01.20-12.52.52:390][  0]LogPakFile: Registered encryption key '00000000000000000000000000000000': 0 pak files mounted, 0 remain pending
[2019.01.20-12.52.52:395][  0]LogPakFile: Registered encryption key '00000000000000000000000000000000': 0 pak files mounted, 0 remain pending
[2019.01.20-12.52.52:407][  0]LogPakFile: Registered encryption key '00000000000000000000000000000000': 0 pak files mounted, 0 remain pending
[2019.01.20-12.52.52:413][  0]LogPakFile: Registered encryption key '00000000000000000000000000000000': 0 pak files mounted, 0 remain pending
[2019.01.20-12.52.52:419][  0]LogPakFile: Registered encryption key '00000000000000000000000000000000': 0 pak files mounted, 0 remain pending
[2019.01.20-12.52.52:428][  0]LogPakFile: Registered encryption key '00000000000000000000000000000000': 0 pak files mounted, 0 remain pending
[2019.01.20-12.52.52:945][  0]LogContentBrowser: Native class hierarchy updated for 'AddContentDialog' in 0.0003 seconds. Added 0 classes and 0 folders.
[2019.01.20-12.52.52:965][  0]LogContentBrowser: Native class hierarchy updated for 'SceneOutliner' in 0.0003 seconds. Added 1 classes and 2 folders.
[2019.01.20-12.52.53:015][  0]LogSlate: Took 0.036171 seconds to synchronously load lazily loaded font '../../../Engine/Content/Slate/Fonts/Roboto-Regular.ttf' (155K)
[2019.01.20-12.52.53:062][  0]LogSlate: Took 0.045299 seconds to synchronously load lazily loaded font '../../../Engine/Content/Slate/Fonts/Roboto-Bold.ttf' (160K)
[2019.01.20-12.52.53:106][  0]LogSlate: Took 0.040880 seconds to synchronously load lazily loaded font '../../../Engine/Content/Editor/Slate/Fonts/FontAwesome.ttf' (139K)
[2019.01.20-12.52.53:232][  0]LogRenderer: Reallocating scene render targets to support 1208x580 Format 10 NumSamples 1 (Frame:1).
[2019.01.20-12.52.53:436][  0]LogContentBrowser: Native class hierarchy updated for 'HierarchicalLODOutliner' in 0.0003 seconds. Added 0 classes and 0 folders.
[2019.01.20-12.52.53:436][  0]LogLoad: (Engine Initialization) Total time: 44.90 seconds
[2019.01.20-12.52.53:436][  0]LogLoad: (Engine Initialization) Total Blueprint compile time: 0.00 seconds
[2019.01.20-12.52.53:510][  0]LogContentStreaming: Texture pool size now 1000 MB
[2019.01.20-12.52.53:579][  1]LogAssetRegistry: Asset discovery search completed in 26.6099 seconds
[2019.01.20-12.52.53:580][  1]LogCollectionManager: Rebuilt the object cache for 0 collections in 0.000000 seconds (found 0 objects)
[2019.01.20-12.52.53:580][  1]LogCollectionManager: Fixed up redirectors for 0 collections in 0.000050 seconds (updated 0 objects)
[2019.01.20-12.52.57:611][ 13]LogSlate: Took 0.022932 seconds to synchronously load lazily loaded font '../../../Engine/Content/Slate/Fonts/Roboto-Light.ttf' (167K)
[2019.01.20-12.52.58:588][ 16]LogFileCache: Retrieving MD5 hashes for directory 'D:/Playclaw5/Unreal/Github/ParallelNoteV1/Content/' took 5.12s
[2019.01.20-12.53.09:905][587]LogEditorViewport: Clicking on Actor (LMB): PaperSpriteActor (Ledge_32)
[2019.01.20-12.53.14:124][ 68]LogSlate: FSceneViewport::OnFocusLost() reason 0
[2019.01.20-12.53.20:677][832]LogSlate: Took 0.000209 seconds to synchronously load lazily loaded font '../../../Engine/Content/Slate/Fonts/Roboto-Light.ttf' (167K)
[2019.01.20-12.54.14:835][158]LogAssetEditorManager: Opening Asset editor for PaperSprite /Game/2DSideScroller/Sprites/Ledge_2.Ledge_2
[2019.01.20-12.54.14:908][158]LogSlate: Took 0.016671 seconds to synchronously load lazily loaded font '../../../Engine/Content/Slate/Fonts/Roboto-BoldCondensed.ttf' (158K)
[2019.01.20-12.54.19:333][653]LogSlate: FSceneViewport::OnFocusLost() reason 0
[2019.01.20-12.54.36:215][225]LogSlate: Took 0.018993 seconds to synchronously load lazily loaded font '../../../Engine/Content/Slate/Fonts/Roboto-Italic.ttf' (157K)
[2019.01.20-12.54.37:898][415]LogSlate: FSceneViewport::OnFocusLost() reason 0
[2019.01.20-12.54.46:258][371]LogSlate: FSceneViewport::OnFocusLost() reason 0
[2019.01.20-12.55.08:473][618]LogSlate: Window 'Ledge_2*' being destroyed
[2019.01.20-12.55.08:477][618]LogSlate: Window 'Ledge_2*' being destroyed
[2019.01.20-12.55.12:339][900]LogSlate: Window 'Delete Assets' being destroyed
[2019.01.20-12.55.32:155][168]LogAssetEditorManager: Opening Asset editor for PaperSprite /Game/2DSideScroller/Sprites/Ledge.Ledge
[2019.01.20-12.55.37:249][743]LogSlate: Window 'Ledge' being destroyed
[2019.01.20-12.55.37:252][743]LogSlate: Window 'Ledge' being destroyed
[2019.01.20-12.56.01:820][629]LogAssetEditorManager: Opening Asset editor for PaperSprite /Game/2DSideScroller/Sprites/Ledge_2.Ledge_2
[2019.01.20-12.57.22:897][567]LogSlate: FSceneViewport::OnFocusLost() reason 0
[2019.01.20-12.57.33:368][703]LogSlate: FSceneViewport::OnFocusLost() reason 0
[2019.01.20-12.57.39:115][379]LogSlate: FSceneViewport::OnFocusLost() reason 0
[2019.01.20-12.57.43:076][803]LogSlate: Window 'Extract sprites' being destroyed
[2019.01.20-12.57.52:615][905]LogSlate: FSceneViewport::OnFocusLost() reason 0
[2019.01.20-12.58.10:106][942]LogSlate: FSceneViewport::OnFocusLost() reason 0
[2019.01.20-12.58.45:931][107]LogPaper2D: Triangulation of poly failed.
[2019.01.20-12.58.45:939][108]LogPaper2D: Triangulation of poly failed.
[2019.01.20-12.58.45:948][109]LogPaper2D: Triangulation of poly failed.
[2019.01.20-12.58.45:956][110]LogPaper2D: Triangulation of poly failed.
[2019.01.20-12.58.45:965][111]LogPaper2D: Triangulation of poly failed.
[2019.01.20-12.58.45:973][112]LogPaper2D: Triangulation of poly failed.
[2019.01.20-12.58.45:982][113]LogPaper2D: Triangulation of poly failed.
[2019.01.20-12.58.45:990][114]LogPaper2D: Triangulation of poly failed.
[2019.01.20-12.58.45:998][115]LogPaper2D: Triangulation of poly failed.
[2019.01.20-12.58.46:007][116]LogPaper2D: Triangulation of poly failed.
[2019.01.20-12.58.46:015][117]LogPaper2D: Triangulation of poly failed.
[2019.01.20-12.58.46:023][118]LogPaper2D: Triangulation of poly failed.
[2019.01.20-12.58.46:032][119]LogPaper2D: Triangulation of poly failed.
[2019.01.20-12.58.46:040][120]LogPaper2D: Triangulation of poly failed.
[2019.01.20-12.58.46:049][121]LogPaper2D: Triangulation of poly failed.
[2019.01.20-12.58.46:057][122]LogPaper2D: Triangulation of poly failed.
[2019.01.20-12.58.46:065][123]LogPaper2D: Triangulation of poly failed.
[2019.01.20-12.58.46:073][124]LogPaper2D: Triangulation of poly failed.
[2019.01.20-12.58.46:082][125]LogPaper2D: Triangulation of poly failed.
[2019.01.20-12.58.46:090][126]LogPaper2D: Triangulation of poly failed.
[2019.01.20-12.58.46:098][127]LogPaper2D: Triangulation of poly failed.
[2019.01.20-12.58.46:107][128]LogPaper2D: Triangulation of poly failed.
[2019.01.20-12.58.46:115][129]LogPaper2D: Triangulation of poly failed.
[2019.01.20-12.58.46:123][130]LogPaper2D: Triangulation of poly failed.
[2019.01.20-12.58.46:132][131]LogPaper2D: Triangulation of poly failed.
[2019.01.20-12.58.46:140][132]LogPaper2D: Triangulation of poly failed.
[2019.01.20-12.58.46:149][133]LogPaper2D: Triangulation of poly failed.
[2019.01.20-12.58.46:157][134]LogPaper2D: Triangulation of poly failed.
[2019.01.20-12.58.46:165][135]LogPaper2D: Triangulation of poly failed.
[2019.01.20-12.58.46:174][136]LogPaper2D: Triangulation of poly failed.
[2019.01.20-12.58.46:181][137]LogPaper2D: Triangulation of poly failed.
[2019.01.20-12.58.46:189][138]LogPaper2D: Triangulation of poly failed.
[2019.01.20-12.58.46:198][139]LogPaper2D: Triangulation of poly failed.
[2019.01.20-12.58.46:206][140]LogPaper2D: Triangulation of poly failed.
[2019.01.20-12.58.46:215][141]LogPaper2D: Triangulation of poly failed.
[2019.01.20-12.58.46:223][142]LogPaper2D: Triangulation of poly failed.
[2019.01.20-12.58.46:232][143]LogPaper2D: Triangulation of poly failed.
[2019.01.20-12.58.46:240][144]LogPaper2D: Triangulation of poly failed.
[2019.01.20-12.58.46:248][145]LogPaper2D: Triangulation of poly failed.
[2019.01.20-12.58.46:256][146]LogPaper2D: Triangulation of poly failed.
[2019.01.20-12.58.46:266][147]LogPaper2D: Triangulation of poly failed.
[2019.01.20-12.58.46:274][148]LogPaper2D: Triangulation of poly failed.
[2019.01.20-12.58.46:283][149]LogPaper2D: Triangulation of poly failed.
[2019.01.20-12.58.46:291][150]LogPaper2D: Triangulation of poly failed.
[2019.01.20-12.58.46:299][151]LogPaper2D: Triangulation of poly failed.
[2019.01.20-12.58.46:308][152]LogPaper2D: Triangulation of poly failed.
[2019.01.20-12.58.46:316][153]LogPaper2D: Triangulation of poly failed.
[2019.01.20-12.58.46:324][154]LogPaper2D: Triangulation of poly failed.
[2019.01.20-12.58.46:970][231]LogPaper2D: Triangulation of poly failed.
[2019.01.20-12.58.46:979][232]LogPaper2D: Triangulation of poly failed.
[2019.01.20-12.58.46:987][233]LogPaper2D: Triangulation of poly failed.
[2019.01.20-12.58.46:995][234]LogPaper2D: Triangulation of poly failed.
[2019.01.20-12.58.47:004][235]LogPaper2D: Triangulation of poly failed.
[2019.01.20-12.58.47:012][236]LogPaper2D: Triangulation of poly failed.
[2019.01.20-12.58.47:021][237]LogPaper2D: Triangulation of poly failed.
[2019.01.20-12.58.47:029][238]LogPaper2D: Triangulation of poly failed.
[2019.01.20-12.58.47:037][239]LogPaper2D: Triangulation of poly failed.
[2019.01.20-12.58.47:046][240]LogPaper2D: Triangulation of poly failed.
[2019.01.20-12.58.47:054][241]LogPaper2D: Triangulation of poly failed.
[2019.01.20-12.58.47:062][242]LogPaper2D: Triangulation of poly failed.
[2019.01.20-12.58.47:071][243]LogPaper2D: Triangulation of poly failed.
[2019.01.20-12.58.47:078][244]LogPaper2D: Triangulation of poly failed.
[2019.01.20-12.58.47:087][245]LogPaper2D: Triangulation of poly failed.
[2019.01.20-12.58.47:095][246]LogPaper2D: Triangulation of poly failed.
[2019.01.20-12.58.47:104][247]LogPaper2D: Triangulation of poly failed.
[2019.01.20-12.58.47:112][248]LogPaper2D: Triangulation of poly failed.
[2019.01.20-12.58.51:338][742]LogPaper2D: Triangulation of poly failed.
[2019.01.20-12.58.51:347][743]LogPaper2D: Triangulation of poly failed.
[2019.01.20-12.58.51:355][744]LogPaper2D: Triangulation of poly failed.
[2019.01.20-12.58.51:364][745]LogPaper2D: Triangulation of poly failed.
[2019.01.20-12.58.51:372][746]LogPaper2D: Triangulation of poly failed.
[2019.01.20-12.58.51:381][747]LogPaper2D: Triangulation of poly failed.
[2019.01.20-12.58.51:389][748]LogPaper2D: Triangulation of poly failed.
[2019.01.20-12.58.51:397][749]LogPaper2D: Triangulation of poly failed.
[2019.01.20-12.58.51:405][750]LogPaper2D: Triangulation of poly failed.
[2019.01.20-12.58.51:414][751]LogPaper2D: Triangulation of poly failed.
[2019.01.20-12.58.51:422][752]LogPaper2D: Triangulation of poly failed.
[2019.01.20-12.58.51:431][753]LogPaper2D: Triangulation of poly failed.
[2019.01.20-12.58.51:622][776]LogPaper2D: Triangulation of poly failed.
[2019.01.20-12.58.51:631][777]LogPaper2D: Triangulation of poly failed.
[2019.01.20-12.58.51:639][778]LogPaper2D: Triangulation of poly failed.
[2019.01.20-12.58.51:648][779]LogPaper2D: Triangulation of poly failed.
[2019.01.20-12.58.51:656][780]LogPaper2D: Triangulation of poly failed.
[2019.01.20-12.58.51:664][781]LogPaper2D: Triangulation of poly failed.
[2019.01.20-12.58.51:672][782]LogPaper2D: Triangulation of poly failed.
[2019.01.20-12.58.51:681][783]LogPaper2D: Triangulation of poly failed.
[2019.01.20-12.58.51:689][784]LogPaper2D: Triangulation of poly failed.
[2019.01.20-12.58.51:698][785]LogPaper2D: Triangulation of poly failed.
[2019.01.20-12.59.37:632][140]LogSlate: FSceneViewport::OnFocusLost() reason 0
[2019.01.20-12.59.40:956][443]Cmd: TRANSACTION UNDO
[2019.01.20-12.59.40:956][443]LogEditorTransaction: Undo Add Box Shape
