Log file open, 01/20/19 13:17:42
LogWindows: Failed to load 'aqProf.dll' (GetLastError=126)
LogWindows: File 'aqProf.dll' does not exist
LogWindows: Failed to load 'VtuneApi.dll' (GetLastError=126)
LogWindows: File 'VtuneApi.dll' does not exist
LogWindows: Failed to load 'VtuneApi32e.dll' (GetLastError=126)
LogWindows: File 'VtuneApi32e.dll' does not exist
LogConsoleResponse: Display: Failed to find resolution value strings in scalability ini. Falling back to default.
LogInit: Display: Running engine for game: twod_side_scroller
LogPakFile: Registered encryption key '00000000000000000000000000000000': 0 pak files mounted, 0 remain pending
LogPlatformFile: Not using cached read wrapper
LogTaskGraph: Started task graph with 5 named threads and 14 total threads with 3 sets of task threads.
LogStats: Stats thread started at 2.344893
LogD3D11RHI: Loaded GFSDK_Aftermath_Lib.x64.dll
LogICUInternationalization: ICU TimeZone Detection - Raw Offset: +1:00, Platform Override: ''
LogPluginManager: Mounting plugin Paper2D
LogPluginManager: Mounting plugin AISupport
LogPluginManager: Mounting plugin LightPropagationVolume
LogPluginManager: Mounting plugin ActorLayerUtilities
LogPluginManager: Mounting plugin CLionSourceCodeAccess
LogPluginManager: Mounting plugin CodeLiteSourceCodeAccess
LogPluginManager: Mounting plugin GitSourceControl
LogPluginManager: Mounting plugin KDevelopSourceCodeAccess
LogPluginManager: Mounting plugin NullSourceCodeAccess
LogPluginManager: Mounting plugin PerforceSourceControl
LogPluginManager: Mounting plugin SubversionSourceControl
LogPluginManager: Mounting plugin UObjectPlugin
LogPluginManager: Mounting plugin VisualStudioCodeSourceCodeAccess
LogPluginManager: Mounting plugin VisualStudioSourceCodeAccess
LogPluginManager: Mounting plugin XCodeSourceCodeAccess
LogPluginManager: Mounting plugin AssetManagerEditor
LogPluginManager: Mounting plugin CryptoKeys
LogPluginManager: Mounting plugin DataValidation
LogPluginManager: Mounting plugin FacialAnimation
LogPluginManager: Mounting plugin GameplayTagsEditor
LogPluginManager: Mounting plugin MacGraphicsSwitching
LogPluginManager: Mounting plugin MeshEditor
LogPluginManager: Mounting plugin MobileLauncherProfileWizard
LogPluginManager: Mounting plugin PluginBrowser
LogPluginManager: Mounting plugin SpeedTreeImporter
LogPluginManager: Mounting plugin DatasmithContent
LogPluginManager: Mounting plugin VariantManagerContent
LogPluginManager: Mounting plugin AlembicImporter
LogPluginManager: Mounting plugin AppleImageUtils
LogPluginManager: Mounting plugin AppleVision
LogPluginManager: Mounting plugin BackChannel
LogPluginManager: Mounting plugin CharacterAI
LogPluginManager: Mounting plugin GeometryCache
LogPluginManager: Mounting plugin HTML5Networking
LogPluginManager: Mounting plugin ProxyLODPlugin
LogPluginManager: Mounting plugin MagicLeap
LogPluginManager: Mounting plugin MagicLeapMedia
LogPluginManager: Mounting plugin AndroidMedia
LogPluginManager: Mounting plugin AvfMedia
LogPluginManager: Mounting plugin ImgMedia
LogPluginManager: Mounting plugin LinearTimecode
LogPluginManager: Mounting plugin MediaCompositing
LogPluginManager: Mounting plugin MediaPlayerEditor
LogPluginManager: Mounting plugin WebMMedia
LogPluginManager: Mounting plugin WmfMedia
LogPluginManager: Mounting plugin TcpMessaging
LogPluginManager: Mounting plugin UdpMessaging
LogPluginManager: Mounting plugin ActorSequence
LogPluginManager: Mounting plugin LevelSequenceEditor
LogPluginManager: Mounting plugin MatineeToLevelSequence
LogPluginManager: Mounting plugin NetcodeUnitTest
LogPluginManager: Mounting plugin NUTUnrealEngine4
LogPluginManager: Mounting plugin OnlineSubsystemGooglePlay
LogPluginManager: Mounting plugin OnlineSubsystemIOS
LogPluginManager: Mounting plugin OnlineSubsystem
LogPluginManager: Mounting plugin OnlineSubsystemNull
LogPluginManager: Mounting plugin OnlineSubsystemUtils
LogPluginManager: Mounting plugin LauncherChunkInstaller
LogPluginManager: Mounting plugin AndroidDeviceProfileSelector
LogPluginManager: Mounting plugin AndroidMoviePlayer
LogPluginManager: Mounting plugin AndroidPermission
LogPluginManager: Mounting plugin AppleMoviePlayer
LogPluginManager: Mounting plugin ArchVisCharacter
LogPluginManager: Mounting plugin AudioCapture
LogPluginManager: Mounting plugin CableComponent
LogPluginManager: Mounting plugin CustomMeshComponent
LogPluginManager: Mounting plugin EditableMesh
LogPluginManager: Mounting plugin ExampleDeviceProfileSelector
LogPluginManager: Mounting plugin Firebase
LogPluginManager: Mounting plugin GoogleCloudMessaging
LogPluginManager: Mounting plugin IOSDeviceProfileSelector
LogPluginManager: Mounting plugin LinuxDeviceProfileSelector
LogPluginManager: Mounting plugin LocationServicesBPLibrary
LogPluginManager: Mounting plugin MobilePatchingUtils
LogPluginManager: Mounting plugin OculusVR
LogPluginManager: Mounting plugin PhysXVehicles
LogPluginManager: Mounting plugin ProceduralMeshComponent
LogPluginManager: Mounting plugin RuntimePhysXCooking
LogPluginManager: Mounting plugin SteamVR
LogPluginManager: Mounting plugin WebMMoviePlayer
LogPluginManager: Mounting plugin WindowsMoviePlayer
LogStreaming: Display: Took  0.083s to configure plugins.
LogInit: Using libcurl 7.55.1-DEV
LogInit:  - built for x86_64-pc-win32
LogInit:  - supports SSL with OpenSSL/1.0.2h
LogInit:  - supports HTTP deflate (compression) using libz 1.2.8
LogInit:  - other features:
LogInit:      CURL_VERSION_SSL
LogInit:      CURL_VERSION_LIBZ
LogInit:      CURL_VERSION_IPV6
LogInit:      CURL_VERSION_ASYNCHDNS
LogInit:      CURL_VERSION_LARGEFILE
LogInit:      CURL_VERSION_IDN
LogInit:  CurlRequestOptions (configurable via config and command line):
LogInit:  - bVerifyPeer = true  - Libcurl will verify peer certificate
LogInit:  - bUseHttpProxy = false  - Libcurl will NOT use HTTP proxy
LogInit:  - bDontReuseConnections = false  - Libcurl will reuse connections
LogInit:  - MaxHostConnections = 16  - Libcurl will limit the number of connections to a host
LogInit:  - LocalHostAddr = Default
LogInit:  - BufferSize = 65536
LogInit: WinSock: version 1.1 (2.2), MaxSocks=32767, MaxUdp=65467
LogInit: Build: ++UE4+Release-4.21-CL-4613538
LogInit: Engine Version: 4.21.1-4613538+++UE4+Release-4.21
LogInit: Compatible Engine Version: 4.21.0-4541578+++UE4+Release-4.21
LogInit: Net CL: 4541578
LogInit: OS: Windows 10 (), CPU: Intel(R) Core(TM) i5-7600 CPU @ 3.50GHz, GPU: NVIDIA GeForce GTX 960
LogInit: Compiled (64-bit): Nov 30 2018 04:13:25
LogInit: Compiled with Visual C++: 19.13.26129.00
LogInit: Build Configuration: Development
LogInit: Branch Name: ++UE4+Release-4.21
LogInit: Command Line:  -EpicPortal -epicusername=MAX-GAME -epicuserid=9dc66da4e050489a8bccca371cda8540 -epiclocale=en
LogInit: Base Directory: D:/Epic Game/UE_4.21/Engine/Binaries/Win64/
LogInit: Installed Engine Build: 1
LogDevObjectVersion: Number of dev versions registered: 22
LogDevObjectVersion:   Dev-Blueprints (B0D832E4-1F89-4F0D-ACCF-7EB736FD4AA2): 10
LogDevObjectVersion:   Dev-Build (E1C64328-A22C-4D53-A36C-8E866417BD8C): 0
LogDevObjectVersion:   Dev-Core (375EC13C-06E4-48FB-B500-84F0262A717E): 2
LogDevObjectVersion:   Dev-Editor (E4B068ED-F494-42E9-A231-DA0B2E46BB41): 26
LogDevObjectVersion:   Dev-Framework (CFFC743F-43B0-4480-9391-14DF171D2073): 34
LogDevObjectVersion:   Dev-Mobile (B02B49B5-BB20-44E9-A304-32B752E40360): 2
LogDevObjectVersion:   Dev-Networking (A4E4105C-59A1-49B5-A7C5-40C4547EDFEE): 0
LogDevObjectVersion:   Dev-Online (39C831C9-5AE6-47DC-9A44-9C173E1C8E7C): 0
LogDevObjectVersion:   Dev-Physics (78F01B33-EBEA-4F98-B9B4-84EACCB95AA2): 0
LogDevObjectVersion:   Dev-Platform (6631380F-2D4D-43E0-8009-CF276956A95A): 0
LogDevObjectVersion:   Dev-Rendering (12F88B9F-8875-4AFC-A67C-D90C383ABD29): 27
LogDevObjectVersion:   Dev-Sequencer (7B5AE74C-D270-4C10-A958-57980B212A5A): 9
LogDevObjectVersion:   Dev-VR (D7296918-1DD6-4BDD-9DE2-64A83CC13884): 2
LogDevObjectVersion:   Dev-LoadTimes (C2A15278-BFE7-4AFE-6C17-90FF531DF755): 1
LogDevObjectVersion:   Private-Geometry (6EACA3D4-40EC-4CC1-B786-8BED09428FC5): 3
LogDevObjectVersion:   Dev-AnimPhys (29E575DD-E0A3-4627-9D10-D276232CDCEA): 17
LogDevObjectVersion:   Dev-Anim (AF43A65D-7FD3-4947-9873-3E8ED9C1BB05): 2
LogDevObjectVersion:   Dev-ReflectionCapture (6B266CEC-1EC7-4B8F-A30B-E4D90942FC07): 1
LogDevObjectVersion:   Dev-Automation (0DF73D61-A23F-47EA-B727-89E90C41499A): 1
LogDevObjectVersion:   FortniteMain (601D1886-AC64-4F84-AA16-D3DE0DEAC7D6): 17
LogDevObjectVersion:   Dev-Enterprise (9DFFBCD6-494F-0158-E221-12823C92A888): 4
LogDevObjectVersion:   Dev-Niagara (F2AED0AC-9AFE-416F-8664-AA7FFA26D6FC): 1
LogStreaming: Display: Took  0.001s to delete old logs.
LogInit: Presizing for max 8388607 objects, including 0 objects not considered by GC, pre-allocating 0 bytes for permanent pool.
LogInit: Object subsystem initialized
LogConfig: Setting CVar [[con.DebugEarlyDefault:1]]
LogConfig: Setting CVar [[r.setres:1280x720]]
[2019.01.20-12.17.43:945][  0]LogConfig: Setting CVar [[r.VSync:0]]
[2019.01.20-12.17.43:945][  0]LogConfig: Setting CVar [[r.RHICmdBypass:0]]
[2019.01.20-12.17.43:945][  0]LogConfig: Applying CVar settings from Section [/Script/Engine.RendererSettings] File [D:/Playclaw5/Unreal/Github/ParallelNoteV1/Saved/Config/Windows/Engine.ini]
[2019.01.20-12.17.43:945][  0]LogConfig: Setting CVar [[r.GPUCrashDebugging:0]]
[2019.01.20-12.17.43:945][  0]LogConfig: Setting CVar [[r.MobileHDR:0]]
[2019.01.20-12.17.43:945][  0]LogConfig: Setting CVar [[r.Mobile.DisableVertexFog:1]]
[2019.01.20-12.17.43:945][  0]LogConfig: Setting CVar [[r.Shadow.CSM.MaxMobileCascades:2]]
[2019.01.20-12.17.43:945][  0]LogConfig: Setting CVar [[r.MobileMSAA:1]]
[2019.01.20-12.17.43:945][  0]LogConfig: Setting CVar [[r.Mobile.UseLegacyShadingModel:0]]
[2019.01.20-12.17.43:945][  0]LogConfig: Setting CVar [[r.Mobile.AllowDitheredLODTransition:0]]
[2019.01.20-12.17.43:945][  0]LogConfig: Setting CVar [[r.Mobile.AllowSoftwareOcclusion:0]]
[2019.01.20-12.17.43:945][  0]LogConfig: Setting CVar [[r.DiscardUnusedQuality:0]]
[2019.01.20-12.17.43:945][  0]LogConfig: Setting CVar [[r.AllowOcclusionQueries:1]]
[2019.01.20-12.17.43:945][  0]LogConfig: Setting CVar [[r.MinScreenRadiusForLights:0.030000]]
[2019.01.20-12.17.43:945][  0]LogConfig: Setting CVar [[r.MinScreenRadiusForDepthPrepass:0.030000]]
[2019.01.20-12.17.43:945][  0]LogConfig: Setting CVar [[r.MinScreenRadiusForCSMDepth:0.010000]]
[2019.01.20-12.17.43:945][  0]LogConfig: Setting CVar [[r.PrecomputedVisibilityWarning:0]]
[2019.01.20-12.17.43:945][  0]LogConfig: Setting CVar [[r.TextureStreaming:1]]
[2019.01.20-12.17.43:945][  0]LogConfig: Setting CVar [[Compat.UseDXT5NormalMaps:0]]
[2019.01.20-12.17.43:945][  0]LogConfig: Setting CVar [[r.ClearCoatNormal:0]]
[2019.01.20-12.17.43:945][  0]LogConfig: Setting CVar [[r.ReflectionCaptureResolution:128]]
[2019.01.20-12.17.43:945][  0]LogConfig: Setting CVar [[r.ReflectionEnvironmentLightmapMixBasedOnRoughness:1]]
[2019.01.20-12.17.43:945][  0]LogConfig: Setting CVar [[r.ForwardShading:0]]
[2019.01.20-12.17.43:945][  0]LogConfig: Setting CVar [[r.VertexFoggingForOpaque:1]]
[2019.01.20-12.17.43:945][  0]LogConfig: Setting CVar [[r.AllowStaticLighting:1]]
[2019.01.20-12.17.43:945][  0]LogConfig: Setting CVar [[r.NormalMapsForStaticLighting:0]]
[2019.01.20-12.17.43:945][  0]LogConfig: Setting CVar [[r.GenerateMeshDistanceFields:0]]
[2019.01.20-12.17.43:945][  0]LogConfig: Setting CVar [[r.DistanceFieldBuild.EightBit:0]]
[2019.01.20-12.17.43:945][  0]LogConfig: Setting CVar [[r.GenerateLandscapeGIData:0]]
[2019.01.20-12.17.43:945][  0]LogConfig: Setting CVar [[r.DistanceFieldBuild.Compress:0]]
[2019.01.20-12.17.43:945][  0]LogConfig: Setting CVar [[r.TessellationAdaptivePixelsPerTriangle:48.000000]]
[2019.01.20-12.17.43:945][  0]LogConfig: Setting CVar [[r.SeparateTranslucency:0]]
[2019.01.20-12.17.43:945][  0]LogConfig: Setting CVar [[r.TranslucentSortPolicy:0]]
[2019.01.20-12.17.43:945][  0]LogConfig: Setting CVar [[r.CustomDepth:1]]
[2019.01.20-12.17.43:945][  0]LogConfig: Setting CVar [[r.CustomDepthTemporalAAJitter:1]]
[2019.01.20-12.17.43:945][  0]LogConfig: Setting CVar [[r.PostProcessing.PropagateAlpha:0]]
[2019.01.20-12.17.43:945][  0]LogConfig: Setting CVar [[r.DOF.Algorithm:1]]
[2019.01.20-12.17.43:945][  0]LogConfig: Setting CVar [[r.DefaultFeature.Bloom:0]]
[2019.01.20-12.17.43:945][  0]LogConfig: Setting CVar [[r.DefaultFeature.AmbientOcclusion:0]]
[2019.01.20-12.17.43:945][  0]LogConfig: Setting CVar [[r.DefaultFeature.AmbientOcclusionStaticFraction:1]]
[2019.01.20-12.17.43:945][  0]LogConfig: Setting CVar [[r.DefaultFeature.AutoExposure:0]]
[2019.01.20-12.17.43:945][  0]LogConfig: Setting CVar [[r.DefaultFeature.AutoExposure.Method:0]]
[2019.01.20-12.17.43:945][  0]LogConfig: Setting CVar [[r.DefaultFeature.AutoExposure.ExtendDefaultLuminanceRange:0]]
[2019.01.20-12.17.43:945][  0]LogConfig: Setting CVar [[r.UsePreExposure:0]]
[2019.01.20-12.17.43:945][  0]LogConfig: Setting CVar [[r.DefaultFeature.MotionBlur:0]]
[2019.01.20-12.17.43:945][  0]LogConfig: Setting CVar [[r.DefaultFeature.LensFlare:0]]
[2019.01.20-12.17.43:945][  0]LogConfig: Setting CVar [[r.TemporalAA.Upsampling:0]]
[2019.01.20-12.17.43:945][  0]LogConfig: Setting CVar [[r.DefaultFeature.AntiAliasing:0]]
[2019.01.20-12.17.43:945][  0]LogConfig: Setting CVar [[r.DefaultFeature.LightUnits:1]]
[2019.01.20-12.17.43:945][  0]LogConfig: Setting CVar [[r.DefaultBackBufferPixelFormat:4]]
[2019.01.20-12.17.43:945][  0]LogConfig: Setting CVar [[r.Shadow.UnbuiltPreviewInGame:1]]
[2019.01.20-12.17.43:945][  0]LogConfig: Setting CVar [[r.StencilForLODDither:0]]
[2019.01.20-12.17.43:945][  0]LogConfig: Setting CVar [[r.EarlyZPass:3]]
[2019.01.20-12.17.43:945][  0]LogConfig: Setting CVar [[r.EarlyZPassMovable:1]]
[2019.01.20-12.17.43:945][  0]LogConfig: Setting CVar [[r.EarlyZPassOnlyMaterialMasking:0]]
[2019.01.20-12.17.43:945][  0]LogConfig: Setting CVar [[r.DBuffer:1]]
[2019.01.20-12.17.43:945][  0]LogConfig: Setting CVar [[r.ClearSceneMethod:1]]
[2019.01.20-12.17.43:945][  0]LogConfig: Setting CVar [[r.BasePassOutputsVelocity:0]]
[2019.01.20-12.17.43:945][  0]LogConfig: Setting CVar [[r.SelectiveBasePassOutputs:0]]
[2019.01.20-12.17.43:945][  0]LogConfig: Setting CVar [[fx.GPUSimulationTextureSizeX:1024]]
[2019.01.20-12.17.43:945][  0]LogConfig: Setting CVar [[fx.GPUSimulationTextureSizeY:1024]]
[2019.01.20-12.17.43:945][  0]LogConfig: Setting CVar [[r.AllowGlobalClipPlane:0]]
[2019.01.20-12.17.43:945][  0]LogConfig: Setting CVar [[r.GBufferFormat:1]]
[2019.01.20-12.17.43:945][  0]LogConfig: Setting CVar [[r.MorphTarget.Mode:1]]
[2019.01.20-12.17.43:945][  0]LogConfig: Setting CVar [[vr.InstancedStereo:0]]
[2019.01.20-12.17.43:945][  0]LogConfig: Setting CVar [[vr.MultiView:0]]
[2019.01.20-12.17.43:945][  0]LogConfig: Setting CVar [[vr.MobileMultiView:0]]
[2019.01.20-12.17.43:945][  0]LogConfig: Setting CVar [[vr.MobileMultiView.Direct:0]]
[2019.01.20-12.17.43:945][  0]LogConfig: Setting CVar [[vr.MonoscopicFarField:0]]
[2019.01.20-12.17.43:945][  0]LogConfig: Setting CVar [[vr.RoundRobinOcclusion:0]]
[2019.01.20-12.17.43:945][  0]LogConfig: Setting CVar [[vr.ODSCapture:0]]
[2019.01.20-12.17.43:945][  0]LogConfig: Setting CVar [[r.WireframeCullThreshold:5.000000]]
[2019.01.20-12.17.43:945][  0]LogConfig: Setting CVar [[r.SupportStationarySkylight:1]]
[2019.01.20-12.17.43:945][  0]LogConfig: Setting CVar [[r.SupportLowQualityLightmaps:1]]
[2019.01.20-12.17.43:945][  0]LogConfig: Setting CVar [[r.SupportPointLightWholeSceneShadows:1]]
[2019.01.20-12.17.43:945][  0]LogConfig: Setting CVar [[r.SupportAtmosphericFog:1]]
[2019.01.20-12.17.43:945][  0]LogConfig: Setting CVar [[r.SkinCache.CompileShaders:0]]
[2019.01.20-12.17.43:945][  0]LogConfig: Setting CVar [[r.Mobile.EnableStaticAndCSMShadowReceivers:1]]
[2019.01.20-12.17.43:945][  0]LogConfig: Setting CVar [[r.Mobile.EnableMovableLightCSMShaderCulling:1]]
[2019.01.20-12.17.43:945][  0]LogConfig: Setting CVar [[r.Mobile.AllowDistanceFieldShadows:1]]
[2019.01.20-12.17.43:945][  0]LogConfig: Setting CVar [[r.Mobile.AllowMovableDirectionalLights:1]]
[2019.01.20-12.17.43:945][  0]LogConfig: Setting CVar [[r.MobileNumDynamicPointLights:4]]
[2019.01.20-12.17.43:945][  0]LogConfig: Setting CVar [[r.MobileDynamicPointLightsUseStaticBranch:1]]
[2019.01.20-12.17.43:945][  0]LogConfig: Setting CVar [[r.SkinCache.SceneMemoryLimitInMB:128.000000]]
[2019.01.20-12.17.43:945][  0]LogConfig: Setting CVar [[r.GPUSkin.Limit2BoneInfluences:0]]
[2019.01.20-12.17.43:945][  0]LogConfig: Setting CVar [[r.SupportDepthOnlyIndexBuffers:1]]
[2019.01.20-12.17.43:945][  0]LogConfig: Setting CVar [[r.SupportReversedIndexBuffers:1]]
[2019.01.20-12.17.43:945][  0]LogConfig: Setting CVar [[r.SupportMaterialLayers:0]]
[2019.01.20-12.17.43:945][  0]LogConfig: Applying CVar settings from Section [/Script/Engine.RendererOverrideSettings] File [D:/Playclaw5/Unreal/Github/ParallelNoteV1/Saved/Config/Windows/Engine.ini]
[2019.01.20-12.17.43:945][  0]LogConfig: Applying CVar settings from Section [/Script/Engine.StreamingSettings] File [D:/Playclaw5/Unreal/Github/ParallelNoteV1/Saved/Config/Windows/Engine.ini]
[2019.01.20-12.17.43:945][  0]LogConfig: Setting CVar [[s.MinBulkDataSizeForAsyncLoading:131072]]
[2019.01.20-12.17.43:945][  0]LogConfig: Setting CVar [[s.AsyncLoadingThreadEnabled:0]]
[2019.01.20-12.17.43:945][  0]LogConfig: Setting CVar [[s.EventDrivenLoaderEnabled:1]]
[2019.01.20-12.17.43:945][  0]LogConfig: Setting CVar [[s.WarnIfTimeLimitExceeded:0]]
[2019.01.20-12.17.43:945][  0]LogConfig: Setting CVar [[s.TimeLimitExceededMultiplier:1.5]]
[2019.01.20-12.17.43:945][  0]LogConfig: Setting CVar [[s.TimeLimitExceededMinTime:0.005]]
[2019.01.20-12.17.43:945][  0]LogConfig: Setting CVar [[s.UseBackgroundLevelStreaming:1]]
[2019.01.20-12.17.43:945][  0]LogConfig: Setting CVar [[s.PriorityAsyncLoadingExtraTime:15.0]]
[2019.01.20-12.17.43:945][  0]LogConfig: Setting CVar [[s.LevelStreamingActorsUpdateTimeLimit:5.0]]
[2019.01.20-12.17.43:945][  0]LogConfig: Setting CVar [[s.PriorityLevelStreamingActorsUpdateExtraTime:5.0]]
[2019.01.20-12.17.43:945][  0]LogConfig: Setting CVar [[s.LevelStreamingComponentsRegistrationGranularity:10]]
[2019.01.20-12.17.43:945][  0]LogConfig: Setting CVar [[s.UnregisterComponentsTimeLimit:1.0]]
[2019.01.20-12.17.43:945][  0]LogConfig: Setting CVar [[s.LevelStreamingComponentsUnregistrationGranularity:5]]
[2019.01.20-12.17.43:945][  0]LogConfig: Applying CVar settings from Section [/Script/Engine.GarbageCollectionSettings] File [D:/Playclaw5/Unreal/Github/ParallelNoteV1/Saved/Config/Windows/Engine.ini]
[2019.01.20-12.17.43:945][  0]LogConfig: Setting CVar [[gc.MaxObjectsNotConsideredByGC:1]]
[2019.01.20-12.17.43:945][  0]LogConfig: Setting CVar [[gc.SizeOfPermanentObjectPool:0]]
[2019.01.20-12.17.43:945][  0]LogConfig: Setting CVar [[gc.FlushStreamingOnGC:0]]
[2019.01.20-12.17.43:945][  0]LogConfig: Setting CVar [[gc.NumRetriesBeforeForcingGC:10]]
[2019.01.20-12.17.43:945][  0]LogConfig: Setting CVar [[gc.AllowParallelGC:1]]
[2019.01.20-12.17.43:945][  0]LogConfig: Setting CVar [[gc.TimeBetweenPurgingPendingKillObjects:61.1]]
[2019.01.20-12.17.43:945][  0]LogConfig: Setting CVar [[gc.MaxObjectsInEditor:8388607]]
[2019.01.20-12.17.43:945][  0]LogConfig: Setting CVar [[gc.IncrementalBeginDestroyEnabled:1]]
[2019.01.20-12.17.43:945][  0]LogConfig: Setting CVar [[gc.CreateGCClusters:1]]
[2019.01.20-12.17.43:945][  0]LogConfig: Setting CVar [[gc.MergeGCClusters:0]]
[2019.01.20-12.17.43:945][  0]LogConfig: Setting CVar [[gc.MinGCClusterSize:5]]
[2019.01.20-12.17.43:945][  0]LogConfig: Setting CVar [[gc.ActorClusteringEnabled:0]]
[2019.01.20-12.17.43:945][  0]LogConfig: Setting CVar [[gc.BlueprintClusteringEnabled:0]]
[2019.01.20-12.17.43:945][  0]LogConfig: Setting CVar [[gc.UseDisregardForGCOnDedicatedServers:0]]
[2019.01.20-12.17.43:945][  0]LogConfig: Applying CVar settings from Section [/Script/Engine.NetworkSettings] File [D:/Playclaw5/Unreal/Github/ParallelNoteV1/Saved/Config/Windows/Engine.ini]
[2019.01.20-12.17.43:945][  0]LogConfig: Applying CVar settings from Section [/Script/UnrealEd.CookerSettings] File [D:/Playclaw5/Unreal/Github/ParallelNoteV1/Saved/Config/Windows/Engine.ini]
[2019.01.20-12.17.43:949][  0]LogConfig: Applying CVar settings from Section [ViewDistanceQuality@3] File [D:/Playclaw5/Unreal/Github/ParallelNoteV1/Saved/Config/Windows/Scalability.ini]
[2019.01.20-12.17.43:949][  0]LogConfig: Setting CVar [[r.SkeletalMeshLODBias:0]]
[2019.01.20-12.17.43:949][  0]LogConfig: Setting CVar [[r.ViewDistanceScale:1.0]]
[2019.01.20-12.17.43:949][  0]LogConfig: Applying CVar settings from Section [AntiAliasingQuality@3] File [D:/Playclaw5/Unreal/Github/ParallelNoteV1/Saved/Config/Windows/Scalability.ini]
[2019.01.20-12.17.43:950][  0]LogConfig: Setting CVar [[r.PostProcessAAQuality:4]]
[2019.01.20-12.17.43:950][  0]LogConfig: Applying CVar settings from Section [ShadowQuality@3] File [D:/Playclaw5/Unreal/Github/ParallelNoteV1/Saved/Config/Windows/Scalability.ini]
[2019.01.20-12.17.43:950][  0]LogConfig: Setting CVar [[r.LightFunctionQuality:1]]
[2019.01.20-12.17.43:950][  0]LogConfig: Setting CVar [[r.ShadowQuality:5]]
[2019.01.20-12.17.43:950][  0]LogConfig: Setting CVar [[r.Shadow.CSM.MaxCascades:10]]
[2019.01.20-12.17.43:950][  0]LogConfig: Setting CVar [[r.Shadow.MaxResolution:2048]]
[2019.01.20-12.17.43:950][  0]LogConfig: Setting CVar [[r.Shadow.MaxCSMResolution:2048]]
[2019.01.20-12.17.43:950][  0]LogConfig: Setting CVar [[r.Shadow.RadiusThreshold:0.01]]
[2019.01.20-12.17.43:950][  0]LogConfig: Setting CVar [[r.Shadow.DistanceScale:1.0]]
[2019.01.20-12.17.43:950][  0]LogConfig: Setting CVar [[r.Shadow.CSM.TransitionScale:1.0]]
[2019.01.20-12.17.43:950][  0]LogConfig: Setting CVar [[r.Shadow.PreShadowResolutionFactor:1.0]]
[2019.01.20-12.17.43:950][  0]LogConfig: Setting CVar [[r.DistanceFieldShadowing:1]]
[2019.01.20-12.17.43:950][  0]LogConfig: Setting CVar [[r.DistanceFieldAO:1]]
[2019.01.20-12.17.43:950][  0]LogConfig: Setting CVar [[r.AOQuality:2]]
[2019.01.20-12.17.43:950][  0]LogConfig: Setting CVar [[r.VolumetricFog:1]]
[2019.01.20-12.17.43:950][  0]LogConfig: Setting CVar [[r.VolumetricFog.GridPixelSize:8]]
[2019.01.20-12.17.43:950][  0]LogConfig: Setting CVar [[r.VolumetricFog.GridSizeZ:128]]
[2019.01.20-12.17.43:950][  0]LogConfig: Setting CVar [[r.VolumetricFog.HistoryMissSupersampleCount:4]]
[2019.01.20-12.17.43:950][  0]LogConfig: Setting CVar [[r.LightMaxDrawDistanceScale:1]]
[2019.01.20-12.17.43:950][  0]LogConfig: Setting CVar [[r.CapsuleShadows:1]]
[2019.01.20-12.17.43:950][  0]LogConfig: Applying CVar settings from Section [PostProcessQuality@3] File [D:/Playclaw5/Unreal/Github/ParallelNoteV1/Saved/Config/Windows/Scalability.ini]
[2019.01.20-12.17.43:950][  0]LogConfig: Setting CVar [[r.MotionBlurQuality:4]]
[2019.01.20-12.17.43:950][  0]LogConfig: Setting CVar [[r.AmbientOcclusionMipLevelFactor:0.4]]
[2019.01.20-12.17.43:950][  0]LogConfig: Setting CVar [[r.AmbientOcclusionMaxQuality:100]]
[2019.01.20-12.17.43:950][  0]LogConfig: Setting CVar [[r.AmbientOcclusionLevels:-1]]
[2019.01.20-12.17.43:950][  0]LogConfig: Setting CVar [[r.AmbientOcclusionRadiusScale:1.0]]
[2019.01.20-12.17.43:950][  0]LogConfig: Setting CVar [[r.DepthOfFieldQuality:2]]
[2019.01.20-12.17.43:950][  0]LogConfig: Setting CVar [[r.RenderTargetPoolMin:400]]
[2019.01.20-12.17.43:950][  0]LogConfig: Setting CVar [[r.LensFlareQuality:2]]
[2019.01.20-12.17.43:950][  0]LogConfig: Setting CVar [[r.SceneColorFringeQuality:1]]
[2019.01.20-12.17.43:950][  0]LogConfig: Setting CVar [[r.EyeAdaptationQuality:2]]
[2019.01.20-12.17.43:950][  0]LogConfig: Setting CVar [[r.BloomQuality:5]]
[2019.01.20-12.17.43:950][  0]LogConfig: Setting CVar [[r.FastBlurThreshold:100]]
[2019.01.20-12.17.43:950][  0]LogConfig: Setting CVar [[r.Upscale.Quality:3]]
[2019.01.20-12.17.43:950][  0]LogConfig: Setting CVar [[r.Tonemapper.GrainQuantization:1]]
[2019.01.20-12.17.43:950][  0]LogConfig: Setting CVar [[r.LightShaftQuality:1]]
[2019.01.20-12.17.43:950][  0]LogConfig: Setting CVar [[r.Filter.SizeScale:1]]
[2019.01.20-12.17.43:950][  0]LogConfig: Setting CVar [[r.Tonemapper.Quality:5]]
[2019.01.20-12.17.43:950][  0]LogConfig: Setting CVar [[r.DOF.Gather.AccumulatorQuality:1        ; higher gathering accumulator quality]]
[2019.01.20-12.17.43:950][  0]LogConfig: Setting CVar [[r.DOF.Gather.PostfilterMethod:1          ; Median3x3 postfilering method]]
[2019.01.20-12.17.43:950][  0]LogConfig: Setting CVar [[r.DOF.Gather.EnableBokehSettings:0       ; no bokeh simulation when gathering]]
[2019.01.20-12.17.43:950][  0]LogConfig: Setting CVar [[r.DOF.Gather.RingCount:4                 ; medium number of samples when gathering]]
[2019.01.20-12.17.43:950][  0]LogConfig: Setting CVar [[r.DOF.Scatter.ForegroundCompositing:1    ; additive foreground scattering]]
[2019.01.20-12.17.43:950][  0]LogConfig: Setting CVar [[r.DOF.Scatter.BackgroundCompositing:2    ; additive background scattering]]
[2019.01.20-12.17.43:950][  0]LogConfig: Setting CVar [[r.DOF.Scatter.EnableBokehSettings:1      ; bokeh simulation when scattering]]
[2019.01.20-12.17.43:950][  0]LogConfig: Setting CVar [[r.DOF.Scatter.MaxSpriteRatio:0.1         ; only a maximum of 10% of scattered bokeh]]
[2019.01.20-12.17.43:950][  0]LogConfig: Setting CVar [[r.DOF.Recombine.Quality:1                ; cheap slight out of focus]]
[2019.01.20-12.17.43:950][  0]LogConfig: Setting CVar [[r.DOF.Recombine.EnableBokehSettings:0    ; no bokeh simulation on slight out of focus]]
[2019.01.20-12.17.43:950][  0]LogConfig: Setting CVar [[r.DOF.TemporalAAQuality:1                ; more stable temporal accumulation]]
[2019.01.20-12.17.43:950][  0]LogConfig: Setting CVar [[r.DOF.Kernel.MaxForegroundRadius:0.025]]
[2019.01.20-12.17.43:950][  0]LogConfig: Setting CVar [[r.DOF.Kernel.MaxBackgroundRadius:0.025]]
[2019.01.20-12.17.43:950][  0]LogConfig: Applying CVar settings from Section [TextureQuality@3] File [D:/Playclaw5/Unreal/Github/ParallelNoteV1/Saved/Config/Windows/Scalability.ini]
[2019.01.20-12.17.43:950][  0]LogConfig: Setting CVar [[r.Streaming.MipBias:0]]
[2019.01.20-12.17.43:950][  0]LogConfig: Setting CVar [[r.Streaming.AmortizeCPUToGPUCopy:0]]
[2019.01.20-12.17.43:950][  0]LogConfig: Setting CVar [[r.Streaming.MaxNumTexturesToStreamPerFrame:0]]
[2019.01.20-12.17.43:950][  0]LogConfig: Setting CVar [[r.Streaming.Boost:1]]
[2019.01.20-12.17.43:950][  0]LogConfig: Setting CVar [[r.MaxAnisotropy:8]]
[2019.01.20-12.17.43:950][  0]LogConfig: Setting CVar [[r.Streaming.LimitPoolSizeToVRAM:0]]
[2019.01.20-12.17.43:950][  0]LogConfig: Setting CVar [[r.Streaming.PoolSize:1000]]
[2019.01.20-12.17.43:950][  0]LogConfig: Setting CVar [[r.Streaming.MaxEffectiveScreenSize:0]]
[2019.01.20-12.17.43:950][  0]LogConfig: Applying CVar settings from Section [EffectsQuality@3] File [D:/Playclaw5/Unreal/Github/ParallelNoteV1/Saved/Config/Windows/Scalability.ini]
[2019.01.20-12.17.43:951][  0]LogConfig: Setting CVar [[r.TranslucencyLightingVolumeDim:64]]
[2019.01.20-12.17.43:951][  0]LogConfig: Setting CVar [[r.RefractionQuality:2]]
[2019.01.20-12.17.43:951][  0]LogConfig: Setting CVar [[r.SSR.Quality:3]]
[2019.01.20-12.17.43:951][  0]LogConfig: Setting CVar [[r.SceneColorFormat:4]]
[2019.01.20-12.17.43:951][  0]LogConfig: Setting CVar [[r.DetailMode:2]]
[2019.01.20-12.17.43:951][  0]LogConfig: Setting CVar [[r.TranslucencyVolumeBlur:1]]
[2019.01.20-12.17.43:951][  0]LogConfig: Setting CVar [[r.MaterialQualityLevel:1 ; High quality]]
[2019.01.20-12.17.43:951][  0]LogConfig: Setting CVar [[r.SSS.Scale:1]]
[2019.01.20-12.17.43:951][  0]LogConfig: Setting CVar [[r.SSS.SampleSet:2]]
[2019.01.20-12.17.43:951][  0]LogConfig: Setting CVar [[r.SSS.Quality:1]]
[2019.01.20-12.17.43:951][  0]LogConfig: Setting CVar [[r.SSS.HalfRes:1]]
[2019.01.20-12.17.43:951][  0]LogConfig: Setting CVar [[r.EmitterSpawnRateScale:1.0]]
[2019.01.20-12.17.43:951][  0]LogConfig: Setting CVar [[r.ParticleLightQuality:2]]
[2019.01.20-12.17.43:951][  0]LogConfig: Applying CVar settings from Section [FoliageQuality@3] File [D:/Playclaw5/Unreal/Github/ParallelNoteV1/Saved/Config/Windows/Scalability.ini]
[2019.01.20-12.17.43:951][  0]LogConfig: Setting CVar [[foliage.DensityScale:1.0]]
[2019.01.20-12.17.43:951][  0]LogConfig: Setting CVar [[grass.DensityScale:1.0]]
[2019.01.20-12.17.43:951][  0]LogInit: Selected Device Profile: [Windows]
[2019.01.20-12.17.43:951][  0]LogInit: Applying CVar settings loaded from the selected device profile: [Windows]
[2019.01.20-12.17.43:966][  0]LogHAL: Display: Platform has ~ 8 GB [8519970816 / 8589934592 / 8], which maps to Default [LargestMinGB=32, LargerMinGB=12, DefaultMinGB=8, SmallerMinGB=6, SmallestMinGB=0)
[2019.01.20-12.17.43:966][  0]LogConfig: Setting CVar [[r.Vulkan.UseRealUBs:1]]
[2019.01.20-12.17.43:966][  0]LogInit: Going up to parent DeviceProfile []
[2019.01.20-12.17.43:966][  0]LogConfig: Applying CVar settings from Section [ViewDistanceQuality@3] File [D:/Playclaw5/Unreal/Github/ParallelNoteV1/Saved/Config/Windows/Scalability.ini]
[2019.01.20-12.17.43:966][  0]LogConfig: Setting CVar [[r.SkeletalMeshLODBias:0]]
[2019.01.20-12.17.43:966][  0]LogConfig: Setting CVar [[r.ViewDistanceScale:1.0]]
[2019.01.20-12.17.43:966][  0]LogConfig: Applying CVar settings from Section [AntiAliasingQuality@3] File [D:/Playclaw5/Unreal/Github/ParallelNoteV1/Saved/Config/Windows/Scalability.ini]
[2019.01.20-12.17.43:966][  0]LogConfig: Setting CVar [[r.PostProcessAAQuality:4]]
[2019.01.20-12.17.43:966][  0]LogConfig: Applying CVar settings from Section [ShadowQuality@3] File [D:/Playclaw5/Unreal/Github/ParallelNoteV1/Saved/Config/Windows/Scalability.ini]
[2019.01.20-12.17.43:966][  0]LogConfig: Setting CVar [[r.LightFunctionQuality:1]]
[2019.01.20-12.17.43:966][  0]LogConfig: Setting CVar [[r.ShadowQuality:5]]
[2019.01.20-12.17.43:966][  0]LogConfig: Setting CVar [[r.Shadow.CSM.MaxCascades:10]]
[2019.01.20-12.17.43:966][  0]LogConfig: Setting CVar [[r.Shadow.MaxResolution:2048]]
[2019.01.20-12.17.43:966][  0]LogConfig: Setting CVar [[r.Shadow.MaxCSMResolution:2048]]
[2019.01.20-12.17.43:966][  0]LogConfig: Setting CVar [[r.Shadow.RadiusThreshold:0.01]]
[2019.01.20-12.17.43:966][  0]LogConfig: Setting CVar [[r.Shadow.DistanceScale:1.0]]
[2019.01.20-12.17.43:966][  0]LogConfig: Setting CVar [[r.Shadow.CSM.TransitionScale:1.0]]
[2019.01.20-12.17.43:966][  0]LogConfig: Setting CVar [[r.Shadow.PreShadowResolutionFactor:1.0]]
[2019.01.20-12.17.43:966][  0]LogConfig: Setting CVar [[r.DistanceFieldShadowing:1]]
[2019.01.20-12.17.43:966][  0]LogConfig: Setting CVar [[r.DistanceFieldAO:1]]
[2019.01.20-12.17.43:966][  0]LogConfig: Setting CVar [[r.AOQuality:2]]
[2019.01.20-12.17.43:966][  0]LogConfig: Setting CVar [[r.VolumetricFog:1]]
[2019.01.20-12.17.43:966][  0]LogConfig: Setting CVar [[r.VolumetricFog.GridPixelSize:8]]
[2019.01.20-12.17.43:966][  0]LogConfig: Setting CVar [[r.VolumetricFog.GridSizeZ:128]]
[2019.01.20-12.17.43:966][  0]LogConfig: Setting CVar [[r.VolumetricFog.HistoryMissSupersampleCount:4]]
[2019.01.20-12.17.43:966][  0]LogConfig: Setting CVar [[r.LightMaxDrawDistanceScale:1]]
[2019.01.20-12.17.43:966][  0]LogConfig: Setting CVar [[r.CapsuleShadows:1]]
[2019.01.20-12.17.43:966][  0]LogConfig: Applying CVar settings from Section [PostProcessQuality@3] File [D:/Playclaw5/Unreal/Github/ParallelNoteV1/Saved/Config/Windows/Scalability.ini]
[2019.01.20-12.17.43:966][  0]LogConfig: Setting CVar [[r.MotionBlurQuality:4]]
[2019.01.20-12.17.43:966][  0]LogConfig: Setting CVar [[r.AmbientOcclusionMipLevelFactor:0.4]]
[2019.01.20-12.17.43:966][  0]LogConfig: Setting CVar [[r.AmbientOcclusionMaxQuality:100]]
[2019.01.20-12.17.43:966][  0]LogConfig: Setting CVar [[r.AmbientOcclusionLevels:-1]]
[2019.01.20-12.17.43:966][  0]LogConfig: Setting CVar [[r.AmbientOcclusionRadiusScale:1.0]]
[2019.01.20-12.17.43:966][  0]LogConfig: Setting CVar [[r.DepthOfFieldQuality:2]]
[2019.01.20-12.17.43:966][  0]LogConfig: Setting CVar [[r.RenderTargetPoolMin:400]]
[2019.01.20-12.17.43:966][  0]LogConfig: Setting CVar [[r.LensFlareQuality:2]]
[2019.01.20-12.17.43:966][  0]LogConfig: Setting CVar [[r.SceneColorFringeQuality:1]]
[2019.01.20-12.17.43:966][  0]LogConfig: Setting CVar [[r.EyeAdaptationQuality:2]]
[2019.01.20-12.17.43:966][  0]LogConfig: Setting CVar [[r.BloomQuality:5]]
[2019.01.20-12.17.43:966][  0]LogConfig: Setting CVar [[r.FastBlurThreshold:100]]
[2019.01.20-12.17.43:966][  0]LogConfig: Setting CVar [[r.Upscale.Quality:3]]
[2019.01.20-12.17.43:966][  0]LogConfig: Setting CVar [[r.Tonemapper.GrainQuantization:1]]
[2019.01.20-12.17.43:966][  0]LogConfig: Setting CVar [[r.LightShaftQuality:1]]
[2019.01.20-12.17.43:967][  0]LogConfig: Setting CVar [[r.Filter.SizeScale:1]]
[2019.01.20-12.17.43:967][  0]LogConfig: Setting CVar [[r.Tonemapper.Quality:5]]
[2019.01.20-12.17.43:967][  0]LogConfig: Setting CVar [[r.DOF.Gather.AccumulatorQuality:1        ; higher gathering accumulator quality]]
[2019.01.20-12.17.43:967][  0]LogConfig: Setting CVar [[r.DOF.Gather.PostfilterMethod:1          ; Median3x3 postfilering method]]
[2019.01.20-12.17.43:967][  0]LogConfig: Setting CVar [[r.DOF.Gather.EnableBokehSettings:0       ; no bokeh simulation when gathering]]
[2019.01.20-12.17.43:967][  0]LogConfig: Setting CVar [[r.DOF.Gather.RingCount:4                 ; medium number of samples when gathering]]
[2019.01.20-12.17.43:967][  0]LogConfig: Setting CVar [[r.DOF.Scatter.ForegroundCompositing:1    ; additive foreground scattering]]
[2019.01.20-12.17.43:967][  0]LogConfig: Setting CVar [[r.DOF.Scatter.BackgroundCompositing:2    ; additive background scattering]]
[2019.01.20-12.17.43:967][  0]LogConfig: Setting CVar [[r.DOF.Scatter.EnableBokehSettings:1      ; bokeh simulation when scattering]]
[2019.01.20-12.17.43:967][  0]LogConfig: Setting CVar [[r.DOF.Scatter.MaxSpriteRatio:0.1         ; only a maximum of 10% of scattered bokeh]]
[2019.01.20-12.17.43:967][  0]LogConfig: Setting CVar [[r.DOF.Recombine.Quality:1                ; cheap slight out of focus]]
[2019.01.20-12.17.43:967][  0]LogConfig: Setting CVar [[r.DOF.Recombine.EnableBokehSettings:0    ; no bokeh simulation on slight out of focus]]
[2019.01.20-12.17.43:967][  0]LogConfig: Setting CVar [[r.DOF.TemporalAAQuality:1                ; more stable temporal accumulation]]
[2019.01.20-12.17.43:967][  0]LogConfig: Setting CVar [[r.DOF.Kernel.MaxForegroundRadius:0.025]]
[2019.01.20-12.17.43:967][  0]LogConfig: Setting CVar [[r.DOF.Kernel.MaxBackgroundRadius:0.025]]
[2019.01.20-12.17.43:967][  0]LogConfig: Applying CVar settings from Section [TextureQuality@3] File [D:/Playclaw5/Unreal/Github/ParallelNoteV1/Saved/Config/Windows/Scalability.ini]
[2019.01.20-12.17.43:967][  0]LogConfig: Setting CVar [[r.Streaming.MipBias:0]]
[2019.01.20-12.17.43:967][  0]LogConfig: Setting CVar [[r.Streaming.AmortizeCPUToGPUCopy:0]]
[2019.01.20-12.17.43:967][  0]LogConfig: Setting CVar [[r.Streaming.MaxNumTexturesToStreamPerFrame:0]]
[2019.01.20-12.17.43:967][  0]LogConfig: Setting CVar [[r.Streaming.Boost:1]]
[2019.01.20-12.17.43:967][  0]LogConfig: Setting CVar [[r.MaxAnisotropy:8]]
[2019.01.20-12.17.43:967][  0]LogConfig: Setting CVar [[r.Streaming.LimitPoolSizeToVRAM:0]]
[2019.01.20-12.17.43:967][  0]LogConfig: Setting CVar [[r.Streaming.PoolSize:1000]]
[2019.01.20-12.17.43:967][  0]LogConfig: Setting CVar [[r.Streaming.MaxEffectiveScreenSize:0]]
[2019.01.20-12.17.43:967][  0]LogConfig: Applying CVar settings from Section [EffectsQuality@3] File [D:/Playclaw5/Unreal/Github/ParallelNoteV1/Saved/Config/Windows/Scalability.ini]
[2019.01.20-12.17.43:967][  0]LogConfig: Setting CVar [[r.TranslucencyLightingVolumeDim:64]]
[2019.01.20-12.17.43:967][  0]LogConfig: Setting CVar [[r.RefractionQuality:2]]
[2019.01.20-12.17.43:967][  0]LogConfig: Setting CVar [[r.SSR.Quality:3]]
[2019.01.20-12.17.43:967][  0]LogConfig: Setting CVar [[r.SceneColorFormat:4]]
[2019.01.20-12.17.43:967][  0]LogConfig: Setting CVar [[r.DetailMode:2]]
[2019.01.20-12.17.43:967][  0]LogConfig: Setting CVar [[r.TranslucencyVolumeBlur:1]]
[2019.01.20-12.17.43:967][  0]LogConfig: Setting CVar [[r.MaterialQualityLevel:1 ; High quality]]
[2019.01.20-12.17.43:967][  0]LogConfig: Setting CVar [[r.SSS.Scale:1]]
[2019.01.20-12.17.43:967][  0]LogConfig: Setting CVar [[r.SSS.SampleSet:2]]
[2019.01.20-12.17.43:967][  0]LogConfig: Setting CVar [[r.SSS.Quality:1]]
[2019.01.20-12.17.43:967][  0]LogConfig: Setting CVar [[r.SSS.HalfRes:1]]
[2019.01.20-12.17.43:967][  0]LogConfig: Setting CVar [[r.EmitterSpawnRateScale:1.0]]
[2019.01.20-12.17.43:967][  0]LogConfig: Setting CVar [[r.ParticleLightQuality:2]]
[2019.01.20-12.17.43:967][  0]LogConfig: Applying CVar settings from Section [FoliageQuality@3] File [D:/Playclaw5/Unreal/Github/ParallelNoteV1/Saved/Config/Windows/Scalability.ini]
[2019.01.20-12.17.43:967][  0]LogConfig: Setting CVar [[foliage.DensityScale:1.0]]
[2019.01.20-12.17.43:967][  0]LogConfig: Setting CVar [[grass.DensityScale:1.0]]
[2019.01.20-12.17.43:967][  0]LogConfig: Applying CVar settings from Section [Startup] File [../../../Engine/Config/ConsoleVariables.ini]
[2019.01.20-12.17.43:972][  0]LogConfig: Setting CVar [[net.UseAdaptiveNetUpdateFrequency:0]]
[2019.01.20-12.17.43:972][  0]LogConfig: Applying CVar settings from Section [ConsoleVariables] File [D:/Playclaw5/Unreal/Github/ParallelNoteV1/Saved/Config/Windows/Engine.ini]
[2019.01.20-12.17.43:972][  0]LogInit: Computer: MAXGAME
[2019.01.20-12.17.43:972][  0]LogInit: User: MAXGAME
[2019.01.20-12.17.43:972][  0]LogInit: CPU Page size=4096, Cores=4
[2019.01.20-12.17.43:972][  0]LogInit: High frequency timer resolution =3.421875 MHz
[2019.01.20-12.17.43:972][  0]LogMemory: Memory total: Physical=7.9GB (8GB approx)
[2019.01.20-12.17.43:972][  0]LogMemory: Platform Memory Stats for Windows
[2019.01.20-12.17.43:972][  0]LogMemory: Process Physical Memory: 102.07 MB used, 102.07 MB peak
[2019.01.20-12.17.43:972][  0]LogMemory: Process Virtual Memory: 84.51 MB used, 84.51 MB peak
[2019.01.20-12.17.43:972][  0]LogMemory: Physical Memory: 5010.13 MB used,  3115.14 MB free, 8125.28 MB total
[2019.01.20-12.17.43:972][  0]LogMemory: Virtual Memory: 4633.84 MB used,  134213096.00 MB free, 134217728.00 MB total
[2019.01.20-12.17.44:372][  0]LogInit: Using OS detected language (da-DK).
[2019.01.20-12.17.44:372][  0]LogInit: Using OS detected locale (da-DK).
[2019.01.20-12.17.44:373][  0]LogTextLocalizationManager: No localization for 'da-DK' exists, so 'en' will be used for the language.
[2019.01.20-12.17.44:840][  0]LogStreaming: Display: Took  0.468s to InitEngineTextLocalization.
[2019.01.20-12.17.44:840][  0]LogInit: Setting process to per monitor DPI aware
[2019.01.20-12.17.45:062][  0]LogSlate: New Slate User Created.  User Index 0, Is Virtual User: 0
[2019.01.20-12.17.45:063][  0]LogSlate: Slate User Registered.  User Index 0, Is Virtual User: 0
[2019.01.20-12.17.47:453][  0]LogHMD: Failed to initialize OpenVR with code 110
[2019.01.20-12.17.47:453][  0]LogD3D11RHI: D3D11 adapters:
[2019.01.20-12.17.47:513][  0]LogD3D11RHI:    0. 'NVIDIA GeForce GTX 960' (Feature Level 11_0)
[2019.01.20-12.17.47:513][  0]LogD3D11RHI:       2007/0/4062 MB DedicatedVideo/DedicatedSystem/SharedSystem, Outputs:2, VendorId:0x10de
[2019.01.20-12.17.47:515][  0]LogD3D11RHI:    1. 'Microsoft Basic Render Driver' (Feature Level 11_0)
[2019.01.20-12.17.47:515][  0]LogD3D11RHI:       0/0/4062 MB DedicatedVideo/DedicatedSystem/SharedSystem, Outputs:0, VendorId:0x1414
[2019.01.20-12.17.47:515][  0]LogD3D11RHI: Chosen D3D11 Adapter: 0
[2019.01.20-12.17.47:521][  0]LogD3D11RHI: Creating new Direct3DDevice
[2019.01.20-12.17.47:521][  0]LogD3D11RHI:     GPU DeviceId: 0x1401 (for the marketing name, search the web for "GPU Device Id")
[2019.01.20-12.17.47:521][  0]LogWindows: EnumDisplayDevices:
[2019.01.20-12.17.47:521][  0]LogWindows:    0. 'NVIDIA GeForce GTX 960' (P:1 D:1)
[2019.01.20-12.17.47:521][  0]LogWindows:    1. 'NVIDIA GeForce GTX 960' (P:0 D:1)
[2019.01.20-12.17.47:521][  0]LogWindows:    2. 'NVIDIA GeForce GTX 960' (P:0 D:0)
[2019.01.20-12.17.47:521][  0]LogWindows:    3. 'NVIDIA GeForce GTX 960' (P:0 D:0)
[2019.01.20-12.17.47:522][  0]LogWindows: DebugString: FoundDriverCount:4 
[2019.01.20-12.17.47:522][  0]LogD3D11RHI:     Adapter Name: NVIDIA GeForce GTX 960
[2019.01.20-12.17.47:522][  0]LogD3D11RHI:   Driver Version: 416.16 (internal:25.21.14.1616, unified:416.16)
[2019.01.20-12.17.47:522][  0]LogD3D11RHI:      Driver Date: 10-2-2018
[2019.01.20-12.17.47:522][  0]LogRHI: Texture pool is 1405 MB (70% of 2007 MB)
[2019.01.20-12.17.47:555][  0]LogD3D11RHI: Async texture creation enabled
[2019.01.20-12.17.47:573][  0]LogD3D11RHI: GPU Timing Frequency: 1000.000000 (Debug: 2 2)
[2019.01.20-12.17.48:184][  0]LogTemp: Display: Loaded TP AllDesktopTargetPlatform
[2019.01.20-12.17.48:223][  0]LogTemp: Display: Loaded TP MacClientTargetPlatform
[2019.01.20-12.17.48:243][  0]LogTemp: Display: Loaded TP MacNoEditorTargetPlatform
[2019.01.20-12.17.48:264][  0]LogTemp: Display: Loaded TP MacServerTargetPlatform
[2019.01.20-12.17.48:309][  0]LogTemp: Display: Loaded TP MacTargetPlatform
[2019.01.20-12.17.48:367][  0]LogTemp: Display: Loaded TP WindowsClientTargetPlatform
[2019.01.20-12.17.48:403][  0]LogTemp: Display: Loaded TP WindowsNoEditorTargetPlatform
[2019.01.20-12.17.48:427][  0]LogTemp: Display: Loaded TP WindowsServerTargetPlatform
[2019.01.20-12.17.48:458][  0]LogTemp: Display: Loaded TP WindowsTargetPlatform
[2019.01.20-12.17.48:562][  0]LogTemp: Display: Loaded TP AndroidTargetPlatform
[2019.01.20-12.17.48:562][  0]LogTemp: Display: Loaded TP AndroidTargetPlatform
[2019.01.20-12.17.48:562][  0]LogTemp: Display: Loaded TP AndroidTargetPlatform
[2019.01.20-12.17.48:562][  0]LogTemp: Display: Loaded TP AndroidTargetPlatform
[2019.01.20-12.17.48:562][  0]LogTemp: Display: Loaded TP AndroidTargetPlatform
[2019.01.20-12.17.48:562][  0]LogTemp: Display: Loaded TP AndroidTargetPlatform
[2019.01.20-12.17.48:562][  0]LogTemp: Display: Loaded TP AndroidTargetPlatform
[2019.01.20-12.17.48:562][  0]LogTemp: Display: Loaded TP AndroidTargetPlatform
[2019.01.20-12.17.48:562][  0]LogTemp: Display: Loaded TP AndroidTargetPlatform
[2019.01.20-12.17.48:562][  0]LogTemp: Display: Loaded TP AndroidTargetPlatform
[2019.01.20-12.17.48:562][  0]LogTemp: Display: Loaded TP AndroidTargetPlatform
[2019.01.20-12.17.48:562][  0]LogTemp: Display: Loaded TP AndroidTargetPlatform
[2019.01.20-12.17.48:562][  0]LogTemp: Display: Loaded TP AndroidTargetPlatform
[2019.01.20-12.17.48:562][  0]LogTemp: Display: Loaded TP AndroidTargetPlatform
[2019.01.20-12.17.48:562][  0]LogTemp: Display: Loaded TP AndroidTargetPlatform
[2019.01.20-12.17.48:562][  0]LogTemp: Display: Loaded TP AndroidTargetPlatform
[2019.01.20-12.17.48:562][  0]LogTemp: Display: Loaded TP AndroidTargetPlatform
[2019.01.20-12.17.48:562][  0]LogTemp: Display: Loaded TP AndroidTargetPlatform
[2019.01.20-12.17.48:597][  0]LogTemp: Display: Loaded TP HTML5TargetPlatform
[2019.01.20-12.17.48:732][  0]LogTemp: Display: Loaded TP IOSTargetPlatform
[2019.01.20-12.17.48:732][  0]LogTemp: Display: Loaded TP IOSTargetPlatform
[2019.01.20-12.17.48:781][  0]LogTemp: Display: Loaded TP TVOSTargetPlatform
[2019.01.20-12.17.48:781][  0]LogTemp: Display: Loaded TP TVOSTargetPlatform
[2019.01.20-12.17.48:820][  0]LogTemp: Display: Loaded TP LinuxClientTargetPlatform
[2019.01.20-12.17.48:842][  0]LogTemp: Display: Loaded TP LinuxNoEditorTargetPlatform
[2019.01.20-12.17.48:866][  0]LogTemp: Display: Loaded TP LinuxServerTargetPlatform
[2019.01.20-12.17.48:899][  0]LogTemp: Display: Loaded TP LinuxTargetPlatform
[2019.01.20-12.17.48:981][  0]LogTemp: Display: Loaded TP LuminTargetPlatform
[2019.01.20-12.17.48:981][  0]LogTemp: Display: Loaded TP LuminTargetPlatform
[2019.01.20-12.17.48:981][  0]LogTargetPlatformManager: Display: Building Assets For Windows
[2019.01.20-12.17.49:679][  0]LogShaderCompilers: Guid format shader working directory is -5 characters bigger than the processId version (../../../../../Playclaw5/Unreal/Github/ParallelNoteV1/Intermediate/Shaders/WorkingDirectory/17784/).
[2019.01.20-12.17.49:679][  0]LogShaderCompilers: Cleaned the shader compiler working directory 'C:/Users/MAX-GAME/AppData/Local/Temp/UnrealShaderWorkingDir/87D14EC04FAB12152C371EAFE18D39CC/'.
[2019.01.20-12.17.49:680][  0]LogXGEController: Cannot use XGE Controller as Incredibuild is not installed on this machine.
[2019.01.20-12.17.49:681][  0]LogShaderCompilers: Cannot use XGE Shader Compiler as Incredibuild is not installed on this machine.
[2019.01.20-12.17.49:681][  0]LogShaderCompilers: Display: Using Local Shader Compiler.
[2019.01.20-12.17.51:231][  0]LogDerivedDataCache: Display: Max Cache Size: 512 MB
[2019.01.20-12.17.51:292][  0]LogDerivedDataCache: Loaded boot cache 0.06s 86MB C:/Users/MAX-GAME/AppData/Local/UnrealEngine/4.21/DerivedDataCache/Boot.ddc.
[2019.01.20-12.17.51:292][  0]LogDerivedDataCache: Display: Loaded Boot cache: C:/Users/MAX-GAME/AppData/Local/UnrealEngine/4.21/DerivedDataCache/Boot.ddc
[2019.01.20-12.17.51:292][  0]LogDerivedDataCache: FDerivedDataBackendGraph:  Pak pak cache file ../../../../../Playclaw5/Unreal/Github/ParallelNoteV1/DerivedDataCache/DDC.ddp not found, will not use a pak cache.
[2019.01.20-12.17.51:292][  0]LogDerivedDataCache: Unable to find inner node Pak for hierarchical cache Hierarchy.
[2019.01.20-12.17.51:292][  0]LogDerivedDataCache: FDerivedDataBackendGraph:  CompressedPak pak cache file ../../../../../Playclaw5/Unreal/Github/ParallelNoteV1/DerivedDataCache/Compressed.ddp not found, will not use a pak cache.
[2019.01.20-12.17.51:292][  0]LogDerivedDataCache: Unable to find inner node CompressedPak for hierarchical cache Hierarchy.
[2019.01.20-12.17.51:343][  0]LogDerivedDataCache: Display: Pak cache opened for reading ../../../Engine/DerivedDataCache/Compressed.ddp.
[2019.01.20-12.17.51:344][  0]LogDerivedDataCache: FDerivedDataBackendGraph:  EnterprisePak pak cache file ../../../Enterprise/DerivedDataCache/Compressed.ddp not found, will not use a pak cache.
[2019.01.20-12.17.51:344][  0]LogDerivedDataCache: Unable to find inner node EnterprisePak for hierarchical cache Hierarchy.
[2019.01.20-12.17.51:356][  0]LogDerivedDataCache: Using Local data cache path C:/Users/MAX-GAME/AppData/Local/UnrealEngine/Common/DerivedDataCache: Writable
[2019.01.20-12.17.51:356][  0]LogDerivedDataCache: Shared data cache path not found in *engine.ini, will not use an Shared cache.
[2019.01.20-12.17.51:356][  0]LogDerivedDataCache: Unable to find inner node Shared for hierarchical cache Hierarchy.
[2019.01.20-12.17.51:375][  0]LogMaterial: Verifying Global Shaders for PCD3D_SM5
[2019.01.20-12.17.51:377][  0]LogSlate: Using FreeType 2.6.0
[2019.01.20-12.17.51:389][  0]LogSlate: SlateFontServices - WITH_FREETYPE: 1, WITH_HARFBUZZ: 1
[2019.01.20-12.17.51:609][  0]LogAssetRegistry: FAssetRegistry took 0.0318 seconds to start up
[2019.01.20-12.17.51:916][  0]LogInit: Selected Device Profile: [Windows]
[2019.01.20-12.17.53:442][  0]LogSimplygon: Simplygon DLL not present - disabling.
[2019.01.20-12.17.53:898][  0]LogMeshReduction: Using SimplygonSwarm for distributed automatic mesh merging
[2019.01.20-12.17.53:898][  0]LogMeshReduction: Using ProxyLODMeshReduction for automatic mesh merging
[2019.01.20-12.17.53:898][  0]LogMeshReduction: Using QuadricMeshReduction for automatic static mesh reduction
[2019.01.20-12.17.53:898][  0]LogMeshReduction: No automatic skeletal mesh reduction module available
[2019.01.20-12.17.54:013][  0]LogNetVersion: twod_side_scroller 1.0.0, NetCL: 4541578, EngineNetVer: 5, GameNetVer: 0 (Checksum: 1352874393)
[2019.01.20-12.17.54:836][  0]LogPackageLocalizationCache: Processed 11 localized package path(s) for 1 prioritized culture(s) in 0.069572 seconds
[2019.01.20-12.17.54:844][  0]LogUObjectArray: 39775 objects as part of root set at end of initial load.
[2019.01.20-12.17.54:844][  0]LogUObjectAllocator: 6914656 out of 0 bytes used by permanent object pool.
[2019.01.20-12.17.54:844][  0]LogUObjectArray: CloseDisregardForGC: 0/0 objects in disregard for GC pool
[2019.01.20-12.17.59:567][  0]LogTcpMessaging: Initializing TcpMessaging bridge
[2019.01.20-12.17.59:655][  0]LogUdpMessaging: Initializing bridge on interface 0.0.0.0:0 to multicast group 230.0.0.1:6666.
[2019.01.20-12.18.01:438][  0]SourceControl: Source control is disabled
[2019.01.20-12.18.01:439][  0]SourceControl: Source control is disabled
[2019.01.20-12.18.01:671][  0]SourceControl: Source control is disabled
[2019.01.20-12.18.01:778][  0]SourceControl: Source control is disabled
[2019.01.20-12.18.04:285][  0]LogAndroidPermission: UAndroidPermissionCallbackProxy::GetInstance
[2019.01.20-12.18.04:711][  0]LogOcInput: OculusInput pre-init called
[2019.01.20-12.18.05:118][  0]LogEngine: Initializing Engine...
[2019.01.20-12.18.05:118][  0]LogHMD: Failed to initialize OpenVR with code 110
[2019.01.20-12.18.05:120][  0]LogStats: UGameplayTagsManager::ConstructGameplayTagTree: ImportINI prefixes -  0.000 s
[2019.01.20-12.18.05:120][  0]LogStats: UGameplayTagsManager::ConstructGameplayTagTree: Construct from data asset -  0.000 s
[2019.01.20-12.18.05:120][  0]LogStats: UGameplayTagsManager::ConstructGameplayTagTree: ImportINI -  0.000 s
[2019.01.20-12.18.05:120][  0]LogStats: UGameplayTagsManager::ConstructGameplayTagTree: GameplayTagTreeChangedEvent.Broadcast -  0.000 s
[2019.01.20-12.18.05:370][  0]LogInit: Initializing FReadOnlyCVARCache
[2019.01.20-12.18.05:407][  0]LogAIModule: Creating AISystem for world Untitled
[2019.01.20-12.18.05:419][  0]LogInit: XAudio2 using 'Højttalere (G909 Pro)' : 2 channels at 48 kHz using 16 bits per sample (channel mask 0x3)
[2019.01.20-12.18.05:433][  0]LogInit: FAudioDevice initialized.
[2019.01.20-12.18.05:433][  0]LogNetVersion: Set ProjectVersion to 1.0.0.0. Version Checksum will be recalculated on next use.
[2019.01.20-12.18.05:507][  0]LogDerivedDataCache: Saved boot cache 0.07s 86MB C:/Users/MAX-GAME/AppData/Local/UnrealEngine/4.21/DerivedDataCache/Boot.ddc.
[2019.01.20-12.18.05:515][  0]LogInit: Texture streaming: Enabled
[2019.01.20-12.18.05:637][  0]LogEngineSessionManager: EngineSessionManager initialized
[2019.01.20-12.18.05:806][  0]LogInit: Transaction tracking system initialized
[2019.01.20-12.18.06:277][  0]BlueprintLog: New page: Editor Load
[2019.01.20-12.18.08:162][  0]LocalizationService: Localization service is disabled
[2019.01.20-12.18.09:882][  0]LogFileCache: Scanning file cache for directory 'D:/Playclaw5/Unreal/Github/ParallelNoteV1/Content/' took 0.04s
[2019.01.20-12.18.09:882][  0]LogCook: Display: Max memory allowance for cook 16384mb min free memory 0mb
[2019.01.20-12.18.09:882][  0]LogCook: Display: Mobile HDR setting 0
[2019.01.20-12.18.09:891][  0]LogGameplayTags: Display: UGameplayTagsManager::DoneAddingNativeTags. DelegateIsBound: 0
[2019.01.20-12.18.09:891][  0]LogStats: UGameplayTagsManager::ConstructGameplayTagTree: ImportINI prefixes -  0.000 s
[2019.01.20-12.18.09:891][  0]LogStats: UGameplayTagsManager::ConstructGameplayTagTree: Construct from data asset -  0.000 s
[2019.01.20-12.18.09:892][  0]LogStats: UGameplayTagsManager::ConstructGameplayTagTree: ImportINI -  0.000 s
[2019.01.20-12.18.09:892][  0]LogStats: UGameplayTagsManager::ConstructGameplayTagTree: GameplayTagTreeChangedEvent.Broadcast -  0.000 s
[2019.01.20-12.18.11:846][  0]SourceControl: Source control is disabled
[2019.01.20-12.18.11:846][  0]Cmd: MAP LOAD FILE="../../../../../Playclaw5/Unreal/Github/ParallelNoteV1/Content/2DSideScrollerBP/Maps/2DSideScrollerExampleMap.umap" TEMPLATE=0 SHOWPROGRESS=1 FEATURELEVEL=3
[2019.01.20-12.18.11:850][  0]LightingResults: New page: Lighting Build
[2019.01.20-12.18.11:852][  0]MapCheck: New page: Map Check
[2019.01.20-12.18.11:852][  0]LightingResults: New page: Lighting Build
[2019.01.20-12.18.13:010][  0]LogTexture: Display: Building textures: run-right-1 (BGRA8, 150X250)
[2019.01.20-12.18.13:010][  0]LogTexture: Display: Building textures: right (BGRA8, 150X250)
[2019.01.20-12.18.13:010][  0]LogTexture: Display: Building textures: run-right-4 (BGRA8, 150X250)
[2019.01.20-12.18.13:010][  0]LogTexture: Display: Building textures: run-right-3 (BGRA8, 150X250)
[2019.01.20-12.18.13:010][  0]LogTexture: Display: Building textures: run-right-2 (BGRA8, 150X250)
[2019.01.20-12.18.15:807][  0]LogTexture: Display: Building textures: BG (AutoDXT, 8888X2000)
[2019.01.20-12.18.15:824][  0]LogAIModule: Creating AISystem for world 2DSideScrollerExampleMap
[2019.01.20-12.18.16:391][  0]LogEditorServer: Finished looking for orphan Actors (0.000 secs)
[2019.01.20-12.18.16:453][  0]Cmd: MAP CHECKDEP NOCLEARLOG
[2019.01.20-12.18.16:453][  0]MapCheck: Map check complete: 0 Error(s), 0 Warning(s), took 0,088ms to complete.
[2019.01.20-12.18.16:453][  0]LogFileHelpers: Loading map '2DSideScrollerExampleMap' took 4.607
[2019.01.20-12.18.18:370][  0]LogSlate: Updating window title bar state: overlay mode, drag disabled, window buttons hidden, title bar hidden
[2019.01.20-12.18.18:385][  0]LogSlate: Updating window title bar state: overlay mode, drag disabled, window buttons hidden, title bar hidden
[2019.01.20-12.18.18:391][  0]LogSlate: Updating window title bar state: overlay mode, drag disabled, window buttons hidden, title bar hidden
[2019.01.20-12.18.18:398][  0]LogSlate: Updating window title bar state: overlay mode, drag disabled, window buttons hidden, title bar hidden
[2019.01.20-12.18.18:536][  0]LogCollectionManager: Loaded 0 collections in 0.000819 seconds
[2019.01.20-12.18.18:734][  0]LogFileCache: Scanning file cache for directory 'D:/Playclaw5/Unreal/Github/ParallelNoteV1/Saved/Collections/' took 0.01s
[2019.01.20-12.18.18:734][  0]LogFileCache: Scanning file cache for directory 'D:/Playclaw5/Unreal/Github/ParallelNoteV1/Content/Developers/MAXGAME/Collections/' took 0.01s
[2019.01.20-12.18.18:734][  0]LogFileCache: Scanning file cache for directory 'D:/Playclaw5/Unreal/Github/ParallelNoteV1/Content/Collections/' took 0.01s
[2019.01.20-12.18.18:734][  0]LogCollectionManager: Rebuilt the GUID cache for 0 collections in 0.000000 seconds
[2019.01.20-12.18.18:761][  0]LogContentBrowser: Native class hierarchy populated in 0.0083 seconds. Added 2651 classes and 620 folders.
[2019.01.20-12.18.18:908][  0]LogContentBrowser: Native class hierarchy updated for 'WidgetCarousel' in 0.0003 seconds. Added 0 classes and 0 folders.
[2019.01.20-12.18.18:949][  0]LogPakFile: Registered encryption key '00000000000000000000000000000000': 0 pak files mounted, 0 remain pending
[2019.01.20-12.18.19:009][  0]LogPakFile: Registered encryption key '00000000000000000000000000000000': 0 pak files mounted, 0 remain pending
[2019.01.20-12.18.19:030][  0]LogPakFile: Registered encryption key '00000000000000000000000000000000': 0 pak files mounted, 0 remain pending
[2019.01.20-12.18.19:035][  0]LogPakFile: Registered encryption key '00000000000000000000000000000000': 0 pak files mounted, 0 remain pending
[2019.01.20-12.18.19:041][  0]LogPakFile: Registered encryption key '00000000000000000000000000000000': 0 pak files mounted, 0 remain pending
[2019.01.20-12.18.19:054][  0]LogPakFile: Registered encryption key '00000000000000000000000000000000': 0 pak files mounted, 0 remain pending
[2019.01.20-12.18.19:058][  0]LogPakFile: Registered encryption key '00000000000000000000000000000000': 0 pak files mounted, 0 remain pending
[2019.01.20-12.18.19:064][  0]LogPakFile: Registered encryption key '00000000000000000000000000000000': 0 pak files mounted, 0 remain pending
[2019.01.20-12.18.19:070][  0]LogPakFile: Registered encryption key '00000000000000000000000000000000': 0 pak files mounted, 0 remain pending
[2019.01.20-12.18.19:077][  0]LogPakFile: Registered encryption key '00000000000000000000000000000000': 0 pak files mounted, 0 remain pending
[2019.01.20-12.18.19:083][  0]LogPakFile: Registered encryption key '00000000000000000000000000000000': 0 pak files mounted, 0 remain pending
[2019.01.20-12.18.19:088][  0]LogPakFile: Registered encryption key '00000000000000000000000000000000': 0 pak files mounted, 0 remain pending
[2019.01.20-12.18.19:093][  0]LogPakFile: Registered encryption key '00000000000000000000000000000000': 0 pak files mounted, 0 remain pending
[2019.01.20-12.18.19:099][  0]LogPakFile: Registered encryption key '00000000000000000000000000000000': 0 pak files mounted, 0 remain pending
[2019.01.20-12.18.19:104][  0]LogPakFile: Registered encryption key '00000000000000000000000000000000': 0 pak files mounted, 0 remain pending
[2019.01.20-12.18.19:107][  0]LogPakFile: Registered encryption key '00000000000000000000000000000000': 0 pak files mounted, 0 remain pending
[2019.01.20-12.18.19:137][  0]LogPakFile: Registered encryption key '00000000000000000000000000000000': 0 pak files mounted, 0 remain pending
[2019.01.20-12.18.19:142][  0]LogPakFile: Registered encryption key '00000000000000000000000000000000': 0 pak files mounted, 0 remain pending
[2019.01.20-12.18.19:148][  0]LogPakFile: Registered encryption key '00000000000000000000000000000000': 0 pak files mounted, 0 remain pending
[2019.01.20-12.18.19:153][  0]LogPakFile: Registered encryption key '00000000000000000000000000000000': 0 pak files mounted, 0 remain pending
[2019.01.20-12.18.19:190][  0]LogPakFile: Registered encryption key '00000000000000000000000000000000': 0 pak files mounted, 0 remain pending
[2019.01.20-12.18.19:196][  0]LogPakFile: Registered encryption key '00000000000000000000000000000000': 0 pak files mounted, 0 remain pending
[2019.01.20-12.18.19:203][  0]LogPakFile: Registered encryption key '00000000000000000000000000000000': 0 pak files mounted, 0 remain pending
[2019.01.20-12.18.19:209][  0]LogPakFile: Registered encryption key '00000000000000000000000000000000': 0 pak files mounted, 0 remain pending
[2019.01.20-12.18.19:214][  0]LogPakFile: Registered encryption key '00000000000000000000000000000000': 0 pak files mounted, 0 remain pending
[2019.01.20-12.18.19:223][  0]LogPakFile: Registered encryption key '00000000000000000000000000000000': 0 pak files mounted, 0 remain pending
[2019.01.20-12.18.19:765][  0]LogContentBrowser: Native class hierarchy updated for 'AddContentDialog' in 0.0002 seconds. Added 0 classes and 0 folders.
[2019.01.20-12.18.19:799][  0]LogContentBrowser: Native class hierarchy updated for 'SceneOutliner' in 0.0003 seconds. Added 1 classes and 2 folders.
[2019.01.20-12.18.20:597][  0]LogSlate: FSceneViewport::OnFocusLost() reason 2
[2019.01.20-12.18.20:703][  0]LogSlate: Window 'Tutorials' being destroyed
[2019.01.20-12.18.20:788][  0]LogContentBrowser: Native class hierarchy updated for 'HierarchicalLODOutliner' in 0.0003 seconds. Added 0 classes and 0 folders.
[2019.01.20-12.18.20:788][  0]LogLoad: (Engine Initialization) Total time: 55.25 seconds
[2019.01.20-12.18.20:788][  0]LogLoad: (Engine Initialization) Total Blueprint compile time: 0.00 seconds
[2019.01.20-12.18.20:992][  0]LogContentStreaming: Texture pool size now 1000 MB
[2019.01.20-12.18.20:996][  0]LogSlate: Took 0.003163 seconds to synchronously load lazily loaded font '../../../Engine/Content/Slate/Fonts/Roboto-Regular.ttf' (155K)
[2019.01.20-12.18.21:002][  0]LogSlate: Took 0.004750 seconds to synchronously load lazily loaded font '../../../Engine/Content/Slate/Fonts/Roboto-Bold.ttf' (160K)
[2019.01.20-12.18.21:103][  0]LogSlate: Took 0.026385 seconds to synchronously load lazily loaded font '../../../Engine/Content/Editor/Slate/Fonts/FontAwesome.ttf' (139K)
[2019.01.20-12.18.21:808][  0]LogRenderer: Reallocating scene render targets to support 804x356 Format 10 NumSamples 1 (Frame:1).
[2019.01.20-12.18.22:204][  0]LogSlate: Took 0.041762 seconds to synchronously load lazily loaded font '../../../Engine/Content/Slate/Fonts/Roboto-Light.ttf' (167K)
[2019.01.20-12.18.22:272][  1]LogFileCache: Retrieving MD5 hashes for directory 'D:/Playclaw5/Unreal/Github/ParallelNoteV1/Content/' took 1.46s
[2019.01.20-12.18.22:316][  1]LogAssetRegistry: Asset discovery search completed in 30.7287 seconds
[2019.01.20-12.18.22:317][  1]LogCollectionManager: Rebuilt the object cache for 0 collections in 0.000000 seconds (found 0 objects)
[2019.01.20-12.18.22:317][  1]LogCollectionManager: Fixed up redirectors for 0 collections in 0.000034 seconds (updated 0 objects)
[2019.01.20-12.18.26:847][ 79]LogSlate: FSceneViewport::OnFocusLost() reason 0
[2019.01.20-12.18.26:985][ 90]LogRenderer: Reallocating scene render targets to support 1208x580 Format 10 NumSamples 1 (Frame:3).
[2019.01.20-12.18.46:322][374]LogTemp: Repeating last play command: Selected Viewport
[2019.01.20-12.18.46:380][374]LogBlueprintUserMessages: Early PlayInEditor Detection: Level '/Game/2DSideScrollerBP/Maps/2DSideScrollerExampleMap.2DSideScrollerExampleMap:PersistentLevel' has LevelScriptBlueprint '/Game/2DSideScrollerBP/Maps/2DSideScrollerExampleMap.2DSideScrollerExampleMap:PersistentLevel.2DSideScrollerExampleMap' with GeneratedClass '/Game/2DSideScrollerBP/Maps/2DSideScrollerExampleMap.2DSideScrollerExampleMap_C' with ClassGeneratedBy '/Game/2DSideScrollerBP/Maps/2DSideScrollerExampleMap.2DSideScrollerExampleMap:PersistentLevel.2DSideScrollerExampleMap'
[2019.01.20-12.18.46:426][374]LogPlayLevel: PlayLevel: No blueprints needed recompiling
[2019.01.20-12.18.46:561][374]PIE: New page: PIE session: 2DSideScrollerExampleMap (20/01/2019 14.18.46)
[2019.01.20-12.18.46:628][374]LogPlayLevel: Creating play world package: /Game/2DSideScrollerBP/Maps/UEDPIE_0_2DSideScrollerExampleMap
[2019.01.20-12.18.46:701][374]LogPlayLevel: PIE: StaticDuplicateObject took: (0.073400s)
[2019.01.20-12.18.46:701][374]LogAIModule: Creating AISystem for world 2DSideScrollerExampleMap
[2019.01.20-12.18.46:702][374]LogPlayLevel: PIE: World Init took: (0.000713s)
[2019.01.20-12.18.46:702][374]LogPlayLevel: PIE: Created PIE world by copying editor world from /Game/2DSideScrollerBP/Maps/2DSideScrollerExampleMap.2DSideScrollerExampleMap to /Game/2DSideScrollerBP/Maps/UEDPIE_0_2DSideScrollerExampleMap.2DSideScrollerExampleMap (0.074586s)
[2019.01.20-12.18.46:771][374]LogInit: XAudio2 using 'Højttalere (G909 Pro)' : 2 channels at 48 kHz using 16 bits per sample (channel mask 0x3)
[2019.01.20-12.18.46:779][374]LogInit: FAudioDevice initialized.
[2019.01.20-12.18.46:858][374]LogLoad: Game class is '2DSideScrollerGameMode_C'
[2019.01.20-12.18.47:011][374]LogWorld: Bringing World /Game/2DSideScrollerBP/Maps/UEDPIE_0_2DSideScrollerExampleMap.2DSideScrollerExampleMap up for play (max tick rate 0) at 2019.01.20-13.18.47
[2019.01.20-12.18.47:113][374]LogWorld: Bringing up level for play took: 0.128174
[2019.01.20-12.18.47:383][374]LogContentBrowser: Native class hierarchy updated for 'MovieSceneCapture' in 0.0003 seconds. Added 20 classes and 0 folders.
[2019.01.20-12.18.47:427][374]PIE: Play in editor start time for /Game/2DSideScrollerBP/Maps/UEDPIE_0_2DSideScrollerExampleMap 0,261
[2019.01.20-12.18.47:427][374]LogBlueprintUserMessages: Late PlayInEditor Detection: Level '/Game/2DSideScrollerBP/Maps/2DSideScrollerExampleMap.2DSideScrollerExampleMap:PersistentLevel' has LevelScriptBlueprint '/Game/2DSideScrollerBP/Maps/2DSideScrollerExampleMap.2DSideScrollerExampleMap:PersistentLevel.2DSideScrollerExampleMap' with GeneratedClass '/Game/2DSideScrollerBP/Maps/2DSideScrollerExampleMap.2DSideScrollerExampleMap_C' with ClassGeneratedBy '/Game/2DSideScrollerBP/Maps/2DSideScrollerExampleMap.2DSideScrollerExampleMap:PersistentLevel.2DSideScrollerExampleMap'
[2019.01.20-12.19.08:674][884]LogBlueprintUserMessages: Early EndPlayMap Detection: Level '/Game/2DSideScrollerBP/Maps/2DSideScrollerExampleMap.2DSideScrollerExampleMap:PersistentLevel' has LevelScriptBlueprint '/Game/2DSideScrollerBP/Maps/2DSideScrollerExampleMap.2DSideScrollerExampleMap:PersistentLevel.2DSideScrollerExampleMap' with GeneratedClass '/Game/2DSideScrollerBP/Maps/2DSideScrollerExampleMap.2DSideScrollerExampleMap_C' with ClassGeneratedBy '/Game/2DSideScrollerBP/Maps/2DSideScrollerExampleMap.2DSideScrollerExampleMap:PersistentLevel.2DSideScrollerExampleMap'
[2019.01.20-12.19.08:721][884]LogSlate: Updating window title bar state: overlay mode, drag disabled, window buttons hidden, title bar hidden
[2019.01.20-12.19.08:767][884]LogPlayLevel: Display: Shutting down PIE online subsystems
[2019.01.20-12.19.08:768][884]LogBlueprintUserMessages: Late EndPlayMap Detection: Level '/Game/2DSideScrollerBP/Maps/2DSideScrollerExampleMap.2DSideScrollerExampleMap:PersistentLevel' has LevelScriptBlueprint '/Game/2DSideScrollerBP/Maps/2DSideScrollerExampleMap.2DSideScrollerExampleMap:PersistentLevel.2DSideScrollerExampleMap' with GeneratedClass '/Game/2DSideScrollerBP/Maps/2DSideScrollerExampleMap.2DSideScrollerExampleMap_C' with ClassGeneratedBy '/Game/2DSideScrollerBP/Maps/2DSideScrollerExampleMap.2DSideScrollerExampleMap:PersistentLevel.2DSideScrollerExampleMap'
[2019.01.20-12.19.08:790][884]LogSlate: Updating window title bar state: overlay mode, drag disabled, window buttons hidden, title bar hidden
[2019.01.20-12.19.08:865][885]LogPlayLevel: Display: Destroying online subsystem :Context_1
[2019.01.20-12.19.13:182][394]LogEditorViewport: Clicking on Actor (LMB): PaperSpriteActor (RightEdge)
[2019.01.20-12.19.23:111][383]LogEditorViewport: Clicking on Actor (LMB): PaperSpriteActor (Background_Sprite)
[2019.01.20-12.19.24:257][512]LogEditorViewport: Clicking on Actor (LMB): PaperSpriteActor (RightEdge)
[2019.01.20-12.19.26:066][717]LogEditorViewport: Clicking on Actor (LMB): PaperSpriteActor (Background_Sprite)
[2019.01.20-12.19.34:325][698]LogSlate: FSceneViewport::OnFocusLost() reason 0
[2019.01.20-12.20.09:796][856]LogSlate: FSceneViewport::OnFocusLost() reason 0
[2019.01.20-12.20.18:499][889]LogEditorViewport: Clicking on Actor (context menu): PaperSpriteActor (Background_Sprite)
[2019.01.20-12.20.18:756][889]LogSlate: FSceneViewport::OnFocusLost() reason 2
[2019.01.20-12.20.24:497][526]LogSlate: FSceneViewport::OnFocusLost() reason 2
[2019.01.20-12.20.28:560][ 13]LogEditorViewport: Clicking on Actor (context menu): PaperSpriteActor (Background_Sprite)
[2019.01.20-12.20.28:581][ 13]LogSlate: FSceneViewport::OnFocusLost() reason 2
[2019.01.20-12.20.30:418][232]LogSlate: FSceneViewport::OnFocusLost() reason 5
[2019.01.20-12.20.30:444][232]LogSlate: Took 0.000259 seconds to synchronously load lazily loaded font '../../../Engine/Content/Slate/Fonts/Roboto-Light.ttf' (167K)
[2019.01.20-12.20.30:464][232]LogAssetEditorManager: Opening Asset editor for PaperSprite /Game/2DSideScroller/Sprites/Background_Sprite.Background_Sprite
[2019.01.20-12.20.30:719][232]LogSlate: Took 0.019496 seconds to synchronously load lazily loaded font '../../../Engine/Content/Slate/Fonts/Roboto-BoldCondensed.ttf' (158K)
[2019.01.20-12.20.59:594][811]LogSlate: FSceneViewport::OnFocusLost() reason 0
[2019.01.20-12.20.59:793][821]Cmd: OBJ SAVEPACKAGE PACKAGE="/Game/2DSideScroller/Sprites/BG_Sprite" FILE="../../../../../Playclaw5/Unreal/Github/ParallelNoteV1/Content/2DSideScroller/Sprites/BG_Sprite.uasset" SILENT=true
[2019.01.20-12.20.59:976][821]LogSavePackage: Moving '../../../../../Playclaw5/Unreal/Github/ParallelNoteV1/Saved/BG_Sprite25C55B0D42FA06415C19B0AF3E8358AF.tmp' to '../../../../../Playclaw5/Unreal/Github/ParallelNoteV1/Content/2DSideScroller/Sprites/BG_Sprite.uasset'
[2019.01.20-12.21.01:095][950]LogSlate: FSceneViewport::OnFocusLost() reason 0
[2019.01.20-12.21.02:059][ 63]LogSlate: FSceneViewport::OnFocusLost() reason 0
[2019.01.20-12.21.02:599][128]LogEditorViewport: Clicking on Actor (LMB): PaperSpriteActor (Background_Sprite)
[2019.01.20-12.21.03:667][252]Cmd: DELETE
[2019.01.20-12.21.03:667][252]Cmd: ACTOR DELETE
[2019.01.20-12.21.03:926][252]LogEditorActor: Deleted Actor: PaperSpriteActor
[2019.01.20-12.21.03:950][252]LogEditorActor: Deleted 1 Actors (0.066 secs)
[2019.01.20-12.21.04:172][276]LogEditorViewport: Clicking Background
[2019.01.20-12.21.05:061][380]LogSlate: FSceneViewport::OnFocusLost() reason 0
[2019.01.20-12.21.14:381][479]LogEditorViewport: Clicking on Actor (LMB): PaperSpriteActor (LeftEdge)
[2019.01.20-12.21.17:789][881]LogEditorViewport: Clicking on Actor (LMB): PaperSpriteActor (RightEdge)
[2019.01.20-12.21.20:674][220]LogEditorViewport: Clicking Background
[2019.01.20-12.21.22:020][376]LogSlate: FSceneViewport::OnFocusLost() reason 2
[2019.01.20-12.21.34:239][838]LogSlate: FSceneViewport::OnFocusLost() reason 2
[2019.01.20-12.21.34:860][838]LogSavePackage: Moving '../../../../../Playclaw5/Unreal/Github/ParallelNoteV1/Saved/2DSideScrollerExampleMapD48EA9494D017A760DF805838A987D75.tmp' to '../../../../../Playclaw5/Unreal/Github/ParallelNoteV1/Content/2DSideScrollerBP/Maps/2DSideScrollerExampleMap.umap'
[2019.01.20-12.21.34:899][838]LogSavePackage: Moving '../../../../../Playclaw5/Unreal/Github/ParallelNoteV1/Saved/2DSideScrollerExampleMap_BuiltDaA93F2BFF4E077B0E707761A7B501A2CE.tmp' to '../../../../../Playclaw5/Unreal/Github/ParallelNoteV1/Content/2DSideScrollerBP/Maps/2DSideScrollerExampleMap_BuiltData.uasset'
[2019.01.20-12.21.36:399][ 13]LogSlate: FSceneViewport::OnFocusLost() reason 0
