Log file open, 01/20/19 19:30:39
LogWindows: Failed to load 'aqProf.dll' (GetLastError=126)
LogWindows: File 'aqProf.dll' does not exist
LogWindows: Failed to load 'VtuneApi.dll' (GetLastError=126)
LogWindows: File 'VtuneApi.dll' does not exist
LogWindows: Failed to load 'VtuneApi32e.dll' (GetLastError=126)
LogWindows: File 'VtuneApi32e.dll' does not exist
LogConsoleResponse: Display: Failed to find resolution value strings in scalability ini. Falling back to default.
LogInit: Display: Running engine for game: twod_side_scroller
LogPakFile: Registered encryption key '00000000000000000000000000000000': 0 pak files mounted, 0 remain pending
LogPlatformFile: Not using cached read wrapper
LogTaskGraph: Started task graph with 5 named threads and 11 total threads with 3 sets of task threads.
LogStats: Stats thread started at 0.216650
LogD3D11RHI: Loaded GFSDK_Aftermath_Lib.x64.dll
LogICUInternationalization: ICU TimeZone Detection - Raw Offset: +7:00, Platform Override: ''
LogPluginManager: Mounting plugin Paper2D
LogPluginManager: Mounting plugin AISupport
LogPluginManager: Mounting plugin LightPropagationVolume
LogPluginManager: Mounting plugin ActorLayerUtilities
LogPluginManager: Mounting plugin CLionSourceCodeAccess
LogPluginManager: Mounting plugin CodeLiteSourceCodeAccess
LogPluginManager: Mounting plugin GitSourceControl
LogPluginManager: Mounting plugin KDevelopSourceCodeAccess
LogPluginManager: Mounting plugin NullSourceCodeAccess
LogPluginManager: Mounting plugin PerforceSourceControl
LogPluginManager: Mounting plugin SubversionSourceControl
LogPluginManager: Mounting plugin UObjectPlugin
LogPluginManager: Mounting plugin VisualStudioCodeSourceCodeAccess
LogPluginManager: Mounting plugin VisualStudioSourceCodeAccess
LogPluginManager: Mounting plugin XCodeSourceCodeAccess
LogPluginManager: Mounting plugin AssetManagerEditor
LogPluginManager: Mounting plugin CryptoKeys
LogPluginManager: Mounting plugin DataValidation
LogPluginManager: Mounting plugin FacialAnimation
LogPluginManager: Mounting plugin GameplayTagsEditor
LogPluginManager: Mounting plugin MacGraphicsSwitching
LogPluginManager: Mounting plugin MeshEditor
LogPluginManager: Mounting plugin MobileLauncherProfileWizard
LogPluginManager: Mounting plugin PluginBrowser
LogPluginManager: Mounting plugin SpeedTreeImporter
LogPluginManager: Mounting plugin DatasmithContent
LogPluginManager: Mounting plugin VariantManagerContent
LogPluginManager: Mounting plugin AlembicImporter
LogPluginManager: Mounting plugin AppleImageUtils
LogPluginManager: Mounting plugin AppleVision
LogPluginManager: Mounting plugin BackChannel
LogPluginManager: Mounting plugin CharacterAI
LogPluginManager: Mounting plugin GeometryCache
LogPluginManager: Mounting plugin HTML5Networking
LogPluginManager: Mounting plugin ProxyLODPlugin
LogPluginManager: Mounting plugin MagicLeap
LogPluginManager: Mounting plugin MagicLeapMedia
LogPluginManager: Mounting plugin AndroidMedia
LogPluginManager: Mounting plugin AvfMedia
LogPluginManager: Mounting plugin ImgMedia
LogPluginManager: Mounting plugin LinearTimecode
LogPluginManager: Mounting plugin MediaCompositing
LogPluginManager: Mounting plugin MediaPlayerEditor
LogPluginManager: Mounting plugin WebMMedia
LogPluginManager: Mounting plugin WmfMedia
LogPluginManager: Mounting plugin TcpMessaging
LogPluginManager: Mounting plugin UdpMessaging
LogPluginManager: Mounting plugin ActorSequence
LogPluginManager: Mounting plugin LevelSequenceEditor
LogPluginManager: Mounting plugin MatineeToLevelSequence
LogPluginManager: Mounting plugin NetcodeUnitTest
LogPluginManager: Mounting plugin NUTUnrealEngine4
LogPluginManager: Mounting plugin OnlineSubsystemGooglePlay
LogPluginManager: Mounting plugin OnlineSubsystemIOS
LogPluginManager: Mounting plugin OnlineSubsystem
LogPluginManager: Mounting plugin OnlineSubsystemNull
LogPluginManager: Mounting plugin OnlineSubsystemUtils
LogPluginManager: Mounting plugin LauncherChunkInstaller
LogPluginManager: Mounting plugin AndroidDeviceProfileSelector
LogPluginManager: Mounting plugin AndroidMoviePlayer
LogPluginManager: Mounting plugin AndroidPermission
LogPluginManager: Mounting plugin AppleMoviePlayer
LogPluginManager: Mounting plugin ArchVisCharacter
LogPluginManager: Mounting plugin AudioCapture
LogPluginManager: Mounting plugin CableComponent
LogPluginManager: Mounting plugin CustomMeshComponent
LogPluginManager: Mounting plugin EditableMesh
LogPluginManager: Mounting plugin ExampleDeviceProfileSelector
LogPluginManager: Mounting plugin Firebase
LogPluginManager: Mounting plugin GoogleCloudMessaging
LogPluginManager: Mounting plugin IOSDeviceProfileSelector
LogPluginManager: Mounting plugin LinuxDeviceProfileSelector
LogPluginManager: Mounting plugin LocationServicesBPLibrary
LogPluginManager: Mounting plugin MobilePatchingUtils
LogPluginManager: Mounting plugin OculusVR
LogPluginManager: Mounting plugin PhysXVehicles
LogPluginManager: Mounting plugin ProceduralMeshComponent
LogPluginManager: Mounting plugin RuntimePhysXCooking
LogPluginManager: Mounting plugin SteamVR
LogPluginManager: Mounting plugin WebMMoviePlayer
LogPluginManager: Mounting plugin WindowsMoviePlayer
LogStreaming: Display: Took  0.183s to configure plugins.
LogInit: Using libcurl 7.55.1-DEV
LogInit:  - built for x86_64-pc-win32
LogInit:  - supports SSL with OpenSSL/1.0.2h
LogInit:  - supports HTTP deflate (compression) using libz 1.2.8
LogInit:  - other features:
LogInit:      CURL_VERSION_SSL
LogInit:      CURL_VERSION_LIBZ
LogInit:      CURL_VERSION_IPV6
LogInit:      CURL_VERSION_ASYNCHDNS
LogInit:      CURL_VERSION_LARGEFILE
LogInit:      CURL_VERSION_IDN
LogInit:  CurlRequestOptions (configurable via config and command line):
LogInit:  - bVerifyPeer = true  - Libcurl will verify peer certificate
LogInit:  - bUseHttpProxy = false  - Libcurl will NOT use HTTP proxy
LogInit:  - bDontReuseConnections = false  - Libcurl will reuse connections
LogInit:  - MaxHostConnections = 16  - Libcurl will limit the number of connections to a host
LogInit:  - LocalHostAddr = Default
LogInit:  - BufferSize = 65536
LogInit: WinSock: version 1.1 (2.2), MaxSocks=32767, MaxUdp=65467
LogInit: Build: ++UE4+Release-4.21-CL-4613538
LogInit: Engine Version: 4.21.1-4613538+++UE4+Release-4.21
LogInit: Compatible Engine Version: 4.21.0-4541578+++UE4+Release-4.21
LogInit: Net CL: 4541578
LogInit: OS: Windows 10 (), CPU: Intel(R) Core(TM) i5-7200U CPU @ 2.50GHz, GPU: Intel(R) HD Graphics 620
LogInit: Compiled (64-bit): Nov 30 2018 04:13:25
LogInit: Compiled with Visual C++: 19.13.26129.00
LogInit: Build Configuration: Development
LogInit: Branch Name: ++UE4+Release-4.21
LogInit: Command Line: 
LogInit: Base Directory: C:/Program Files/Epic Games/UE_4.21/Engine/Binaries/Win64/
LogInit: Installed Engine Build: 1
LogDevObjectVersion: Number of dev versions registered: 22
LogDevObjectVersion:   Dev-Blueprints (B0D832E4-1F89-4F0D-ACCF-7EB736FD4AA2): 10
LogDevObjectVersion:   Dev-Build (E1C64328-A22C-4D53-A36C-8E866417BD8C): 0
LogDevObjectVersion:   Dev-Core (375EC13C-06E4-48FB-B500-84F0262A717E): 2
LogDevObjectVersion:   Dev-Editor (E4B068ED-F494-42E9-A231-DA0B2E46BB41): 26
LogDevObjectVersion:   Dev-Framework (CFFC743F-43B0-4480-9391-14DF171D2073): 34
LogDevObjectVersion:   Dev-Mobile (B02B49B5-BB20-44E9-A304-32B752E40360): 2
LogDevObjectVersion:   Dev-Networking (A4E4105C-59A1-49B5-A7C5-40C4547EDFEE): 0
LogDevObjectVersion:   Dev-Online (39C831C9-5AE6-47DC-9A44-9C173E1C8E7C): 0
LogDevObjectVersion:   Dev-Physics (78F01B33-EBEA-4F98-B9B4-84EACCB95AA2): 0
LogDevObjectVersion:   Dev-Platform (6631380F-2D4D-43E0-8009-CF276956A95A): 0
LogDevObjectVersion:   Dev-Rendering (12F88B9F-8875-4AFC-A67C-D90C383ABD29): 27
LogDevObjectVersion:   Dev-Sequencer (7B5AE74C-D270-4C10-A958-57980B212A5A): 9
LogDevObjectVersion:   Dev-VR (D7296918-1DD6-4BDD-9DE2-64A83CC13884): 2
LogDevObjectVersion:   Dev-LoadTimes (C2A15278-BFE7-4AFE-6C17-90FF531DF755): 1
LogDevObjectVersion:   Private-Geometry (6EACA3D4-40EC-4CC1-B786-8BED09428FC5): 3
LogDevObjectVersion:   Dev-AnimPhys (29E575DD-E0A3-4627-9D10-D276232CDCEA): 17
LogDevObjectVersion:   Dev-Anim (AF43A65D-7FD3-4947-9873-3E8ED9C1BB05): 2
LogDevObjectVersion:   Dev-ReflectionCapture (6B266CEC-1EC7-4B8F-A30B-E4D90942FC07): 1
LogDevObjectVersion:   Dev-Automation (0DF73D61-A23F-47EA-B727-89E90C41499A): 1
LogDevObjectVersion:   FortniteMain (601D1886-AC64-4F84-AA16-D3DE0DEAC7D6): 17
LogDevObjectVersion:   Dev-Enterprise (9DFFBCD6-494F-0158-E221-12823C92A888): 4
LogDevObjectVersion:   Dev-Niagara (F2AED0AC-9AFE-416F-8664-AA7FFA26D6FC): 1
LogStreaming: Display: Took  0.029s to delete old logs.
LogInit: Presizing for max 8388607 objects, including 0 objects not considered by GC, pre-allocating 0 bytes for permanent pool.
LogInit: Object subsystem initialized
LogConfig: Setting CVar [[con.DebugEarlyDefault:1]]
LogConfig: Setting CVar [[r.setres:1280x720]]
[2019.01.20-12.30.40:346][  0]LogConfig: Setting CVar [[r.VSync:0]]
[2019.01.20-12.30.40:346][  0]LogConfig: Setting CVar [[r.RHICmdBypass:0]]
[2019.01.20-12.30.40:346][  0]LogConfig: Applying CVar settings from Section [/Script/Engine.RendererSettings] File [D:/Projects/GitHub/ParallelNoteV1/Saved/Config/Windows/Engine.ini]
[2019.01.20-12.30.40:346][  0]LogConfig: Setting CVar [[r.GPUCrashDebugging:0]]
[2019.01.20-12.30.40:346][  0]LogConfig: Setting CVar [[r.MobileHDR:0]]
[2019.01.20-12.30.40:346][  0]LogConfig: Setting CVar [[r.Mobile.DisableVertexFog:1]]
[2019.01.20-12.30.40:346][  0]LogConfig: Setting CVar [[r.Shadow.CSM.MaxMobileCascades:2]]
[2019.01.20-12.30.40:346][  0]LogConfig: Setting CVar [[r.MobileMSAA:1]]
[2019.01.20-12.30.40:346][  0]LogConfig: Setting CVar [[r.Mobile.UseLegacyShadingModel:0]]
[2019.01.20-12.30.40:346][  0]LogConfig: Setting CVar [[r.Mobile.AllowDitheredLODTransition:0]]
[2019.01.20-12.30.40:346][  0]LogConfig: Setting CVar [[r.Mobile.AllowSoftwareOcclusion:0]]
[2019.01.20-12.30.40:346][  0]LogConfig: Setting CVar [[r.DiscardUnusedQuality:0]]
[2019.01.20-12.30.40:346][  0]LogConfig: Setting CVar [[r.AllowOcclusionQueries:1]]
[2019.01.20-12.30.40:346][  0]LogConfig: Setting CVar [[r.MinScreenRadiusForLights:0.030000]]
[2019.01.20-12.30.40:347][  0]LogConfig: Setting CVar [[r.MinScreenRadiusForDepthPrepass:0.030000]]
[2019.01.20-12.30.40:347][  0]LogConfig: Setting CVar [[r.MinScreenRadiusForCSMDepth:0.010000]]
[2019.01.20-12.30.40:347][  0]LogConfig: Setting CVar [[r.PrecomputedVisibilityWarning:0]]
[2019.01.20-12.30.40:347][  0]LogConfig: Setting CVar [[r.TextureStreaming:1]]
[2019.01.20-12.30.40:347][  0]LogConfig: Setting CVar [[Compat.UseDXT5NormalMaps:0]]
[2019.01.20-12.30.40:347][  0]LogConfig: Setting CVar [[r.ClearCoatNormal:0]]
[2019.01.20-12.30.40:347][  0]LogConfig: Setting CVar [[r.ReflectionCaptureResolution:128]]
[2019.01.20-12.30.40:347][  0]LogConfig: Setting CVar [[r.ReflectionEnvironmentLightmapMixBasedOnRoughness:1]]
[2019.01.20-12.30.40:347][  0]LogConfig: Setting CVar [[r.ForwardShading:0]]
[2019.01.20-12.30.40:347][  0]LogConfig: Setting CVar [[r.VertexFoggingForOpaque:1]]
[2019.01.20-12.30.40:347][  0]LogConfig: Setting CVar [[r.AllowStaticLighting:1]]
[2019.01.20-12.30.40:347][  0]LogConfig: Setting CVar [[r.NormalMapsForStaticLighting:0]]
[2019.01.20-12.30.40:347][  0]LogConfig: Setting CVar [[r.GenerateMeshDistanceFields:0]]
[2019.01.20-12.30.40:347][  0]LogConfig: Setting CVar [[r.DistanceFieldBuild.EightBit:0]]
[2019.01.20-12.30.40:347][  0]LogConfig: Setting CVar [[r.GenerateLandscapeGIData:0]]
[2019.01.20-12.30.40:347][  0]LogConfig: Setting CVar [[r.DistanceFieldBuild.Compress:0]]
[2019.01.20-12.30.40:347][  0]LogConfig: Setting CVar [[r.TessellationAdaptivePixelsPerTriangle:48.000000]]
[2019.01.20-12.30.40:347][  0]LogConfig: Setting CVar [[r.SeparateTranslucency:0]]
[2019.01.20-12.30.40:347][  0]LogConfig: Setting CVar [[r.TranslucentSortPolicy:0]]
[2019.01.20-12.30.40:347][  0]LogConfig: Setting CVar [[r.CustomDepth:1]]
[2019.01.20-12.30.40:347][  0]LogConfig: Setting CVar [[r.CustomDepthTemporalAAJitter:1]]
[2019.01.20-12.30.40:347][  0]LogConfig: Setting CVar [[r.PostProcessing.PropagateAlpha:0]]
[2019.01.20-12.30.40:347][  0]LogConfig: Setting CVar [[r.DOF.Algorithm:1]]
[2019.01.20-12.30.40:347][  0]LogConfig: Setting CVar [[r.DefaultFeature.Bloom:0]]
[2019.01.20-12.30.40:347][  0]LogConfig: Setting CVar [[r.DefaultFeature.AmbientOcclusion:0]]
[2019.01.20-12.30.40:347][  0]LogConfig: Setting CVar [[r.DefaultFeature.AmbientOcclusionStaticFraction:1]]
[2019.01.20-12.30.40:347][  0]LogConfig: Setting CVar [[r.DefaultFeature.AutoExposure:0]]
[2019.01.20-12.30.40:347][  0]LogConfig: Setting CVar [[r.DefaultFeature.AutoExposure.Method:0]]
[2019.01.20-12.30.40:347][  0]LogConfig: Setting CVar [[r.DefaultFeature.AutoExposure.ExtendDefaultLuminanceRange:0]]
[2019.01.20-12.30.40:347][  0]LogConfig: Setting CVar [[r.UsePreExposure:0]]
[2019.01.20-12.30.40:347][  0]LogConfig: Setting CVar [[r.DefaultFeature.MotionBlur:0]]
[2019.01.20-12.30.40:347][  0]LogConfig: Setting CVar [[r.DefaultFeature.LensFlare:0]]
[2019.01.20-12.30.40:347][  0]LogConfig: Setting CVar [[r.TemporalAA.Upsampling:0]]
[2019.01.20-12.30.40:347][  0]LogConfig: Setting CVar [[r.DefaultFeature.AntiAliasing:0]]
[2019.01.20-12.30.40:347][  0]LogConfig: Setting CVar [[r.DefaultFeature.LightUnits:1]]
[2019.01.20-12.30.40:347][  0]LogConfig: Setting CVar [[r.DefaultBackBufferPixelFormat:4]]
[2019.01.20-12.30.40:347][  0]LogConfig: Setting CVar [[r.Shadow.UnbuiltPreviewInGame:1]]
[2019.01.20-12.30.40:347][  0]LogConfig: Setting CVar [[r.StencilForLODDither:0]]
[2019.01.20-12.30.40:347][  0]LogConfig: Setting CVar [[r.EarlyZPass:3]]
[2019.01.20-12.30.40:347][  0]LogConfig: Setting CVar [[r.EarlyZPassMovable:1]]
[2019.01.20-12.30.40:347][  0]LogConfig: Setting CVar [[r.EarlyZPassOnlyMaterialMasking:0]]
[2019.01.20-12.30.40:347][  0]LogConfig: Setting CVar [[r.DBuffer:1]]
[2019.01.20-12.30.40:347][  0]LogConfig: Setting CVar [[r.ClearSceneMethod:1]]
[2019.01.20-12.30.40:347][  0]LogConfig: Setting CVar [[r.BasePassOutputsVelocity:0]]
[2019.01.20-12.30.40:347][  0]LogConfig: Setting CVar [[r.SelectiveBasePassOutputs:0]]
[2019.01.20-12.30.40:347][  0]LogConfig: Setting CVar [[fx.GPUSimulationTextureSizeX:1024]]
[2019.01.20-12.30.40:347][  0]LogConfig: Setting CVar [[fx.GPUSimulationTextureSizeY:1024]]
[2019.01.20-12.30.40:347][  0]LogConfig: Setting CVar [[r.AllowGlobalClipPlane:0]]
[2019.01.20-12.30.40:347][  0]LogConfig: Setting CVar [[r.GBufferFormat:1]]
[2019.01.20-12.30.40:347][  0]LogConfig: Setting CVar [[r.MorphTarget.Mode:1]]
[2019.01.20-12.30.40:347][  0]LogConfig: Setting CVar [[vr.InstancedStereo:0]]
[2019.01.20-12.30.40:347][  0]LogConfig: Setting CVar [[vr.MultiView:0]]
[2019.01.20-12.30.40:347][  0]LogConfig: Setting CVar [[vr.MobileMultiView:0]]
[2019.01.20-12.30.40:347][  0]LogConfig: Setting CVar [[vr.MobileMultiView.Direct:0]]
[2019.01.20-12.30.40:347][  0]LogConfig: Setting CVar [[vr.MonoscopicFarField:0]]
[2019.01.20-12.30.40:347][  0]LogConfig: Setting CVar [[vr.RoundRobinOcclusion:0]]
[2019.01.20-12.30.40:347][  0]LogConfig: Setting CVar [[vr.ODSCapture:0]]
[2019.01.20-12.30.40:347][  0]LogConfig: Setting CVar [[r.WireframeCullThreshold:5.000000]]
[2019.01.20-12.30.40:347][  0]LogConfig: Setting CVar [[r.SupportStationarySkylight:1]]
[2019.01.20-12.30.40:347][  0]LogConfig: Setting CVar [[r.SupportLowQualityLightmaps:1]]
[2019.01.20-12.30.40:347][  0]LogConfig: Setting CVar [[r.SupportPointLightWholeSceneShadows:1]]
[2019.01.20-12.30.40:347][  0]LogConfig: Setting CVar [[r.SupportAtmosphericFog:1]]
[2019.01.20-12.30.40:347][  0]LogConfig: Setting CVar [[r.SkinCache.CompileShaders:0]]
[2019.01.20-12.30.40:347][  0]LogConfig: Setting CVar [[r.Mobile.EnableStaticAndCSMShadowReceivers:1]]
[2019.01.20-12.30.40:347][  0]LogConfig: Setting CVar [[r.Mobile.EnableMovableLightCSMShaderCulling:1]]
[2019.01.20-12.30.40:347][  0]LogConfig: Setting CVar [[r.Mobile.AllowDistanceFieldShadows:1]]
[2019.01.20-12.30.40:347][  0]LogConfig: Setting CVar [[r.Mobile.AllowMovableDirectionalLights:1]]
[2019.01.20-12.30.40:347][  0]LogConfig: Setting CVar [[r.MobileNumDynamicPointLights:4]]
[2019.01.20-12.30.40:347][  0]LogConfig: Setting CVar [[r.MobileDynamicPointLightsUseStaticBranch:1]]
[2019.01.20-12.30.40:348][  0]LogConfig: Setting CVar [[r.SkinCache.SceneMemoryLimitInMB:128.000000]]
[2019.01.20-12.30.40:348][  0]LogConfig: Setting CVar [[r.GPUSkin.Limit2BoneInfluences:0]]
[2019.01.20-12.30.40:348][  0]LogConfig: Setting CVar [[r.SupportDepthOnlyIndexBuffers:1]]
[2019.01.20-12.30.40:348][  0]LogConfig: Setting CVar [[r.SupportReversedIndexBuffers:1]]
[2019.01.20-12.30.40:348][  0]LogConfig: Setting CVar [[r.SupportMaterialLayers:0]]
[2019.01.20-12.30.40:348][  0]LogConfig: Applying CVar settings from Section [/Script/Engine.RendererOverrideSettings] File [D:/Projects/GitHub/ParallelNoteV1/Saved/Config/Windows/Engine.ini]
[2019.01.20-12.30.40:348][  0]LogConfig: Applying CVar settings from Section [/Script/Engine.StreamingSettings] File [D:/Projects/GitHub/ParallelNoteV1/Saved/Config/Windows/Engine.ini]
[2019.01.20-12.30.40:348][  0]LogConfig: Setting CVar [[s.MinBulkDataSizeForAsyncLoading:131072]]
[2019.01.20-12.30.40:348][  0]LogConfig: Setting CVar [[s.AsyncLoadingThreadEnabled:0]]
[2019.01.20-12.30.40:348][  0]LogConfig: Setting CVar [[s.EventDrivenLoaderEnabled:1]]
[2019.01.20-12.30.40:348][  0]LogConfig: Setting CVar [[s.WarnIfTimeLimitExceeded:0]]
[2019.01.20-12.30.40:348][  0]LogConfig: Setting CVar [[s.TimeLimitExceededMultiplier:1.5]]
[2019.01.20-12.30.40:348][  0]LogConfig: Setting CVar [[s.TimeLimitExceededMinTime:0.005]]
[2019.01.20-12.30.40:348][  0]LogConfig: Setting CVar [[s.UseBackgroundLevelStreaming:1]]
[2019.01.20-12.30.40:348][  0]LogConfig: Setting CVar [[s.PriorityAsyncLoadingExtraTime:15.0]]
[2019.01.20-12.30.40:348][  0]LogConfig: Setting CVar [[s.LevelStreamingActorsUpdateTimeLimit:5.0]]
[2019.01.20-12.30.40:348][  0]LogConfig: Setting CVar [[s.PriorityLevelStreamingActorsUpdateExtraTime:5.0]]
[2019.01.20-12.30.40:348][  0]LogConfig: Setting CVar [[s.LevelStreamingComponentsRegistrationGranularity:10]]
[2019.01.20-12.30.40:348][  0]LogConfig: Setting CVar [[s.UnregisterComponentsTimeLimit:1.0]]
[2019.01.20-12.30.40:348][  0]LogConfig: Setting CVar [[s.LevelStreamingComponentsUnregistrationGranularity:5]]
[2019.01.20-12.30.40:348][  0]LogConfig: Applying CVar settings from Section [/Script/Engine.GarbageCollectionSettings] File [D:/Projects/GitHub/ParallelNoteV1/Saved/Config/Windows/Engine.ini]
[2019.01.20-12.30.40:348][  0]LogConfig: Setting CVar [[gc.MaxObjectsNotConsideredByGC:1]]
[2019.01.20-12.30.40:348][  0]LogConfig: Setting CVar [[gc.SizeOfPermanentObjectPool:0]]
[2019.01.20-12.30.40:348][  0]LogConfig: Setting CVar [[gc.FlushStreamingOnGC:0]]
[2019.01.20-12.30.40:348][  0]LogConfig: Setting CVar [[gc.NumRetriesBeforeForcingGC:10]]
[2019.01.20-12.30.40:348][  0]LogConfig: Setting CVar [[gc.AllowParallelGC:1]]
[2019.01.20-12.30.40:348][  0]LogConfig: Setting CVar [[gc.TimeBetweenPurgingPendingKillObjects:61.1]]
[2019.01.20-12.30.40:348][  0]LogConfig: Setting CVar [[gc.MaxObjectsInEditor:8388607]]
[2019.01.20-12.30.40:348][  0]LogConfig: Setting CVar [[gc.IncrementalBeginDestroyEnabled:1]]
[2019.01.20-12.30.40:348][  0]LogConfig: Setting CVar [[gc.CreateGCClusters:1]]
[2019.01.20-12.30.40:348][  0]LogConfig: Setting CVar [[gc.MergeGCClusters:0]]
[2019.01.20-12.30.40:348][  0]LogConfig: Setting CVar [[gc.MinGCClusterSize:5]]
[2019.01.20-12.30.40:348][  0]LogConfig: Setting CVar [[gc.ActorClusteringEnabled:0]]
[2019.01.20-12.30.40:348][  0]LogConfig: Setting CVar [[gc.BlueprintClusteringEnabled:0]]
[2019.01.20-12.30.40:348][  0]LogConfig: Setting CVar [[gc.UseDisregardForGCOnDedicatedServers:0]]
[2019.01.20-12.30.40:348][  0]LogConfig: Applying CVar settings from Section [/Script/Engine.NetworkSettings] File [D:/Projects/GitHub/ParallelNoteV1/Saved/Config/Windows/Engine.ini]
[2019.01.20-12.30.40:348][  0]LogConfig: Applying CVar settings from Section [/Script/UnrealEd.CookerSettings] File [D:/Projects/GitHub/ParallelNoteV1/Saved/Config/Windows/Engine.ini]
[2019.01.20-12.30.40:350][  0]LogConfig: Applying CVar settings from Section [ViewDistanceQuality@3] File [D:/Projects/GitHub/ParallelNoteV1/Saved/Config/Windows/Scalability.ini]
[2019.01.20-12.30.40:350][  0]LogConfig: Setting CVar [[r.SkeletalMeshLODBias:0]]
[2019.01.20-12.30.40:350][  0]LogConfig: Setting CVar [[r.ViewDistanceScale:1.0]]
[2019.01.20-12.30.40:350][  0]LogConfig: Applying CVar settings from Section [AntiAliasingQuality@3] File [D:/Projects/GitHub/ParallelNoteV1/Saved/Config/Windows/Scalability.ini]
[2019.01.20-12.30.40:350][  0]LogConfig: Setting CVar [[r.PostProcessAAQuality:4]]
[2019.01.20-12.30.40:350][  0]LogConfig: Applying CVar settings from Section [ShadowQuality@3] File [D:/Projects/GitHub/ParallelNoteV1/Saved/Config/Windows/Scalability.ini]
[2019.01.20-12.30.40:350][  0]LogConfig: Setting CVar [[r.LightFunctionQuality:1]]
[2019.01.20-12.30.40:350][  0]LogConfig: Setting CVar [[r.ShadowQuality:5]]
[2019.01.20-12.30.40:350][  0]LogConfig: Setting CVar [[r.Shadow.CSM.MaxCascades:10]]
[2019.01.20-12.30.40:350][  0]LogConfig: Setting CVar [[r.Shadow.MaxResolution:2048]]
[2019.01.20-12.30.40:350][  0]LogConfig: Setting CVar [[r.Shadow.MaxCSMResolution:2048]]
[2019.01.20-12.30.40:350][  0]LogConfig: Setting CVar [[r.Shadow.RadiusThreshold:0.01]]
[2019.01.20-12.30.40:350][  0]LogConfig: Setting CVar [[r.Shadow.DistanceScale:1.0]]
[2019.01.20-12.30.40:350][  0]LogConfig: Setting CVar [[r.Shadow.CSM.TransitionScale:1.0]]
[2019.01.20-12.30.40:350][  0]LogConfig: Setting CVar [[r.Shadow.PreShadowResolutionFactor:1.0]]
[2019.01.20-12.30.40:350][  0]LogConfig: Setting CVar [[r.DistanceFieldShadowing:1]]
[2019.01.20-12.30.40:350][  0]LogConfig: Setting CVar [[r.DistanceFieldAO:1]]
[2019.01.20-12.30.40:350][  0]LogConfig: Setting CVar [[r.AOQuality:2]]
[2019.01.20-12.30.40:350][  0]LogConfig: Setting CVar [[r.VolumetricFog:1]]
[2019.01.20-12.30.40:350][  0]LogConfig: Setting CVar [[r.VolumetricFog.GridPixelSize:8]]
[2019.01.20-12.30.40:350][  0]LogConfig: Setting CVar [[r.VolumetricFog.GridSizeZ:128]]
[2019.01.20-12.30.40:350][  0]LogConfig: Setting CVar [[r.VolumetricFog.HistoryMissSupersampleCount:4]]
[2019.01.20-12.30.40:350][  0]LogConfig: Setting CVar [[r.LightMaxDrawDistanceScale:1]]
[2019.01.20-12.30.40:350][  0]LogConfig: Setting CVar [[r.CapsuleShadows:1]]
[2019.01.20-12.30.40:350][  0]LogConfig: Applying CVar settings from Section [PostProcessQuality@3] File [D:/Projects/GitHub/ParallelNoteV1/Saved/Config/Windows/Scalability.ini]
[2019.01.20-12.30.40:350][  0]LogConfig: Setting CVar [[r.MotionBlurQuality:4]]
[2019.01.20-12.30.40:350][  0]LogConfig: Setting CVar [[r.AmbientOcclusionMipLevelFactor:0.4]]
[2019.01.20-12.30.40:350][  0]LogConfig: Setting CVar [[r.AmbientOcclusionMaxQuality:100]]
[2019.01.20-12.30.40:350][  0]LogConfig: Setting CVar [[r.AmbientOcclusionLevels:-1]]
[2019.01.20-12.30.40:350][  0]LogConfig: Setting CVar [[r.AmbientOcclusionRadiusScale:1.0]]
[2019.01.20-12.30.40:350][  0]LogConfig: Setting CVar [[r.DepthOfFieldQuality:2]]
[2019.01.20-12.30.40:350][  0]LogConfig: Setting CVar [[r.RenderTargetPoolMin:400]]
[2019.01.20-12.30.40:350][  0]LogConfig: Setting CVar [[r.LensFlareQuality:2]]
[2019.01.20-12.30.40:350][  0]LogConfig: Setting CVar [[r.SceneColorFringeQuality:1]]
[2019.01.20-12.30.40:350][  0]LogConfig: Setting CVar [[r.EyeAdaptationQuality:2]]
[2019.01.20-12.30.40:350][  0]LogConfig: Setting CVar [[r.BloomQuality:5]]
[2019.01.20-12.30.40:350][  0]LogConfig: Setting CVar [[r.FastBlurThreshold:100]]
[2019.01.20-12.30.40:350][  0]LogConfig: Setting CVar [[r.Upscale.Quality:3]]
[2019.01.20-12.30.40:350][  0]LogConfig: Setting CVar [[r.Tonemapper.GrainQuantization:1]]
[2019.01.20-12.30.40:350][  0]LogConfig: Setting CVar [[r.LightShaftQuality:1]]
[2019.01.20-12.30.40:350][  0]LogConfig: Setting CVar [[r.Filter.SizeScale:1]]
[2019.01.20-12.30.40:350][  0]LogConfig: Setting CVar [[r.Tonemapper.Quality:5]]
[2019.01.20-12.30.40:350][  0]LogConfig: Setting CVar [[r.DOF.Gather.AccumulatorQuality:1        ; higher gathering accumulator quality]]
[2019.01.20-12.30.40:350][  0]LogConfig: Setting CVar [[r.DOF.Gather.PostfilterMethod:1          ; Median3x3 postfilering method]]
[2019.01.20-12.30.40:350][  0]LogConfig: Setting CVar [[r.DOF.Gather.EnableBokehSettings:0       ; no bokeh simulation when gathering]]
[2019.01.20-12.30.40:350][  0]LogConfig: Setting CVar [[r.DOF.Gather.RingCount:4                 ; medium number of samples when gathering]]
[2019.01.20-12.30.40:350][  0]LogConfig: Setting CVar [[r.DOF.Scatter.ForegroundCompositing:1    ; additive foreground scattering]]
[2019.01.20-12.30.40:350][  0]LogConfig: Setting CVar [[r.DOF.Scatter.BackgroundCompositing:2    ; additive background scattering]]
[2019.01.20-12.30.40:350][  0]LogConfig: Setting CVar [[r.DOF.Scatter.EnableBokehSettings:1      ; bokeh simulation when scattering]]
[2019.01.20-12.30.40:350][  0]LogConfig: Setting CVar [[r.DOF.Scatter.MaxSpriteRatio:0.1         ; only a maximum of 10% of scattered bokeh]]
[2019.01.20-12.30.40:350][  0]LogConfig: Setting CVar [[r.DOF.Recombine.Quality:1                ; cheap slight out of focus]]
[2019.01.20-12.30.40:350][  0]LogConfig: Setting CVar [[r.DOF.Recombine.EnableBokehSettings:0    ; no bokeh simulation on slight out of focus]]
[2019.01.20-12.30.40:350][  0]LogConfig: Setting CVar [[r.DOF.TemporalAAQuality:1                ; more stable temporal accumulation]]
[2019.01.20-12.30.40:350][  0]LogConfig: Setting CVar [[r.DOF.Kernel.MaxForegroundRadius:0.025]]
[2019.01.20-12.30.40:350][  0]LogConfig: Setting CVar [[r.DOF.Kernel.MaxBackgroundRadius:0.025]]
[2019.01.20-12.30.40:350][  0]LogConfig: Applying CVar settings from Section [TextureQuality@3] File [D:/Projects/GitHub/ParallelNoteV1/Saved/Config/Windows/Scalability.ini]
[2019.01.20-12.30.40:350][  0]LogConfig: Setting CVar [[r.Streaming.MipBias:0]]
[2019.01.20-12.30.40:350][  0]LogConfig: Setting CVar [[r.Streaming.AmortizeCPUToGPUCopy:0]]
[2019.01.20-12.30.40:350][  0]LogConfig: Setting CVar [[r.Streaming.MaxNumTexturesToStreamPerFrame:0]]
[2019.01.20-12.30.40:350][  0]LogConfig: Setting CVar [[r.Streaming.Boost:1]]
[2019.01.20-12.30.40:350][  0]LogConfig: Setting CVar [[r.MaxAnisotropy:8]]
[2019.01.20-12.30.40:350][  0]LogConfig: Setting CVar [[r.Streaming.LimitPoolSizeToVRAM:0]]
[2019.01.20-12.30.40:350][  0]LogConfig: Setting CVar [[r.Streaming.PoolSize:1000]]
[2019.01.20-12.30.40:350][  0]LogConfig: Setting CVar [[r.Streaming.MaxEffectiveScreenSize:0]]
[2019.01.20-12.30.40:350][  0]LogConfig: Applying CVar settings from Section [EffectsQuality@3] File [D:/Projects/GitHub/ParallelNoteV1/Saved/Config/Windows/Scalability.ini]
[2019.01.20-12.30.40:350][  0]LogConfig: Setting CVar [[r.TranslucencyLightingVolumeDim:64]]
[2019.01.20-12.30.40:351][  0]LogConfig: Setting CVar [[r.RefractionQuality:2]]
[2019.01.20-12.30.40:351][  0]LogConfig: Setting CVar [[r.SSR.Quality:3]]
[2019.01.20-12.30.40:351][  0]LogConfig: Setting CVar [[r.SceneColorFormat:4]]
[2019.01.20-12.30.40:351][  0]LogConfig: Setting CVar [[r.DetailMode:2]]
[2019.01.20-12.30.40:351][  0]LogConfig: Setting CVar [[r.TranslucencyVolumeBlur:1]]
[2019.01.20-12.30.40:351][  0]LogConfig: Setting CVar [[r.MaterialQualityLevel:1 ; High quality]]
[2019.01.20-12.30.40:351][  0]LogConfig: Setting CVar [[r.SSS.Scale:1]]
[2019.01.20-12.30.40:351][  0]LogConfig: Setting CVar [[r.SSS.SampleSet:2]]
[2019.01.20-12.30.40:351][  0]LogConfig: Setting CVar [[r.SSS.Quality:1]]
[2019.01.20-12.30.40:351][  0]LogConfig: Setting CVar [[r.SSS.HalfRes:1]]
[2019.01.20-12.30.40:351][  0]LogConfig: Setting CVar [[r.EmitterSpawnRateScale:1.0]]
[2019.01.20-12.30.40:351][  0]LogConfig: Setting CVar [[r.ParticleLightQuality:2]]
[2019.01.20-12.30.40:351][  0]LogConfig: Applying CVar settings from Section [FoliageQuality@3] File [D:/Projects/GitHub/ParallelNoteV1/Saved/Config/Windows/Scalability.ini]
[2019.01.20-12.30.40:351][  0]LogConfig: Setting CVar [[foliage.DensityScale:1.0]]
[2019.01.20-12.30.40:351][  0]LogConfig: Setting CVar [[grass.DensityScale:1.0]]
[2019.01.20-12.30.40:351][  0]LogInit: Selected Device Profile: [Windows]
[2019.01.20-12.30.40:351][  0]LogInit: Applying CVar settings loaded from the selected device profile: [Windows]
[2019.01.20-12.30.40:392][  0]LogHAL: Display: Platform has ~ 8 GB [8451756032 / 8589934592 / 8], which maps to Default [LargestMinGB=32, LargerMinGB=12, DefaultMinGB=8, SmallerMinGB=6, SmallestMinGB=0)
[2019.01.20-12.30.40:392][  0]LogConfig: Setting CVar [[r.Vulkan.UseRealUBs:1]]
[2019.01.20-12.30.40:392][  0]LogInit: Going up to parent DeviceProfile []
[2019.01.20-12.30.40:392][  0]LogConfig: Applying CVar settings from Section [ViewDistanceQuality@3] File [D:/Projects/GitHub/ParallelNoteV1/Saved/Config/Windows/Scalability.ini]
[2019.01.20-12.30.40:392][  0]LogConfig: Setting CVar [[r.SkeletalMeshLODBias:0]]
[2019.01.20-12.30.40:392][  0]LogConfig: Setting CVar [[r.ViewDistanceScale:1.0]]
[2019.01.20-12.30.40:392][  0]LogConfig: Applying CVar settings from Section [AntiAliasingQuality@3] File [D:/Projects/GitHub/ParallelNoteV1/Saved/Config/Windows/Scalability.ini]
[2019.01.20-12.30.40:392][  0]LogConfig: Setting CVar [[r.PostProcessAAQuality:4]]
[2019.01.20-12.30.40:392][  0]LogConfig: Applying CVar settings from Section [ShadowQuality@3] File [D:/Projects/GitHub/ParallelNoteV1/Saved/Config/Windows/Scalability.ini]
[2019.01.20-12.30.40:392][  0]LogConfig: Setting CVar [[r.LightFunctionQuality:1]]
[2019.01.20-12.30.40:392][  0]LogConfig: Setting CVar [[r.ShadowQuality:5]]
[2019.01.20-12.30.40:392][  0]LogConfig: Setting CVar [[r.Shadow.CSM.MaxCascades:10]]
[2019.01.20-12.30.40:392][  0]LogConfig: Setting CVar [[r.Shadow.MaxResolution:2048]]
[2019.01.20-12.30.40:392][  0]LogConfig: Setting CVar [[r.Shadow.MaxCSMResolution:2048]]
[2019.01.20-12.30.40:392][  0]LogConfig: Setting CVar [[r.Shadow.RadiusThreshold:0.01]]
[2019.01.20-12.30.40:392][  0]LogConfig: Setting CVar [[r.Shadow.DistanceScale:1.0]]
[2019.01.20-12.30.40:392][  0]LogConfig: Setting CVar [[r.Shadow.CSM.TransitionScale:1.0]]
[2019.01.20-12.30.40:392][  0]LogConfig: Setting CVar [[r.Shadow.PreShadowResolutionFactor:1.0]]
[2019.01.20-12.30.40:392][  0]LogConfig: Setting CVar [[r.DistanceFieldShadowing:1]]
[2019.01.20-12.30.40:392][  0]LogConfig: Setting CVar [[r.DistanceFieldAO:1]]
[2019.01.20-12.30.40:392][  0]LogConfig: Setting CVar [[r.AOQuality:2]]
[2019.01.20-12.30.40:392][  0]LogConfig: Setting CVar [[r.VolumetricFog:1]]
[2019.01.20-12.30.40:392][  0]LogConfig: Setting CVar [[r.VolumetricFog.GridPixelSize:8]]
[2019.01.20-12.30.40:392][  0]LogConfig: Setting CVar [[r.VolumetricFog.GridSizeZ:128]]
[2019.01.20-12.30.40:392][  0]LogConfig: Setting CVar [[r.VolumetricFog.HistoryMissSupersampleCount:4]]
[2019.01.20-12.30.40:392][  0]LogConfig: Setting CVar [[r.LightMaxDrawDistanceScale:1]]
[2019.01.20-12.30.40:392][  0]LogConfig: Setting CVar [[r.CapsuleShadows:1]]
[2019.01.20-12.30.40:392][  0]LogConfig: Applying CVar settings from Section [PostProcessQuality@3] File [D:/Projects/GitHub/ParallelNoteV1/Saved/Config/Windows/Scalability.ini]
[2019.01.20-12.30.40:392][  0]LogConfig: Setting CVar [[r.MotionBlurQuality:4]]
[2019.01.20-12.30.40:392][  0]LogConfig: Setting CVar [[r.AmbientOcclusionMipLevelFactor:0.4]]
[2019.01.20-12.30.40:392][  0]LogConfig: Setting CVar [[r.AmbientOcclusionMaxQuality:100]]
[2019.01.20-12.30.40:392][  0]LogConfig: Setting CVar [[r.AmbientOcclusionLevels:-1]]
[2019.01.20-12.30.40:392][  0]LogConfig: Setting CVar [[r.AmbientOcclusionRadiusScale:1.0]]
[2019.01.20-12.30.40:392][  0]LogConfig: Setting CVar [[r.DepthOfFieldQuality:2]]
[2019.01.20-12.30.40:392][  0]LogConfig: Setting CVar [[r.RenderTargetPoolMin:400]]
[2019.01.20-12.30.40:393][  0]LogConfig: Setting CVar [[r.LensFlareQuality:2]]
[2019.01.20-12.30.40:393][  0]LogConfig: Setting CVar [[r.SceneColorFringeQuality:1]]
[2019.01.20-12.30.40:393][  0]LogConfig: Setting CVar [[r.EyeAdaptationQuality:2]]
[2019.01.20-12.30.40:393][  0]LogConfig: Setting CVar [[r.BloomQuality:5]]
[2019.01.20-12.30.40:393][  0]LogConfig: Setting CVar [[r.FastBlurThreshold:100]]
[2019.01.20-12.30.40:393][  0]LogConfig: Setting CVar [[r.Upscale.Quality:3]]
[2019.01.20-12.30.40:393][  0]LogConfig: Setting CVar [[r.Tonemapper.GrainQuantization:1]]
[2019.01.20-12.30.40:393][  0]LogConfig: Setting CVar [[r.LightShaftQuality:1]]
[2019.01.20-12.30.40:393][  0]LogConfig: Setting CVar [[r.Filter.SizeScale:1]]
[2019.01.20-12.30.40:393][  0]LogConfig: Setting CVar [[r.Tonemapper.Quality:5]]
[2019.01.20-12.30.40:393][  0]LogConfig: Setting CVar [[r.DOF.Gather.AccumulatorQuality:1        ; higher gathering accumulator quality]]
[2019.01.20-12.30.40:393][  0]LogConfig: Setting CVar [[r.DOF.Gather.PostfilterMethod:1          ; Median3x3 postfilering method]]
[2019.01.20-12.30.40:393][  0]LogConfig: Setting CVar [[r.DOF.Gather.EnableBokehSettings:0       ; no bokeh simulation when gathering]]
[2019.01.20-12.30.40:393][  0]LogConfig: Setting CVar [[r.DOF.Gather.RingCount:4                 ; medium number of samples when gathering]]
[2019.01.20-12.30.40:393][  0]LogConfig: Setting CVar [[r.DOF.Scatter.ForegroundCompositing:1    ; additive foreground scattering]]
[2019.01.20-12.30.40:393][  0]LogConfig: Setting CVar [[r.DOF.Scatter.BackgroundCompositing:2    ; additive background scattering]]
[2019.01.20-12.30.40:393][  0]LogConfig: Setting CVar [[r.DOF.Scatter.EnableBokehSettings:1      ; bokeh simulation when scattering]]
[2019.01.20-12.30.40:393][  0]LogConfig: Setting CVar [[r.DOF.Scatter.MaxSpriteRatio:0.1         ; only a maximum of 10% of scattered bokeh]]
[2019.01.20-12.30.40:393][  0]LogConfig: Setting CVar [[r.DOF.Recombine.Quality:1                ; cheap slight out of focus]]
[2019.01.20-12.30.40:393][  0]LogConfig: Setting CVar [[r.DOF.Recombine.EnableBokehSettings:0    ; no bokeh simulation on slight out of focus]]
[2019.01.20-12.30.40:393][  0]LogConfig: Setting CVar [[r.DOF.TemporalAAQuality:1                ; more stable temporal accumulation]]
[2019.01.20-12.30.40:393][  0]LogConfig: Setting CVar [[r.DOF.Kernel.MaxForegroundRadius:0.025]]
[2019.01.20-12.30.40:393][  0]LogConfig: Setting CVar [[r.DOF.Kernel.MaxBackgroundRadius:0.025]]
[2019.01.20-12.30.40:393][  0]LogConfig: Applying CVar settings from Section [TextureQuality@3] File [D:/Projects/GitHub/ParallelNoteV1/Saved/Config/Windows/Scalability.ini]
[2019.01.20-12.30.40:393][  0]LogConfig: Setting CVar [[r.Streaming.MipBias:0]]
[2019.01.20-12.30.40:393][  0]LogConfig: Setting CVar [[r.Streaming.AmortizeCPUToGPUCopy:0]]
[2019.01.20-12.30.40:393][  0]LogConfig: Setting CVar [[r.Streaming.MaxNumTexturesToStreamPerFrame:0]]
[2019.01.20-12.30.40:393][  0]LogConfig: Setting CVar [[r.Streaming.Boost:1]]
[2019.01.20-12.30.40:393][  0]LogConfig: Setting CVar [[r.MaxAnisotropy:8]]
[2019.01.20-12.30.40:393][  0]LogConfig: Setting CVar [[r.Streaming.LimitPoolSizeToVRAM:0]]
[2019.01.20-12.30.40:393][  0]LogConfig: Setting CVar [[r.Streaming.PoolSize:1000]]
[2019.01.20-12.30.40:393][  0]LogConfig: Setting CVar [[r.Streaming.MaxEffectiveScreenSize:0]]
[2019.01.20-12.30.40:393][  0]LogConfig: Applying CVar settings from Section [EffectsQuality@3] File [D:/Projects/GitHub/ParallelNoteV1/Saved/Config/Windows/Scalability.ini]
[2019.01.20-12.30.40:393][  0]LogConfig: Setting CVar [[r.TranslucencyLightingVolumeDim:64]]
[2019.01.20-12.30.40:393][  0]LogConfig: Setting CVar [[r.RefractionQuality:2]]
[2019.01.20-12.30.40:393][  0]LogConfig: Setting CVar [[r.SSR.Quality:3]]
[2019.01.20-12.30.40:393][  0]LogConfig: Setting CVar [[r.SceneColorFormat:4]]
[2019.01.20-12.30.40:393][  0]LogConfig: Setting CVar [[r.DetailMode:2]]
[2019.01.20-12.30.40:393][  0]LogConfig: Setting CVar [[r.TranslucencyVolumeBlur:1]]
[2019.01.20-12.30.40:393][  0]LogConfig: Setting CVar [[r.MaterialQualityLevel:1 ; High quality]]
[2019.01.20-12.30.40:393][  0]LogConfig: Setting CVar [[r.SSS.Scale:1]]
[2019.01.20-12.30.40:393][  0]LogConfig: Setting CVar [[r.SSS.SampleSet:2]]
[2019.01.20-12.30.40:393][  0]LogConfig: Setting CVar [[r.SSS.Quality:1]]
[2019.01.20-12.30.40:393][  0]LogConfig: Setting CVar [[r.SSS.HalfRes:1]]
[2019.01.20-12.30.40:393][  0]LogConfig: Setting CVar [[r.EmitterSpawnRateScale:1.0]]
[2019.01.20-12.30.40:393][  0]LogConfig: Setting CVar [[r.ParticleLightQuality:2]]
[2019.01.20-12.30.40:393][  0]LogConfig: Applying CVar settings from Section [FoliageQuality@3] File [D:/Projects/GitHub/ParallelNoteV1/Saved/Config/Windows/Scalability.ini]
[2019.01.20-12.30.40:393][  0]LogConfig: Setting CVar [[foliage.DensityScale:1.0]]
[2019.01.20-12.30.40:393][  0]LogConfig: Setting CVar [[grass.DensityScale:1.0]]
[2019.01.20-12.30.40:393][  0]LogConfig: Applying CVar settings from Section [Startup] File [../../../Engine/Config/ConsoleVariables.ini]
[2019.01.20-12.30.40:395][  0]LogConfig: Setting CVar [[net.UseAdaptiveNetUpdateFrequency:0]]
[2019.01.20-12.30.40:395][  0]LogConfig: Applying CVar settings from Section [ConsoleVariables] File [D:/Projects/GitHub/ParallelNoteV1/Saved/Config/Windows/Engine.ini]
[2019.01.20-12.30.40:395][  0]LogInit: Computer: DESKTOP-CM3AHG7
[2019.01.20-12.30.40:395][  0]LogInit: User: Disc
[2019.01.20-12.30.40:395][  0]LogInit: CPU Page size=4096, Cores=2
[2019.01.20-12.30.40:395][  0]LogInit: High frequency timer resolution =2.648437 MHz
[2019.01.20-12.30.40:396][  0]LogMemory: Memory total: Physical=7.9GB (8GB approx)
[2019.01.20-12.30.40:396][  0]LogMemory: Platform Memory Stats for Windows
[2019.01.20-12.30.40:396][  0]LogMemory: Process Physical Memory: 100.98 MB used, 100.98 MB peak
[2019.01.20-12.30.40:396][  0]LogMemory: Process Virtual Memory: 82.99 MB used, 82.99 MB peak
[2019.01.20-12.30.40:396][  0]LogMemory: Physical Memory: 4104.14 MB used,  3956.09 MB free, 8060.22 MB total
[2019.01.20-12.30.40:396][  0]LogMemory: Virtual Memory: 4622.50 MB used,  134213104.00 MB free, 134217728.00 MB total
[2019.01.20-12.30.40:419][  0]LogInit: Using OS detected language (en-US).
[2019.01.20-12.30.40:419][  0]LogInit: Using OS detected locale (en-US).
[2019.01.20-12.30.40:419][  0]LogTextLocalizationManager: No specific localization for 'en-US' exists, so the 'en' localization will be used.
[2019.01.20-12.30.40:961][  0]LogStreaming: Display: Took  0.543s to InitEngineTextLocalization.
[2019.01.20-12.30.40:961][  0]LogInit: Setting process to per monitor DPI aware
[2019.01.20-12.30.41:186][  0]LogSlate: New Slate User Created.  User Index 0, Is Virtual User: 0
[2019.01.20-12.30.41:186][  0]LogSlate: Slate User Registered.  User Index 0, Is Virtual User: 0
[2019.01.20-12.30.44:576][  0]LogHMD: Failed to initialize OpenVR with code 110
[2019.01.20-12.30.44:576][  0]LogD3D11RHI: D3D11 adapters:
[2019.01.20-12.30.44:610][  0]LogD3D11RHI:    0. 'NVIDIA GeForce GTX 950M' (Feature Level 11_0)
[2019.01.20-12.30.44:610][  0]LogD3D11RHI:       4062/0/4030 MB DedicatedVideo/DedicatedSystem/SharedSystem, Outputs:1, VendorId:0x10de
[2019.01.20-12.30.44:617][  0]LogD3D11RHI:    1. 'Intel(R) HD Graphics 620' (Feature Level 11_0)
[2019.01.20-12.30.44:617][  0]LogD3D11RHI:       128/0/4030 MB DedicatedVideo/DedicatedSystem/SharedSystem, Outputs:0, VendorId:0x8086
[2019.01.20-12.30.44:619][  0]LogD3D11RHI:    2. 'Microsoft Basic Render Driver' (Feature Level 11_0)
[2019.01.20-12.30.44:619][  0]LogD3D11RHI:       0/0/4030 MB DedicatedVideo/DedicatedSystem/SharedSystem, Outputs:0, VendorId:0x1414
[2019.01.20-12.30.44:619][  0]LogD3D11RHI: Chosen D3D11 Adapter: 0
[2019.01.20-12.30.44:636][  0]LogD3D11RHI: Creating new Direct3DDevice
[2019.01.20-12.30.44:636][  0]LogD3D11RHI:     GPU DeviceId: 0x139a (for the marketing name, search the web for "GPU Device Id")
[2019.01.20-12.30.44:636][  0]LogWindows: EnumDisplayDevices:
[2019.01.20-12.30.44:636][  0]LogWindows:    0. 'Intel(R) HD Graphics 620' (P:1 D:1)
[2019.01.20-12.30.44:636][  0]LogWindows:    1. 'Intel(R) HD Graphics 620' (P:0 D:0)
[2019.01.20-12.30.44:637][  0]LogWindows:    2. 'Intel(R) HD Graphics 620' (P:0 D:0)
[2019.01.20-12.30.44:637][  0]LogWindows: DebugString: PrimaryIsNotTheChoosenAdapter PrimaryIsNotTheChoosenAdapter PrimaryIsNotTheChoosenAdapter FoundDriverCount:0 
[2019.01.20-12.30.44:637][  0]LogD3D11RHI:     Adapter Name: NVIDIA GeForce GTX 950M
[2019.01.20-12.30.44:637][  0]LogD3D11RHI:   Driver Version: Unknown (internal:Unknown, unified:Unknown)
[2019.01.20-12.30.44:637][  0]LogD3D11RHI:      Driver Date: Unknown
[2019.01.20-12.30.44:637][  0]LogRHI: Texture pool is 2843 MB (70% of 4062 MB)
[2019.01.20-12.30.44:654][  0]LogD3D11RHI: Async texture creation enabled
[2019.01.20-12.30.44:665][  0]LogD3D11RHI: GPU Timing Frequency: 1000.000000 (Debug: 2 1)
[2019.01.20-12.30.44:985][  0]LogTemp: Display: Loaded TP AllDesktopTargetPlatform
[2019.01.20-12.30.44:999][  0]LogTemp: Display: Loaded TP MacClientTargetPlatform
[2019.01.20-12.30.45:017][  0]LogTemp: Display: Loaded TP MacNoEditorTargetPlatform
[2019.01.20-12.30.45:030][  0]LogTemp: Display: Loaded TP MacServerTargetPlatform
[2019.01.20-12.30.45:082][  0]LogTemp: Display: Loaded TP MacTargetPlatform
[2019.01.20-12.30.45:099][  0]LogTemp: Display: Loaded TP WindowsClientTargetPlatform
[2019.01.20-12.30.45:116][  0]LogTemp: Display: Loaded TP WindowsNoEditorTargetPlatform
[2019.01.20-12.30.45:129][  0]LogTemp: Display: Loaded TP WindowsServerTargetPlatform
[2019.01.20-12.30.45:136][  0]LogTemp: Display: Loaded TP WindowsTargetPlatform
[2019.01.20-12.30.45:231][  0]LogTemp: Display: Loaded TP AndroidTargetPlatform
[2019.01.20-12.30.45:231][  0]LogTemp: Display: Loaded TP AndroidTargetPlatform
[2019.01.20-12.30.45:231][  0]LogTemp: Display: Loaded TP AndroidTargetPlatform
[2019.01.20-12.30.45:231][  0]LogTemp: Display: Loaded TP AndroidTargetPlatform
[2019.01.20-12.30.45:231][  0]LogTemp: Display: Loaded TP AndroidTargetPlatform
[2019.01.20-12.30.45:231][  0]LogTemp: Display: Loaded TP AndroidTargetPlatform
[2019.01.20-12.30.45:231][  0]LogTemp: Display: Loaded TP AndroidTargetPlatform
[2019.01.20-12.30.45:231][  0]LogTemp: Display: Loaded TP AndroidTargetPlatform
[2019.01.20-12.30.45:231][  0]LogTemp: Display: Loaded TP AndroidTargetPlatform
[2019.01.20-12.30.45:231][  0]LogTemp: Display: Loaded TP AndroidTargetPlatform
[2019.01.20-12.30.45:231][  0]LogTemp: Display: Loaded TP AndroidTargetPlatform
[2019.01.20-12.30.45:231][  0]LogTemp: Display: Loaded TP AndroidTargetPlatform
[2019.01.20-12.30.45:231][  0]LogTemp: Display: Loaded TP AndroidTargetPlatform
[2019.01.20-12.30.45:231][  0]LogTemp: Display: Loaded TP AndroidTargetPlatform
[2019.01.20-12.30.45:231][  0]LogTemp: Display: Loaded TP AndroidTargetPlatform
[2019.01.20-12.30.45:231][  0]LogTemp: Display: Loaded TP AndroidTargetPlatform
[2019.01.20-12.30.45:231][  0]LogTemp: Display: Loaded TP AndroidTargetPlatform
[2019.01.20-12.30.45:231][  0]LogTemp: Display: Loaded TP AndroidTargetPlatform
[2019.01.20-12.30.45:232][  0]LogTemp: Display: Loaded TP HTML5TargetPlatform
[2019.01.20-12.30.45:305][  0]LogTemp: Display: Loaded TP IOSTargetPlatform
[2019.01.20-12.30.45:305][  0]LogTemp: Display: Loaded TP IOSTargetPlatform
[2019.01.20-12.30.45:332][  0]LogTemp: Display: Loaded TP TVOSTargetPlatform
[2019.01.20-12.30.45:332][  0]LogTemp: Display: Loaded TP TVOSTargetPlatform
[2019.01.20-12.30.45:348][  0]LogTemp: Display: Loaded TP LinuxClientTargetPlatform
[2019.01.20-12.30.45:363][  0]LogTemp: Display: Loaded TP LinuxNoEditorTargetPlatform
[2019.01.20-12.30.45:378][  0]LogTemp: Display: Loaded TP LinuxServerTargetPlatform
[2019.01.20-12.30.45:414][  0]LogTemp: Display: Loaded TP LinuxTargetPlatform
[2019.01.20-12.30.45:469][  0]LogTemp: Display: Loaded TP LuminTargetPlatform
[2019.01.20-12.30.45:469][  0]LogTemp: Display: Loaded TP LuminTargetPlatform
[2019.01.20-12.30.45:469][  0]LogTargetPlatformManager: Display: Building Assets For Windows
[2019.01.20-12.30.45:533][  0]LogShaderCompilers: Guid format shader working directory is 12 characters bigger than the processId version (D:/Projects/GitHub/ParallelNoteV1/Intermediate/Shaders/WorkingDirectory/1016/).
[2019.01.20-12.30.45:533][  0]LogShaderCompilers: Cleaned the shader compiler working directory 'C:/Users/Disc/AppData/Local/Temp/UnrealShaderWorkingDir/BDA2A9274EB8514757F3FC97A0786A45/'.
[2019.01.20-12.30.45:536][  0]LogXGEController: Cannot use XGE Controller as Incredibuild is not installed on this machine.
[2019.01.20-12.30.45:536][  0]LogShaderCompilers: Cannot use XGE Shader Compiler as Incredibuild is not installed on this machine.
[2019.01.20-12.30.45:536][  0]LogShaderCompilers: Display: Using Local Shader Compiler.
[2019.01.20-12.30.48:728][  0]LogDerivedDataCache: Display: Max Cache Size: 512 MB
[2019.01.20-12.30.49:090][  0]LogDerivedDataCache: Loaded boot cache 0.36s 71MB C:/Users/Disc/AppData/Local/UnrealEngine/4.21/DerivedDataCache/Boot.ddc.
[2019.01.20-12.30.49:090][  0]LogDerivedDataCache: Display: Loaded Boot cache: C:/Users/Disc/AppData/Local/UnrealEngine/4.21/DerivedDataCache/Boot.ddc
[2019.01.20-12.30.49:090][  0]LogDerivedDataCache: FDerivedDataBackendGraph:  Pak pak cache file D:/Projects/GitHub/ParallelNoteV1/DerivedDataCache/DDC.ddp not found, will not use a pak cache.
[2019.01.20-12.30.49:090][  0]LogDerivedDataCache: Unable to find inner node Pak for hierarchical cache Hierarchy.
[2019.01.20-12.30.49:090][  0]LogDerivedDataCache: FDerivedDataBackendGraph:  CompressedPak pak cache file D:/Projects/GitHub/ParallelNoteV1/DerivedDataCache/Compressed.ddp not found, will not use a pak cache.
[2019.01.20-12.30.49:090][  0]LogDerivedDataCache: Unable to find inner node CompressedPak for hierarchical cache Hierarchy.
[2019.01.20-12.30.49:108][  0]LogDerivedDataCache: Display: Pak cache opened for reading ../../../Engine/DerivedDataCache/Compressed.ddp.
[2019.01.20-12.30.49:108][  0]LogDerivedDataCache: FDerivedDataBackendGraph:  EnterprisePak pak cache file ../../../Enterprise/DerivedDataCache/Compressed.ddp not found, will not use a pak cache.
[2019.01.20-12.30.49:108][  0]LogDerivedDataCache: Unable to find inner node EnterprisePak for hierarchical cache Hierarchy.
[2019.01.20-12.30.49:120][  0]LogDerivedDataCache: Using Local data cache path C:/Users/Disc/AppData/Local/UnrealEngine/Common/DerivedDataCache: Writable
[2019.01.20-12.30.49:120][  0]LogDerivedDataCache: Shared data cache path not found in *engine.ini, will not use an Shared cache.
[2019.01.20-12.30.49:120][  0]LogDerivedDataCache: Unable to find inner node Shared for hierarchical cache Hierarchy.
[2019.01.20-12.30.49:146][  0]LogMaterial: Verifying Global Shaders for PCD3D_SM5
[2019.01.20-12.30.49:147][  0]LogSlate: Using FreeType 2.6.0
[2019.01.20-12.30.49:186][  0]LogSlate: SlateFontServices - WITH_FREETYPE: 1, WITH_HARFBUZZ: 1
[2019.01.20-12.30.51:091][  0]LogAssetRegistry: FAssetRegistry took 0.0341 seconds to start up
[2019.01.20-12.30.51:475][  0]LogInit: Selected Device Profile: [Windows]
[2019.01.20-12.30.51:558][  0]LogSimplygon: Simplygon DLL not present - disabling.
[2019.01.20-12.30.51:562][  0]LogMeshReduction: Using SimplygonSwarm for distributed automatic mesh merging
[2019.01.20-12.30.51:562][  0]LogMeshReduction: Using ProxyLODMeshReduction for automatic mesh merging
[2019.01.20-12.30.51:562][  0]LogMeshReduction: Using QuadricMeshReduction for automatic static mesh reduction
[2019.01.20-12.30.51:562][  0]LogMeshReduction: No automatic skeletal mesh reduction module available
[2019.01.20-12.30.51:682][  0]LogNetVersion: twod_side_scroller 1.0.0, NetCL: 4541578, EngineNetVer: 5, GameNetVer: 0 (Checksum: 1352874393)
[2019.01.20-12.30.52:372][  0]LogPackageLocalizationCache: Processed 11 localized package path(s) for 2 prioritized culture(s) in 0.178816 seconds
[2019.01.20-12.30.52:380][  0]LogUObjectArray: 39775 objects as part of root set at end of initial load.
[2019.01.20-12.30.52:380][  0]LogUObjectAllocator: 6914656 out of 0 bytes used by permanent object pool.
[2019.01.20-12.30.52:380][  0]LogUObjectArray: CloseDisregardForGC: 0/0 objects in disregard for GC pool
[2019.01.20-12.31.21:221][  0]LogTcpMessaging: Initializing TcpMessaging bridge
[2019.01.20-12.31.21:235][  0]LogUdpMessaging: Initializing bridge on interface 0.0.0.0:0 to multicast group 230.0.0.1:6666.
[2019.01.20-12.31.22:094][  0]SourceControl: Source control is disabled
[2019.01.20-12.31.22:094][  0]SourceControl: Source control is disabled
[2019.01.20-12.31.22:095][  0]SourceControl: Source control is disabled
[2019.01.20-12.31.22:096][  0]SourceControl: Source control is disabled
[2019.01.20-12.31.22:282][  0]LogAndroidPermission: UAndroidPermissionCallbackProxy::GetInstance
[2019.01.20-12.31.22:329][  0]LogOcInput: OculusInput pre-init called
[2019.01.20-12.31.22:521][  0]LogEngine: Initializing Engine...
[2019.01.20-12.31.22:522][  0]LogHMD: Failed to initialize OpenVR with code 110
[2019.01.20-12.31.22:523][  0]LogStats: UGameplayTagsManager::ConstructGameplayTagTree: ImportINI prefixes -  0.000 s
[2019.01.20-12.31.22:524][  0]LogStats: UGameplayTagsManager::ConstructGameplayTagTree: Construct from data asset -  0.000 s
[2019.01.20-12.31.22:524][  0]LogStats: UGameplayTagsManager::ConstructGameplayTagTree: ImportINI -  0.000 s
[2019.01.20-12.31.22:524][  0]LogStats: UGameplayTagsManager::ConstructGameplayTagTree: GameplayTagTreeChangedEvent.Broadcast -  0.000 s
[2019.01.20-12.31.22:807][  0]LogInit: Initializing FReadOnlyCVARCache
[2019.01.20-12.31.22:828][  0]LogAIModule: Creating AISystem for world Untitled
[2019.01.20-12.31.22:847][  0]LogInit: XAudio2 using 'Speakers (Realtek High Definition Audio)' : 2 channels at 48 kHz using 32 bits per sample (channel mask 0x3)
[2019.01.20-12.31.22:865][  0]LogInit: FAudioDevice initialized.
[2019.01.20-12.31.22:865][  0]LogNetVersion: Set ProjectVersion to 1.0.0.0. Version Checksum will be recalculated on next use.
[2019.01.20-12.31.23:478][  0]LogDerivedDataCache: Saved boot cache 0.61s 71MB C:/Users/Disc/AppData/Local/UnrealEngine/4.21/DerivedDataCache/Boot.ddc.
[2019.01.20-12.31.23:492][  0]LogInit: Texture streaming: Enabled
[2019.01.20-12.31.23:510][  0]LogEngineSessionManager: EngineSessionManager initialized
[2019.01.20-12.31.23:530][  0]LogInit: Transaction tracking system initialized
[2019.01.20-12.31.23:566][  0]BlueprintLog: New page: Editor Load
[2019.01.20-12.31.23:721][  0]LocalizationService: Localization service is disabled
[2019.01.20-12.31.24:774][  0]LogFileCache: Scanning file cache for directory 'D:/Projects/GitHub/ParallelNoteV1/Content/' took 0.17s
[2019.01.20-12.31.24:774][  0]LogCook: Display: Max memory allowance for cook 16384mb min free memory 0mb
[2019.01.20-12.31.24:774][  0]LogCook: Display: Mobile HDR setting 0
[2019.01.20-12.31.24:774][  0]LogGameplayTags: Display: UGameplayTagsManager::DoneAddingNativeTags. DelegateIsBound: 0
[2019.01.20-12.31.24:775][  0]LogStats: UGameplayTagsManager::ConstructGameplayTagTree: ImportINI prefixes -  0.000 s
[2019.01.20-12.31.24:775][  0]LogStats: UGameplayTagsManager::ConstructGameplayTagTree: Construct from data asset -  0.000 s
[2019.01.20-12.31.24:775][  0]LogStats: UGameplayTagsManager::ConstructGameplayTagTree: ImportINI -  0.000 s
[2019.01.20-12.31.24:775][  0]LogStats: UGameplayTagsManager::ConstructGameplayTagTree: GameplayTagTreeChangedEvent.Broadcast -  0.000 s
[2019.01.20-12.31.25:366][  0]SourceControl: Source control is disabled
[2019.01.20-12.31.25:366][  0]Cmd: MAP LOAD FILE="D:/Projects/GitHub/ParallelNoteV1/Content/2DSideScrollerBP/Maps/2DSideScrollerExampleMap.umap" TEMPLATE=0 SHOWPROGRESS=1 FEATURELEVEL=3
[2019.01.20-12.31.25:366][  0]LightingResults: New page: Lighting Build
[2019.01.20-12.31.25:369][  0]MapCheck: New page: Map Check
[2019.01.20-12.31.25:369][  0]LightingResults: New page: Lighting Build
[2019.01.20-12.31.25:892][  0]LogAIModule: Creating AISystem for world 2DSideScrollerExampleMap
[2019.01.20-12.31.25:899][  0]LogEditorServer: Finished looking for orphan Actors (0.000 secs)
[2019.01.20-12.31.25:923][  0]Cmd: MAP CHECKDEP NOCLEARLOG
[2019.01.20-12.31.25:924][  0]MapCheck: Map check complete: 0 Error(s), 0 Warning(s), took 0.103ms to complete.
[2019.01.20-12.31.25:924][  0]LogFileHelpers: Loading map '2DSideScrollerExampleMap' took 0.558
[2019.01.20-12.31.26:183][  0]LogSlate: Updating window title bar state: overlay mode, drag disabled, window buttons hidden, title bar hidden
[2019.01.20-12.31.26:191][  0]LogSlate: Updating window title bar state: overlay mode, drag disabled, window buttons hidden, title bar hidden
[2019.01.20-12.31.26:198][  0]LogSlate: Updating window title bar state: overlay mode, drag disabled, window buttons hidden, title bar hidden
[2019.01.20-12.31.26:206][  0]LogSlate: Updating window title bar state: overlay mode, drag disabled, window buttons hidden, title bar hidden
[2019.01.20-12.31.26:213][  0]LogCollectionManager: Loaded 0 collections in 0.002269 seconds
[2019.01.20-12.31.26:229][  0]LogFileCache: Scanning file cache for directory 'D:/Projects/GitHub/ParallelNoteV1/Saved/Collections/' took 0.01s
[2019.01.20-12.31.26:229][  0]LogFileCache: Scanning file cache for directory 'D:/Projects/GitHub/ParallelNoteV1/Content/Developers/Disc/Collections/' took 0.00s
[2019.01.20-12.31.26:230][  0]LogFileCache: Scanning file cache for directory 'D:/Projects/GitHub/ParallelNoteV1/Content/Collections/' took 0.00s
[2019.01.20-12.31.26:230][  0]LogCollectionManager: Rebuilt the GUID cache for 0 collections in 0.000000 seconds
[2019.01.20-12.31.26:237][  0]LogContentBrowser: Native class hierarchy populated in 0.0086 seconds. Added 2651 classes and 620 folders.
[2019.01.20-12.31.26:247][  0]LogContentBrowser: Native class hierarchy updated for 'WidgetCarousel' in 0.0004 seconds. Added 0 classes and 0 folders.
[2019.01.20-12.31.26:290][  0]LogPakFile: Registered encryption key '00000000000000000000000000000000': 0 pak files mounted, 0 remain pending
[2019.01.20-12.31.26:290][  0]LogPakFile: Registered encryption key '00000000000000000000000000000000': 0 pak files mounted, 0 remain pending
[2019.01.20-12.31.26:291][  0]LogPakFile: Registered encryption key '00000000000000000000000000000000': 0 pak files mounted, 0 remain pending
[2019.01.20-12.31.26:291][  0]LogPakFile: Registered encryption key '00000000000000000000000000000000': 0 pak files mounted, 0 remain pending
[2019.01.20-12.31.26:292][  0]LogPakFile: Registered encryption key '00000000000000000000000000000000': 0 pak files mounted, 0 remain pending
[2019.01.20-12.31.26:293][  0]LogPakFile: Registered encryption key '00000000000000000000000000000000': 0 pak files mounted, 0 remain pending
[2019.01.20-12.31.26:294][  0]LogPakFile: Registered encryption key '00000000000000000000000000000000': 0 pak files mounted, 0 remain pending
[2019.01.20-12.31.26:295][  0]LogPakFile: Registered encryption key '00000000000000000000000000000000': 0 pak files mounted, 0 remain pending
[2019.01.20-12.31.26:295][  0]LogPakFile: Registered encryption key '00000000000000000000000000000000': 0 pak files mounted, 0 remain pending
[2019.01.20-12.31.26:296][  0]LogPakFile: Registered encryption key '00000000000000000000000000000000': 0 pak files mounted, 0 remain pending
[2019.01.20-12.31.26:296][  0]LogPakFile: Registered encryption key '00000000000000000000000000000000': 0 pak files mounted, 0 remain pending
[2019.01.20-12.31.26:297][  0]LogPakFile: Registered encryption key '00000000000000000000000000000000': 0 pak files mounted, 0 remain pending
[2019.01.20-12.31.26:297][  0]LogPakFile: Registered encryption key '00000000000000000000000000000000': 0 pak files mounted, 0 remain pending
[2019.01.20-12.31.26:298][  0]LogPakFile: Registered encryption key '00000000000000000000000000000000': 0 pak files mounted, 0 remain pending
[2019.01.20-12.31.26:298][  0]LogPakFile: Registered encryption key '00000000000000000000000000000000': 0 pak files mounted, 0 remain pending
[2019.01.20-12.31.26:299][  0]LogPakFile: Registered encryption key '00000000000000000000000000000000': 0 pak files mounted, 0 remain pending
[2019.01.20-12.31.26:299][  0]LogPakFile: Registered encryption key '00000000000000000000000000000000': 0 pak files mounted, 0 remain pending
[2019.01.20-12.31.26:299][  0]LogPakFile: Registered encryption key '00000000000000000000000000000000': 0 pak files mounted, 0 remain pending
[2019.01.20-12.31.26:300][  0]LogPakFile: Registered encryption key '00000000000000000000000000000000': 0 pak files mounted, 0 remain pending
[2019.01.20-12.31.26:300][  0]LogPakFile: Registered encryption key '00000000000000000000000000000000': 0 pak files mounted, 0 remain pending
[2019.01.20-12.31.26:301][  0]LogPakFile: Registered encryption key '00000000000000000000000000000000': 0 pak files mounted, 0 remain pending
[2019.01.20-12.31.26:301][  0]LogPakFile: Registered encryption key '00000000000000000000000000000000': 0 pak files mounted, 0 remain pending
[2019.01.20-12.31.26:302][  0]LogPakFile: Registered encryption key '00000000000000000000000000000000': 0 pak files mounted, 0 remain pending
[2019.01.20-12.31.26:302][  0]LogPakFile: Registered encryption key '00000000000000000000000000000000': 0 pak files mounted, 0 remain pending
[2019.01.20-12.31.26:303][  0]LogPakFile: Registered encryption key '00000000000000000000000000000000': 0 pak files mounted, 0 remain pending
[2019.01.20-12.31.26:303][  0]LogPakFile: Registered encryption key '00000000000000000000000000000000': 0 pak files mounted, 0 remain pending
[2019.01.20-12.31.27:036][  0]LogContentBrowser: Native class hierarchy updated for 'AddContentDialog' in 0.0003 seconds. Added 0 classes and 0 folders.
[2019.01.20-12.31.27:040][  0]LogContentBrowser: Native class hierarchy updated for 'SceneOutliner' in 0.0003 seconds. Added 1 classes and 2 folders.
[2019.01.20-12.31.27:096][  0]LogContentBrowser: Native class hierarchy updated for 'HierarchicalLODOutliner' in 0.0004 seconds. Added 0 classes and 0 folders.
[2019.01.20-12.31.27:096][  0]LogLoad: (Engine Initialization) Total time: 52.74 seconds
[2019.01.20-12.31.27:096][  0]LogLoad: (Engine Initialization) Total Blueprint compile time: 0.00 seconds
[2019.01.20-12.31.27:167][  0]LogContentStreaming: Texture pool size now 1000 MB
[2019.01.20-12.31.27:168][  0]LogSlate: Took 0.000217 seconds to synchronously load lazily loaded font '../../../Engine/Content/Slate/Fonts/Roboto-Regular.ttf' (155K)
[2019.01.20-12.31.27:170][  0]LogSlate: Took 0.000164 seconds to synchronously load lazily loaded font '../../../Engine/Content/Slate/Fonts/Roboto-Bold.ttf' (160K)
[2019.01.20-12.31.27:241][  0]LogSlate: Took 0.065701 seconds to synchronously load lazily loaded font '../../../Engine/Content/Editor/Slate/Fonts/FontAwesome.ttf' (139K)
[2019.01.20-12.31.27:404][  0]LogRenderer: Reallocating scene render targets to support 804x312 Format 10 NumSamples 1 (Frame:1).
[2019.01.20-12.31.27:450][  0]LogSlate: Took 0.000176 seconds to synchronously load lazily loaded font '../../../Engine/Content/Slate/Fonts/Roboto-Light.ttf' (167K)
[2019.01.20-12.31.27:527][  1]LogAssetRegistry: Asset discovery search completed in 36.4587 seconds
[2019.01.20-12.31.27:529][  1]LogCollectionManager: Rebuilt the object cache for 0 collections in 0.000000 seconds (found 0 objects)
[2019.01.20-12.31.27:529][  1]LogCollectionManager: Fixed up redirectors for 0 collections in 0.000054 seconds (updated 0 objects)
[2019.01.20-12.31.28:506][  4]LogSlate: Took 0.000224 seconds to synchronously load lazily loaded font '../../../Engine/Content/Slate/Fonts/Roboto-Light.ttf' (167K)
[2019.01.20-12.31.41:899][ 44]LogSlate: FSceneViewport::OnFocusLost() reason 0
[2019.01.20-12.31.43:955][167]LogSlate: FSceneViewport::OnFocusLost() reason 0
[2019.01.20-12.31.50:640][552]LogRenderer: Reallocating scene render targets to support 856x324 Format 10 NumSamples 1 (Frame:4).
[2019.01.20-12.32.40:025][568]LogEditorViewport: Clicking on Actor (context menu): PaperSpriteActor (BG_Sprite)
[2019.01.20-12.32.41:306][568]LogSlate: FSceneViewport::OnFocusLost() reason 2
[2019.01.20-12.32.41:404][568]LogEditorViewport: Clicking on Actor (LMB): PaperSpriteActor (BG_Sprite)
[2019.01.20-12.32.42:009][578]LogEditorViewport: Clicking on Actor (context menu): PaperSpriteActor (BG_Sprite)
[2019.01.20-12.32.42:052][578]LogSlate: FSceneViewport::OnFocusLost() reason 2
[2019.01.20-12.32.51:853][158]LogEditorViewport: Clicking on Actor (context menu): PaperSpriteActor (BG_Sprite)
[2019.01.20-12.32.51:892][158]LogSlate: FSceneViewport::OnFocusLost() reason 2
[2019.01.20-12.34.28:517][313]LogEditorViewport: Clicking on Actor (LMB): PaperSpriteActor (LeftEdge)
[2019.01.20-12.34.32:509][543]Cmd: DELETE
[2019.01.20-12.34.32:509][543]Cmd: ACTOR DELETE
[2019.01.20-12.34.32:550][543]LogEditorActor: Deleted Actor: PaperSpriteActor
[2019.01.20-12.34.32:590][543]LogEditorActor: Deleted 1 Actors (0.076 secs)
[2019.01.20-12.34.33:897][621]LogEditorViewport: Clicking on Actor (LMB): PaperSpriteActor (RightEdge)
[2019.01.20-12.34.34:876][676]Cmd: DELETE
[2019.01.20-12.34.34:876][676]Cmd: ACTOR DELETE
[2019.01.20-12.34.34:879][676]LogEditorActor: Deleted Actor: PaperSpriteActor
[2019.01.20-12.34.34:904][676]LogEditorActor: Deleted 1 Actors (0.027 secs)
[2019.01.20-12.34.35:831][732]LogEditorViewport: Clicking on Actor (LMB): PaperSpriteActor (BG_Sprite)
[2019.01.20-12.34.36:451][766]LogSlate: FSceneViewport::OnFocusLost() reason 0
[2019.01.20-12.34.39:250][895]LogSavePackage: Moving 'D:/Projects/GitHub/ParallelNoteV1/Saved/2DSideScrollerExampleMap28FD6382425979010F91D3ACE36D1ED1.tmp' to 'D:/Projects/GitHub/ParallelNoteV1/Content/2DSideScrollerBP/Maps/2DSideScrollerExampleMap.umap'
[2019.01.20-12.34.39:312][895]LogSavePackage: Moving 'D:/Projects/GitHub/ParallelNoteV1/Saved/2DSideScrollerExampleMap_BuiltDaCEDD738C441F8D61A517F6A73FA798A9.tmp' to 'D:/Projects/GitHub/ParallelNoteV1/Content/2DSideScrollerBP/Maps/2DSideScrollerExampleMap_BuiltData.uasset'
